[+] Containers:
 |- [+] Container: /Game/WilliamStuff/Levels/2dSectionTest
 |   |- [+] ActorDescs:
 |   |   |- Guid:0AAF90C8429C2548D9EA8A8F3502641E BaseClass: NativeClass:/Script/Engine.PostProcessVolume Name:PostProcessVolume_0 Label:PostProcessVolume SpatiallyLoaded:0 Bounds:IsValid=true, Min=(X=2250.000 Y=1820.000 Z=400.000), Max=(X=2450.000 Y=2020.000 Z=600.000) RuntimeGrid:None EditorOnly:0 RuntimeOnly:0 HLODRelevant:0 FolderPath:Lighting FolderGuid:963EC3EB4002CCE9759E2EBA541A873A
 |   |   |- Guid:0CBAC1734A99A7B94F8EEBA6C5B119F7 BaseClass:/Game/WilliamStuff/Materials+Assets/SafeCorners.SafeCorners_C NativeClass:/Script/Engine.Actor Name:SafeCorners_C_UAID_04D4C404ED0EC66701_1368424778 Label:SafeCorners SpatiallyLoaded:1 Bounds:IsValid=true, Min=(X=1044.584 Y=1303.351 Z=5.802), Max=(X=1144.584 Y=1931.476 Z=524.552) RuntimeGrid:None EditorOnly:0 RuntimeOnly:0 HLODRelevant:0
 |   |   |- Guid:10819B0B41F3411D6E3FBD8186C25869 BaseClass:/Game/DylanStuff/Push/BP_MoveableObject.BP_MoveableObject_C NativeClass:/Script/Engine.Actor Name:BP_MoveableObject_C_UAID_04D4C401432E666801_1910511935 Label:BP_MoveableObject SpatiallyLoaded:1 Bounds:IsValid=true, Min=(X=767.344 Y=1664.206 Z=5.920), Max=(X=864.382 Y=1761.712 Z=144.130) RuntimeGrid:None EditorOnly:0 RuntimeOnly:0 HLODRelevant:0
 |   |   |- Guid:1456C6754DB3BBC73A8A3B8C7F5E8A88 BaseClass:/Game/WilliamStuff/Ai/SeekingAI/AISweeping/EndAISweep.EndAISweep_C NativeClass:/Script/Engine.Actor Name:EndAISweep_C_UAID_04D4C404EE25016A01_1715002282 Label:EndAISweep SpatiallyLoaded:1 Bounds:IsValid=true, Min=(X=85.173 Y=5235.233 Z=-16.834), Max=(X=1030.162 Y=5299.233 Z=454.308) RuntimeGrid:None EditorOnly:0 RuntimeOnly:0 HLODRelevant:0
 |   |   |- Guid:154B62D54A79E4B6F36937AC697FF95C BaseClass:/Game/WilliamStuff/Ai/SeekingAI/AiObject_PatrolPathPoint.AiObject_PatrolPathPoint_C NativeClass:/Script/Engine.Actor Name:AiObject_PatrolPathPoint_C_UAID_04D4C404EE25026A01_1314605459 Label:AiObject_PatrolPathPoint3 SpatiallyLoaded:1 Bounds:IsValid=true, Min=(X=1962.126 Y=4079.378 Z=-2883.998), Max=(X=2395.511 Y=4350.917 Z=-2612.459) RuntimeGrid:None EditorOnly:0 RuntimeOnly:0 HLODRelevant:0
 |   |   |- Guid:18778BB54092BC8FDCECDDA81B11C62C BaseClass: NativeClass:/Script/Engine.DirectionalLight Name:DirectionalLight_0 Label:DirectionalLight SpatiallyLoaded:0 Bounds:IsValid=true, Min=(X=-1048576.000 Y=-1048576.000 Z=-1048576.000), Max=(X=1048576.000 Y=1048576.000 Z=1048576.000) RuntimeGrid:None EditorOnly:0 RuntimeOnly:0 HLODRelevant:0 FolderPath:Lighting FolderGuid:963EC3EB4002CCE9759E2EBA541A873A
 |   |   |- Guid:1B3B743D4336644E976C9184764B4365 BaseClass:/Game/WilliamStuff/Ai/SeekingAI/AiObject_PatrolPathPoint.AiObject_PatrolPathPoint_C NativeClass:/Script/Engine.Actor Name:AiObject_PatrolPathPoint_C_UAID_04D4C404EE25026A01_1321788460 Label:AiObject_PatrolPathPoint4 SpatiallyLoaded:1 Bounds:IsValid=true, Min=(X=1418.822 Y=3714.858 Z=-2883.998), Max=(X=1852.207 Y=3986.397 Z=-2612.459) RuntimeGrid:None EditorOnly:0 RuntimeOnly:0 HLODRelevant:0
 |   |   |- Guid:22DCA1674565FD2C3D72D587886C4A86 BaseClass:/Game/WilliamStuff/Ai/SeekingAI/AiObject_PatrolPathPoint.AiObject_PatrolPathPoint_C NativeClass:/Script/Engine.Actor Name:AiObject_PatrolPathPoint_C_UAID_04D4C404EE25F86901_2103672690 Label:AiObject_PatrolPathPoint SpatiallyLoaded:1 Bounds:IsValid=true, Min=(X=1962.126 Y=4303.737 Z=-2883.998), Max=(X=2395.511 Y=4575.276 Z=-2612.459) RuntimeGrid:None EditorOnly:0 RuntimeOnly:0 HLODRelevant:0
 |   |   |- Guid:277607DA4281E4123FDD5589F1B83E68 BaseClass: NativeClass:/Script/Engine.CameraActor Name:CameraActor_UAID_04D4C404EE25AD7F01_1417213719 Label:CameraActor SpatiallyLoaded:1 Bounds:IsValid=true, Min=(X=-3557.432 Y=-2127.978 Z=847.668), Max=(X=-3557.432 Y=-2127.978 Z=847.668) RuntimeGrid:None EditorOnly:0 RuntimeOnly:0 HLODRelevant:0 Parent:97FC9312410469DA28F93AA44D276585
 |   |   |- Guid:27F50EBC477FD156FB7E37853197E472 BaseClass: NativeClass:/Script/Engine.SkyLight Name:SkyLight_1 Label:SkyLight SpatiallyLoaded:0 Bounds:IsValid=true, Min=(X=0.000 Y=0.000 Z=690.000), Max=(X=0.000 Y=0.000 Z=690.000) RuntimeGrid:None EditorOnly:0 RuntimeOnly:0 HLODRelevant:0 FolderPath:Lighting FolderGuid:963EC3EB4002CCE9759E2EBA541A873A
 |   |   |- Guid:282623234BEBA26463901490FF075CEA BaseClass:/Game/WilliamStuff/Materials+Assets/InvisBarrior.InvisBarrior_C NativeClass:/Script/Engine.Actor Name:InvisBarrior_C_UAID_7486E236B8A6488001_1895345001 Label:InvisBarrior4 SpatiallyLoaded:1 Bounds:IsValid=true, Min=(X=-12902.456 Y=5185.208 Z=-358.386), Max=(X=-5252.456 Y=5285.208 Z=791.614) RuntimeGrid:None EditorOnly:0 RuntimeOnly:0 HLODRelevant:0
 |   |   |- Guid:322330CC4CEF001B7ED38C9F1A5ABB05 BaseClass:/Game/WilliamStuff/Ai/SeekingAI/SeekingAI/SeekingAI.SeekingAI_C NativeClass:/Script/Engine.Character Name:SeekingAI_C_UAID_04D4C404EE25F16501_1421879237 Label:SeekingAI SpatiallyLoaded:1 Bounds:IsValid=true, Min=(X=-6329.402 Y=363.709 Z=-2769.646), Max=(X=-613.055 Y=4191.311 Z=2890.124) RuntimeGrid:None EditorOnly:0 RuntimeOnly:0 HLODRelevant:0
 |   |   |- Guid:3B643FB942418503F6AD56B4EED64080 BaseClass: NativeClass:/Script/Engine.StaticMeshActor Name:StaticMeshActor_UAID_7486E236B8A6567301_1222389735 Label:alien_with_textures SpatiallyLoaded:1 Bounds:IsValid=true, Min=(X=-1645.465 Y=2499.149 Z=-2759.250), Max=(X=-1187.845 Y=2810.622 Z=-2227.779) RuntimeGrid:None EditorOnly:0 RuntimeOnly:0 HLODRelevant:1
 |   |   |- Guid:3D7CFEF54CBE6D685CC076B817B54033 BaseClass: NativeClass:/Script/LevelSequence.LevelSequenceActor Name:LevelSequenceActor_UAID_04D4C401432E186701_1891543152 Label:BlockFal SpatiallyLoaded:0 Bounds:IsValid=true, Min=(X=1103.899 Y=4665.789 Z=895.174), Max=(X=1103.899 Y=4665.789 Z=895.174) RuntimeGrid:None EditorOnly:0 RuntimeOnly:0 HLODRelevant:0
 |   |   |- Guid:416E62134738967E78D920A0B5A5E4A4 BaseClass: NativeClass:/Script/Engine.StaticMeshActor Name:StaticMeshActor_UAID_7486E236B8A62D7C01_1749756027 Label:SM_Cube17 SpatiallyLoaded:1 Bounds:IsValid=true, Min=(X=-5413.921 Y=1080.953 Z=-50.000), Max=(X=-4288.921 Y=6605.953 Z=0.000) RuntimeGrid:None EditorOnly:0 RuntimeOnly:0 HLODRelevant:1 FolderPath:Playground FolderGuid:C73F09FC4215536B1DCE2A9E0A830C70
 |   |   |- Guid:430DD5E74E3665D8A02FA8996C52D5F1 BaseClass: NativeClass:/Script/Engine.StaticMeshActor Name:StaticMeshActor_UAID_7486E236A1C7E76401_1641856416 Label:SM_Cube5 SpatiallyLoaded:1 Bounds:IsValid=true, Min=(X=-2845.719 Y=100.000 Z=0.000), Max=(X=-2745.719 Y=1000.000 Z=400.000) RuntimeGrid:None EditorOnly:0 RuntimeOnly:0 HLODRelevant:1 FolderPath:Playground FolderGuid:C73F09FC4215536B1DCE2A9E0A830C70
 |   |   |- Guid:43A8DF8B489718D592B2D79AFA80AE09 BaseClass: NativeClass:/Script/Engine.ExponentialHeightFog Name:ExponentialHeightFog_0 Label:ExponentialHeightFog SpatiallyLoaded:0 Bounds:IsValid=true, Min=(X=-5600.000 Y=-50.000 Z=-6850.000), Max=(X=-5600.000 Y=-50.000 Z=-6850.000) RuntimeGrid:None EditorOnly:0 RuntimeOnly:0 HLODRelevant:0 FolderPath:Lighting FolderGuid:963EC3EB4002CCE9759E2EBA541A873A
 |   |   |- Guid:4A1162C34A526D6F105895A957440984 BaseClass: NativeClass:/Script/Engine.StaticMeshActor Name:StaticMeshActor_UAID_7486E236A1C7F16401_1224798193 Label:SM_Cube11 SpatiallyLoaded:1 Bounds:IsValid=true, Min=(X=1020.000 Y=1340.000 Z=0.000), Max=(X=1120.000 Y=1890.000 Z=575.000) RuntimeGrid:None EditorOnly:0 RuntimeOnly:0 HLODRelevant:1 FolderPath:Playground FolderGuid:C73F09FC4215536B1DCE2A9E0A830C70
 |   |   |- Guid:4B898CA142B076F1911CF6A03354513F BaseClass: NativeClass:/Script/Engine.TriggerBox Name:TriggerBox_UAID_04D4C404EE25AD7F01_1503641720 Label:ChangeToCamSpline SpatiallyLoaded:1 Bounds:IsValid=true, Min=(X=-3965.719 Y=28.750 Z=-17.500), Max=(X=-3665.719 Y=971.250 Z=817.500) RuntimeGrid:None EditorOnly:0 RuntimeOnly:0 HLODRelevant:0
 |   |   |- Guid:4D415C4A45137098AFB8629F668FDFCF BaseClass:/Game/WilliamStuff/Materials+Assets/InvisBarrior.InvisBarrior_C NativeClass:/Script/Engine.Actor Name:InvisBarrior_C_UAID_7486E236B8A6488001_1905574002 Label:InvisBarrior5 SpatiallyLoaded:1 Bounds:IsValid=true, Min=(X=-12408.877 Y=6612.739 Z=-358.386), Max=(X=-4008.877 Y=6712.739 Z=791.614) RuntimeGrid:None EditorOnly:0 RuntimeOnly:0 HLODRelevant:0
 |   |   |- Guid:52E7466649162B58929D299D8C58133F BaseClass:/Game/WilliamStuff/Ai/SeekingAI/AiObject_PatrolPathPoint.AiObject_PatrolPathPoint_C NativeClass:/Script/Engine.Actor Name:AiObject_PatrolPathPoint_C_UAID_04D4C404EE25F86901_2118825692 Label:AiObject_PatrolPathPoint2 SpatiallyLoaded:1 Bounds:IsValid=true, Min=(X=1958.994 Y=995.825 Z=-2883.998), Max=(X=2392.379 Y=1267.365 Z=-2612.459) RuntimeGrid:None EditorOnly:0 RuntimeOnly:0 HLODRelevant:0
 |   |   |- Guid:53EFF122446F84E13A6630BCAAC6FCFD BaseClass: NativeClass:/Script/Engine.StaticMeshActor Name:StaticMeshActor_UAID_04D4C404EE25F26501_1561866415 Label:SM_Cube9 SpatiallyLoaded:1 Bounds:IsValid=true, Min=(X=1020.000 Y=3178.599 Z=-0.000), Max=(X=1120.000 Y=3809.229 Z=740.362) RuntimeGrid:None EditorOnly:0 RuntimeOnly:0 HLODRelevant:1 FolderPath:Playground FolderGuid:C73F09FC4215536B1DCE2A9E0A830C70
 |   |   |- Guid:56C142DB4D33FF7546736683ABFC3496 BaseClass: NativeClass:/Script/Engine.Actor Name:InvisBarrior_C_UAID_04D4C404EE25EE6501_1761849703 Label:InvisBarrior SpatiallyLoaded:1 Bounds:IsValid=true, Min=(X=1005.902 Y=581.468 Z=-143.083), Max=(X=1105.902 Y=5156.523 Z=625.212) RuntimeGrid:None EditorOnly:0 RuntimeOnly:0 HLODRelevant:0
 |   |   |- Guid:590F4D5943E8821CE7A4B5B2D64F0EB1 BaseClass: NativeClass:/Script/Engine.StaticMeshActor Name:StaticMeshActor_1 Label:SM_Cube SpatiallyLoaded:1 Bounds:IsValid=true, Min=(X=0.000 Y=0.000 Z=-50.000), Max=(X=1125.000 Y=5500.000 Z=0.000) RuntimeGrid:None EditorOnly:0 RuntimeOnly:0 HLODRelevant:1 FolderPath:Playground FolderGuid:C73F09FC4215536B1DCE2A9E0A830C70
 |   |   |- Guid:634935B140E19ADE84AC6DB2F317949A BaseClass: NativeClass:/Script/NavigationSystem.NavMeshBoundsVolume Name:NavMeshBoundsVolume_UAID_04D4C404EE25AB6901_1482473135 Label:NavMeshBoundsVolume2 SpatiallyLoaded:0 Bounds:IsValid=true, Min=(X=-2816.888 Y=-1524.020 Z=-2918.439), Max=(X=8196.189 Y=9489.058 Z=-2718.439) RuntimeGrid:None EditorOnly:0 RuntimeOnly:0 HLODRelevant:0
 |   |   |- Guid:661374A74A5D133E7A22F286FE26F877 BaseClass: NativeClass:/Script/Engine.StaticMeshActor Name:StaticMeshActor_UAID_7486E236B8A6488001_1938730003 Label:SM_Cube20 SpatiallyLoaded:1 Bounds:IsValid=true, Min=(X=-14658.643 Y=4201.576 Z=-45.249), Max=(X=-11683.643 Y=7826.576 Z=4.751) RuntimeGrid:None EditorOnly:0 RuntimeOnly:0 HLODRelevant:1 FolderPath:Playground FolderGuid:C73F09FC4215536B1DCE2A9E0A830C70
 |   |   |- Guid:68F6E68944409604F8CE5993A148D604 BaseClass: NativeClass:/Script/Engine.TriggerBox Name:TriggerBox_UAID_7486E236A1C3896601_1528352986 Label:MoveBlockButtonTB SpatiallyLoaded:1 Bounds:IsValid=true, Min=(X=438.164 Y=3482.948 Z=63.411), Max=(X=1083.789 Y=3594.406 Z=193.083) RuntimeGrid:None EditorOnly:0 RuntimeOnly:0 HLODRelevant:0
 |   |   |- Guid:79C7EECD49E48D973284308236770FEA BaseClass: NativeClass:/Script/Engine.TriggerBox Name:TriggerBox_UAID_7486E236B8A6498001_1098002180 Label:Changefromsplinecamtoregcam SpatiallyLoaded:1 Bounds:IsValid=true, Min=(X=-11716.334 Y=5398.067 Z=-15.290), Max=(X=-11636.334 Y=6683.067 Z=1269.710) RuntimeGrid:None EditorOnly:0 RuntimeOnly:0 HLODRelevant:0
 |   |   |- Guid:80F97C854C0E2A0F7BC75AA39794AC9B BaseClass:/Game/WilliamStuff/Materials+Assets/SafeCorners.SafeCorners_C NativeClass:/Script/Engine.Actor Name:SafeCorners_C_UAID_04D4C404ED0EC66701_1444882779 Label:SafeCorners2 SpatiallyLoaded:1 Bounds:IsValid=true, Min=(X=1044.584 Y=2214.128 Z=-24.420), Max=(X=1144.584 Y=2839.128 Z=181.830) RuntimeGrid:None EditorOnly:0 RuntimeOnly:0 HLODRelevant:0
 |   |   |- Guid:838424214D5FD88E0B1033BB50BCE8B2 BaseClass:/Game/WilliamStuff/Materials+Assets/InvisBarrior.InvisBarrior_C NativeClass:/Script/Engine.Actor Name:InvisBarrior_C_UAID_7486E236B8A6488001_1865998000 Label:InvisBarrior3 SpatiallyLoaded:1 Bounds:IsValid=true, Min=(X=-5503.697 Y=-308.024 Z=-358.386), Max=(X=-5403.696 Y=5491.976 Z=791.614) RuntimeGrid:None EditorOnly:0 RuntimeOnly:0 HLODRelevant:0
 |   |   |- Guid:8A9A338243E1955DB4C04E9178EC1AB7 BaseClass: NativeClass:/Script/Engine.StaticMeshActor Name:StaticMeshActor_UAID_04D4C404ED0E2D6601_2002106791 Label:SM_Cube4 SpatiallyLoaded:1 Bounds:IsValid=true, Min=(X=-50.000 Y=-0.000 Z=-2362.865), Max=(X=0.000 Y=5500.000 Z=-35.680) RuntimeGrid:None EditorOnly:0 RuntimeOnly:0 HLODRelevant:1 FolderPath:Playground FolderGuid:C73F09FC4215536B1DCE2A9E0A830C70
 |   |   |- Guid:91613C174DC77B2ADC93868FF6EAC092 BaseClass:/Game/WilliamStuff/Materials+Assets/SafeCorners.SafeCorners_C NativeClass:/Script/Engine.Actor Name:SafeCorners_C_UAID_04D4C404ED0EC86701_1443980134 Label:SafeCorners SpatiallyLoaded:1 Bounds:IsValid=true, Min=(X=1008.806 Y=2217.592 Z=-15.169), Max=(X=1108.806 Y=2808.217 Z=144.206) RuntimeGrid:None EditorOnly:0 RuntimeOnly:0 HLODRelevant:0
 |   |   |- Guid:97FC9312410469DA28F93AA44D276585 BaseClass: NativeClass:/Script/CinematicCamera.CameraRig_Rail Name:CameraRig_Rail_UAID_04D4C404EE25B17F01_1596742423 Label:CameraRig_Rail SpatiallyLoaded:1 Bounds:IsValid=true, Min=(X=-11945.513 Y=-2182.853 Z=813.630), Max=(X=-3554.574 Y=4784.741 Z=1102.924) RuntimeGrid:None EditorOnly:0 RuntimeOnly:0 HLODRelevant:0
 |   |   |- Guid:9F1B65DD4F557CEAB0C08A81D6F6A262 BaseClass:/Game/WilliamStuff/Ai/SeekingAI/SeekingAI/SplineToFollow.SplineToFollow_C NativeClass:/Script/Engine.Actor Name:SplineToFollow_C_UAID_7486E236B8A64D8001_1475964879 Label:SplineToFollow SpatiallyLoaded:1 Bounds:IsValid=true, Min=(X=-10517.785 Y=1981.161 Z=273.480), Max=(X=-3000.213 Y=8078.400 Z=273.480) RuntimeGrid:None EditorOnly:0 RuntimeOnly:0 HLODRelevant:0
 |   |   |- Guid:AC6C6D424DE09A264E4E5188A642D6A8 BaseClass: NativeClass:/Script/Engine.StaticMeshActor Name:StaticMeshActor_UAID_7486E236B8A6448001_1840901296 Label:SM_Cube19 SpatiallyLoaded:1 Bounds:IsValid=true, Min=(X=-12164.678 Y=5492.180 Z=-45.249), Max=(X=-5114.678 Y=6617.180 Z=4.751) RuntimeGrid:None EditorOnly:0 RuntimeOnly:0 HLODRelevant:1 FolderPath:Playground FolderGuid:C73F09FC4215536B1DCE2A9E0A830C70
 |   |   |- Guid:AD4AAC9F4A8F324BC93B74862B8B0115 BaseClass:/Game/WilliamStuff/Camera/2D/ResetCameraMovement2D.ResetCameraMovement2D_C NativeClass:/Script/Engine.Actor Name:ResetCameraMovement2D_C_UAID_7486E236A1C7546901_1087847826 Label:ResetCameraMovement2D SpatiallyLoaded:1 Bounds:IsValid=true, Min=(X=19.005 Y=5050.026 Z=-400.996), Max=(X=1121.190 Y=5409.877 Z=400.996) RuntimeGrid:None EditorOnly:0 RuntimeOnly:0 HLODRelevant:0
 |   |   |- Guid:AEA0275A4528F9E48937C0BD25D3F566 BaseClass: NativeClass:/Script/Engine.PlayerStart Name:PlayerStart_0 Label:PlayerStart SpatiallyLoaded:0 Bounds:IsValid=true, Min=(X=-3184.215 Y=290.000 Z=0.013), Max=(X=-3104.215 Y=370.000 Z=184.013) RuntimeGrid:None EditorOnly:0 RuntimeOnly:0 HLODRelevant:0
 |   |   |- Guid:B5DEF5DA44E1E6166A753FB7022109E9 BaseClass: NativeClass:/Script/Engine.StaticMeshActor Name:StaticMeshActor_UAID_7486E236A1C7F16401_1192412190 Label:SM_Cube8 SpatiallyLoaded:1 Bounds:IsValid=true, Min=(X=1020.000 Y=2240.000 Z=0.000), Max=(X=1120.000 Y=2790.000 Z=102.033) RuntimeGrid:None EditorOnly:0 RuntimeOnly:0 HLODRelevant:1 FolderPath:Playground FolderGuid:C73F09FC4215536B1DCE2A9E0A830C70
 |   |   |- Guid:BBAAAD924ED3F10DE1067A9E8699458B BaseClass: NativeClass:/Script/Engine.StaticMeshActor Name:StaticMeshActor_UAID_04D4C404EE25F26501_1135904414 Label:Cube SpatiallyLoaded:1 Bounds:IsValid=true, Min=(X=-5748.915 Y=-1465.077 Z=-2859.200), Max=(X=1781.441 Y=7070.327 Z=-2759.200) RuntimeGrid:None EditorOnly:0 RuntimeOnly:0 HLODRelevant:1
 |   |   |- Guid:C26FE78941FCDF5943DC86ADA4A8AB03 BaseClass: NativeClass:/Script/Engine.WorldDataLayers Name:WorldDataLayers Label:WorldDataLayers-1 SpatiallyLoaded:0 Bounds:IsValid=true, Min=(X=0.000 Y=0.000 Z=0.000), Max=(X=0.000 Y=0.000 Z=0.000) RuntimeGrid:None EditorOnly:0 RuntimeOnly:0 HLODRelevant:0
 |   |   |- Guid:C91A27014ACC1CEB8CAED68FA136F99C BaseClass: NativeClass:/Script/Engine.StaticMeshActor Name:StaticMeshActor_UAID_7486E236A1C7E86401_1469360600 Label:SM_Cube7 SpatiallyLoaded:1 Bounds:IsValid=true, Min=(X=1020.000 Y=4910.000 Z=0.000), Max=(X=1120.000 Y=5810.000 Z=400.000) RuntimeGrid:None EditorOnly:0 RuntimeOnly:0 HLODRelevant:1 FolderPath:Playground FolderGuid:C73F09FC4215536B1DCE2A9E0A830C70
 |   |   |- Guid:C96F99584823FA772534CB99EAFE4545 BaseClass:/Game/WilliamStuff/Ai/SeekingAI/AiObject_PatrolPathPoint.AiObject_PatrolPathPoint_C NativeClass:/Script/Engine.Actor Name:AiObject_PatrolPathPoint_C_UAID_04D4C404EE25026A01_2039359462 Label:AiObject_PatrolPathPoint4 SpatiallyLoaded:1 Bounds:IsValid=true, Min=(X=1962.126 Y=3747.681 Z=-2883.998), Max=(X=2395.511 Y=4019.220 Z=-2612.459) RuntimeGrid:None EditorOnly:0 RuntimeOnly:0 HLODRelevant:0
 |   |   |- Guid:D62E5F12453D7B463D2FC3AC1C437AD6 BaseClass: NativeClass:/Script/Engine.StaticMeshActor Name:StaticMeshActor_UAID_7486E236A1C3896601_1333633983 Label:SM_Cube12 SpatiallyLoaded:1 Bounds:IsValid=true, Min=(X=-109.531 Y=4800.068 Z=820.754), Max=(X=1146.719 Y=4900.068 Z=952.702) RuntimeGrid:None EditorOnly:0 RuntimeOnly:0 HLODRelevant:1 FolderPath:Playground FolderGuid:C73F09FC4215536B1DCE2A9E0A830C70
 |   |   |- Guid:D7B9D8FB48371248D2286A8A3A8537CB BaseClass:/Game/WilliamStuff/Materials+Assets/InvisBarrior.InvisBarrior_C NativeClass:/Script/Engine.Actor Name:InvisBarrior_C_UAID_7486E236B8A6488001_1835682999 Label:InvisBarrior2 SpatiallyLoaded:1 Bounds:IsValid=true, Min=(X=-5633.967 Y=-99.542 Z=-358.386), Max=(X=-2708.967 Y=0.458 Z=791.614) RuntimeGrid:None EditorOnly:0 RuntimeOnly:0 HLODRelevant:0
 |   |   |- Guid:DF47B14B49555F818C31C6B16B2CF6D1 BaseClass: NativeClass:/Script/Engine.StaticMeshActor Name:StaticMeshActor_UAID_7486E236B8A6458001_1436030473 Label:StaticMeshActor SpatiallyLoaded:1 Bounds:IsValid=true, Min=(X=-1229.503 Y=5724.618 Z=-0.000), Max=(X=-1229.503 Y=5724.618 Z=-0.000) RuntimeGrid:None EditorOnly:0 RuntimeOnly:0 HLODRelevant:0
 |   |   |- Guid:E08547394CA0C2F0C7912BB1AAF4ACB7 BaseClass:/Game/WilliamStuff/Ai/SeekingAI/AISweeping/StartAISweep.StartAISweep_C NativeClass:/Script/Engine.Actor Name:StartAISweep_C_UAID_7486E236B8A64D8001_1626291880 Label:StartAISweep SpatiallyLoaded:1 Bounds:IsValid=true, Min=(X=-4153.779 Y=-206.277 Z=-447.189), Max=(X=-4089.779 Y=1201.723 Z=960.811) RuntimeGrid:None EditorOnly:0 RuntimeOnly:0 HLODRelevant:0
 |   |   |- Guid:E3F14E09484C0D75105D549E66CB1100 BaseClass: NativeClass:/Script/Engine.StaticMeshActor Name:StaticMeshActor_UAID_7486E236B8A67B7101_1268147135 Label:SM_Cube15 SpatiallyLoaded:1 Bounds:IsValid=true, Min=(X=-5417.762 Y=-0.000 Z=-50.000), Max=(X=-1592.762 Y=1125.000 Z=-0.000) RuntimeGrid:None EditorOnly:0 RuntimeOnly:0 HLODRelevant:1 FolderPath:Playground FolderGuid:C73F09FC4215536B1DCE2A9E0A830C70
 |   |   |- Guid:E5235647476C3AB297085C8267E74222 BaseClass: NativeClass:/Script/Engine.StaticMeshActor Name:StaticMeshActor_UAID_7486E236A1C7F16401_1206729192 Label:SM_Cube10 SpatiallyLoaded:1 Bounds:IsValid=true, Min=(X=63.032 Y=4907.713 Z=0.000), Max=(X=1046.719 Y=5007.713 Z=225.000) RuntimeGrid:None EditorOnly:0 RuntimeOnly:0 HLODRelevant:1 FolderPath:Playground FolderGuid:C73F09FC4215536B1DCE2A9E0A830C70
 |   |   |- Guid:E88B4D334ED01622A1613089A0249DF1 BaseClass: NativeClass:/Script/Engine.StaticMeshActor Name:StaticMeshActor_6 Label:SM_Cube3 SpatiallyLoaded:1 Bounds:IsValid=true, Min=(X=0.000 Y=5480.000 Z=0.000), Max=(X=1125.000 Y=5580.000 Z=400.000) RuntimeGrid:None EditorOnly:0 RuntimeOnly:0 HLODRelevant:1 FolderPath:Playground FolderGuid:C73F09FC4215536B1DCE2A9E0A830C70
 |   |   |- Guid:EABD5E9F4834A72E0F6EF6BEC80EB477 BaseClass: NativeClass:/Script/Engine.VolumetricCloud Name:VolumetricCloud_0 Label:VolumetricCloud SpatiallyLoaded:0 Bounds:IsValid=true, Min=(X=0.000 Y=0.000 Z=820.000), Max=(X=0.000 Y=0.000 Z=820.000) RuntimeGrid:None EditorOnly:0 RuntimeOnly:0 HLODRelevant:0 FolderPath:Lighting FolderGuid:963EC3EB4002CCE9759E2EBA541A873A
 |   |   |- Guid:EB01436E48DBA74B6015199F40EF968F BaseClass: NativeClass:/Script/Engine.SplineMeshActor Name:SplineMeshActor_UAID_04D4C404EE25AD7F01_2103828720 Label:SplineMeshActor2 SpatiallyLoaded:1 Bounds:IsValid=true, Min=(X=0.000 Y=0.000 Z=0.000), Max=(X=0.000 Y=0.000 Z=0.000) RuntimeGrid:None EditorOnly:0 RuntimeOnly:0 HLODRelevant:0
 |   |   |- Guid:ECE37992422283FECABB8EAB45938649 BaseClass: NativeClass:/Script/Engine.StaticMeshActor Name:StaticMeshActor_UAID_7486E236A1C7E86401_1469359599 Label:SM_Cube6 SpatiallyLoaded:1 Bounds:IsValid=true, Min=(X=0.000 Y=5010.000 Z=0.000), Max=(X=100.000 Y=5910.000 Z=400.000) RuntimeGrid:None EditorOnly:0 RuntimeOnly:0 HLODRelevant:1 FolderPath:Playground FolderGuid:C73F09FC4215536B1DCE2A9E0A830C70
 |   |   |- Guid:F260579D45F0DB4DBE01E09D33918C91 BaseClass: NativeClass:/Script/NavigationSystem.NavMeshBoundsVolume Name:NavMeshBoundsVolume_UAID_04D4C404EE25DE6501_2035909887 Label:NavMeshBoundsVolume SpatiallyLoaded:0 Bounds:IsValid=true, Min=(X=-1772.331 Y=-1171.667 Z=-3002.562), Max=(X=5456.334 Y=7246.358 Z=-2802.562) RuntimeGrid:None EditorOnly:0 RuntimeOnly:0 HLODRelevant:0
 |   |   |- Guid:F3F0A59F414345DBC3C598889B7AB443 BaseClass: NativeClass:/Script/Engine.TriggerBox Name:TriggerBox_UAID_7486E236B8A62E7C01_1402125205 Label:TriggerBox SpatiallyLoaded:1 Bounds:IsValid=true, Min=(X=250.000 Y=1761.250 Z=-98.750), Max=(X=330.000 Y=2418.750 Z=558.750) RuntimeGrid:None EditorOnly:0 RuntimeOnly:0 HLODRelevant:0
 |   |   |- Guid:F47CEBCF411EAD812609E4A2210AF67D BaseClass:/Game/WilliamStuff/Ai/SeekingAI/AiObject_PatrolPathPoint.AiObject_PatrolPathPoint_C NativeClass:/Script/Engine.Actor Name:AiObject_PatrolPathPoint_C_UAID_04D4C404EE25026A01_2036539461 Label:AiObject_PatrolPathPoint3 SpatiallyLoaded:1 Bounds:IsValid=true, Min=(X=1962.126 Y=4041.157 Z=-2883.998), Max=(X=2395.511 Y=4312.696 Z=-2612.459) RuntimeGrid:None EditorOnly:0 RuntimeOnly:0 HLODRelevant:0
 |   |   |- Guid:F5E039074C0B5B31F8F24ABBA73965AD BaseClass:/Game/WilliamStuff/Materials+Assets/SafeCorners.SafeCorners_C NativeClass:/Script/Engine.Actor Name:SafeCorners_C_UAID_04D4C404ED0EC66701_1454960780 Label:SafeCorners3 SpatiallyLoaded:1 Bounds:IsValid=true, Min=(X=1044.584 Y=3133.731 Z=5.802), Max=(X=1144.584 Y=3883.731 Z=524.552) RuntimeGrid:None EditorOnly:0 RuntimeOnly:0 HLODRelevant:0
 |   |   |- Guid:F89AE6CB43E9CCA689E6B68187425C59 BaseClass: NativeClass:/Script/Engine.SkyAtmosphere Name:SkyAtmosphere_0 Label:SkyAtmosphere SpatiallyLoaded:0 Bounds:IsValid=true, Min=(X=0.000 Y=0.000 Z=1020.000), Max=(X=0.000 Y=0.000 Z=1020.000) RuntimeGrid:None EditorOnly:0 RuntimeOnly:0 HLODRelevant:0 FolderPath:Lighting FolderGuid:963EC3EB4002CCE9759E2EBA541A873A
 |   |   |- Guid:FDECDBE44EEA18498D89009F89C01C86 BaseClass:/Game/WilliamStuff/Camera/2D/TriggerCameraMovement2DYAxis.TriggerCameraMovement2DYAxis_C NativeClass:/Script/Engine.Actor Name:TriggerCameraMovement2DYAxis_C_UAID_7486E236B8A67B7101_1952249137 Label:TriggerCameraMovement2DYAxis SpatiallyLoaded:1 Bounds:IsValid=true, Min=(X=-426.345 Y=1027.719 Z=-1017.876), Max=(X=2017.876 Y=1450.000 Z=1357.876) RuntimeGrid:None EditorOnly:0 RuntimeOnly:0 HLODRelevant:0
 |   |   |- Guid:FEBDA719465FCA0207B41DAC78476616 BaseClass: NativeClass:/Script/Engine.StaticMeshActor Name:StaticMeshActor_UAID_7486E236A1C3896601_1447729984 Label:SM_Cube13 SpatiallyLoaded:1 Bounds:IsValid=true, Min=(X=1014.461 Y=3488.331 Z=59.353), Max=(X=1046.719 Y=3588.331 Z=191.300) RuntimeGrid:None EditorOnly:0 RuntimeOnly:0 HLODRelevant:1 FolderPath:Playground FolderGuid:C73F09FC4215536B1DCE2A9E0A830C70
 |   |- [+] Clusters:
 |   |   |- [+] [  0]
 |   |   |   |- Guid:3B643FB942418503F6AD56B4EED64080 BaseClass: NativeClass:/Script/Engine.StaticMeshActor Name:StaticMeshActor_UAID_7486E236B8A6567301_1222389735 Label:alien_with_textures SpatiallyLoaded:1 Bounds:IsValid=true, Min=(X=-1645.465 Y=2499.149 Z=-2759.250), Max=(X=-1187.845 Y=2810.622 Z=-2227.779) RuntimeGrid:None EditorOnly:0 RuntimeOnly:0 HLODRelevant:1
 |   |   |- [+] [  1]
 |   |   |   |- Guid:4A1162C34A526D6F105895A957440984 BaseClass: NativeClass:/Script/Engine.StaticMeshActor Name:StaticMeshActor_UAID_7486E236A1C7F16401_1224798193 Label:SM_Cube11 SpatiallyLoaded:1 Bounds:IsValid=true, Min=(X=1020.000 Y=1340.000 Z=0.000), Max=(X=1120.000 Y=1890.000 Z=575.000) RuntimeGrid:None EditorOnly:0 RuntimeOnly:0 HLODRelevant:1 FolderPath:Playground FolderGuid:C73F09FC4215536B1DCE2A9E0A830C70
 |   |   |- [+] [  2]
 |   |   |   |- Guid:10819B0B41F3411D6E3FBD8186C25869 BaseClass:/Game/DylanStuff/Push/BP_MoveableObject.BP_MoveableObject_C NativeClass:/Script/Engine.Actor Name:BP_MoveableObject_C_UAID_04D4C401432E666801_1910511935 Label:BP_MoveableObject SpatiallyLoaded:1 Bounds:IsValid=true, Min=(X=767.344 Y=1664.206 Z=5.920), Max=(X=864.382 Y=1761.712 Z=144.130) RuntimeGrid:None EditorOnly:0 RuntimeOnly:0 HLODRelevant:0
 |   |   |- [+] [  3]
 |   |   |   |- Guid:277607DA4281E4123FDD5589F1B83E68 BaseClass: NativeClass:/Script/Engine.CameraActor Name:CameraActor_UAID_04D4C404EE25AD7F01_1417213719 Label:CameraActor SpatiallyLoaded:1 Bounds:IsValid=true, Min=(X=-3557.432 Y=-2127.978 Z=847.668), Max=(X=-3557.432 Y=-2127.978 Z=847.668) RuntimeGrid:None EditorOnly:0 RuntimeOnly:0 HLODRelevant:0 Parent:97FC9312410469DA28F93AA44D276585
 |   |   |   |- Guid:97FC9312410469DA28F93AA44D276585 BaseClass: NativeClass:/Script/CinematicCamera.CameraRig_Rail Name:CameraRig_Rail_UAID_04D4C404EE25B17F01_1596742423 Label:CameraRig_Rail SpatiallyLoaded:1 Bounds:IsValid=true, Min=(X=-11945.513 Y=-2182.853 Z=813.630), Max=(X=-3554.574 Y=4784.741 Z=1102.924) RuntimeGrid:None EditorOnly:0 RuntimeOnly:0 HLODRelevant:0
 |   |   |- [+] [  4]
 |   |   |   |- Guid:1456C6754DB3BBC73A8A3B8C7F5E8A88 BaseClass:/Game/WilliamStuff/Ai/SeekingAI/AISweeping/EndAISweep.EndAISweep_C NativeClass:/Script/Engine.Actor Name:EndAISweep_C_UAID_04D4C404EE25016A01_1715002282 Label:EndAISweep SpatiallyLoaded:1 Bounds:IsValid=true, Min=(X=85.173 Y=5235.233 Z=-16.834), Max=(X=1030.162 Y=5299.233 Z=454.308) RuntimeGrid:None EditorOnly:0 RuntimeOnly:0 HLODRelevant:0
 |   |   |- [+] [  5]
 |   |   |   |- Guid:F260579D45F0DB4DBE01E09D33918C91 BaseClass: NativeClass:/Script/NavigationSystem.NavMeshBoundsVolume Name:NavMeshBoundsVolume_UAID_04D4C404EE25DE6501_2035909887 Label:NavMeshBoundsVolume SpatiallyLoaded:0 Bounds:IsValid=true, Min=(X=-1772.331 Y=-1171.667 Z=-3002.562), Max=(X=5456.334 Y=7246.358 Z=-2802.562) RuntimeGrid:None EditorOnly:0 RuntimeOnly:0 HLODRelevant:0
 |   |   |- [+] [  6]
 |   |   |   |- Guid:E88B4D334ED01622A1613089A0249DF1 BaseClass: NativeClass:/Script/Engine.StaticMeshActor Name:StaticMeshActor_6 Label:SM_Cube3 SpatiallyLoaded:1 Bounds:IsValid=true, Min=(X=0.000 Y=5480.000 Z=0.000), Max=(X=1125.000 Y=5580.000 Z=400.000) RuntimeGrid:None EditorOnly:0 RuntimeOnly:0 HLODRelevant:1 FolderPath:Playground FolderGuid:C73F09FC4215536B1DCE2A9E0A830C70
 |   |   |- [+] [  7]
 |   |   |   |- Guid:154B62D54A79E4B6F36937AC697FF95C BaseClass:/Game/WilliamStuff/Ai/SeekingAI/AiObject_PatrolPathPoint.AiObject_PatrolPathPoint_C NativeClass:/Script/Engine.Actor Name:AiObject_PatrolPathPoint_C_UAID_04D4C404EE25026A01_1314605459 Label:AiObject_PatrolPathPoint3 SpatiallyLoaded:1 Bounds:IsValid=true, Min=(X=1962.126 Y=4079.378 Z=-2883.998), Max=(X=2395.511 Y=4350.917 Z=-2612.459) RuntimeGrid:None EditorOnly:0 RuntimeOnly:0 HLODRelevant:0
 |   |   |- [+] [  8]
 |   |   |   |- Guid:322330CC4CEF001B7ED38C9F1A5ABB05 BaseClass:/Game/WilliamStuff/Ai/SeekingAI/SeekingAI/SeekingAI.SeekingAI_C NativeClass:/Script/Engine.Character Name:SeekingAI_C_UAID_04D4C404EE25F16501_1421879237 Label:SeekingAI SpatiallyLoaded:1 Bounds:IsValid=true, Min=(X=-6329.402 Y=363.709 Z=-2769.646), Max=(X=-613.055 Y=4191.311 Z=2890.124) RuntimeGrid:None EditorOnly:0 RuntimeOnly:0 HLODRelevant:0
 |   |   |   |- Guid:22DCA1674565FD2C3D72D587886C4A86 BaseClass:/Game/WilliamStuff/Ai/SeekingAI/AiObject_PatrolPathPoint.AiObject_PatrolPathPoint_C NativeClass:/Script/Engine.Actor Name:AiObject_PatrolPathPoint_C_UAID_04D4C404EE25F86901_2103672690 Label:AiObject_PatrolPathPoint SpatiallyLoaded:1 Bounds:IsValid=true, Min=(X=1962.126 Y=4303.737 Z=-2883.998), Max=(X=2395.511 Y=4575.276 Z=-2612.459) RuntimeGrid:None EditorOnly:0 RuntimeOnly:0 HLODRelevant:0
 |   |   |   |- Guid:52E7466649162B58929D299D8C58133F BaseClass:/Game/WilliamStuff/Ai/SeekingAI/AiObject_PatrolPathPoint.AiObject_PatrolPathPoint_C NativeClass:/Script/Engine.Actor Name:AiObject_PatrolPathPoint_C_UAID_04D4C404EE25F86901_2118825692 Label:AiObject_PatrolPathPoint2 SpatiallyLoaded:1 Bounds:IsValid=true, Min=(X=1958.994 Y=995.825 Z=-2883.998), Max=(X=2392.379 Y=1267.365 Z=-2612.459) RuntimeGrid:None EditorOnly:0 RuntimeOnly:0 HLODRelevant:0
 |   |   |- [+] [  9]
 |   |   |   |- Guid:E3F14E09484C0D75105D549E66CB1100 BaseClass: NativeClass:/Script/Engine.StaticMeshActor Name:StaticMeshActor_UAID_7486E236B8A67B7101_1268147135 Label:SM_Cube15 SpatiallyLoaded:1 Bounds:IsValid=true, Min=(X=-5417.762 Y=-0.000 Z=-50.000), Max=(X=-1592.762 Y=1125.000 Z=-0.000) RuntimeGrid:None EditorOnly:0 RuntimeOnly:0 HLODRelevant:1 FolderPath:Playground FolderGuid:C73F09FC4215536B1DCE2A9E0A830C70
 |   |   |- [+] [ 10]
 |   |   |   |- Guid:18778BB54092BC8FDCECDDA81B11C62C BaseClass: NativeClass:/Script/Engine.DirectionalLight Name:DirectionalLight_0 Label:DirectionalLight SpatiallyLoaded:0 Bounds:IsValid=true, Min=(X=-1048576.000 Y=-1048576.000 Z=-1048576.000), Max=(X=1048576.000 Y=1048576.000 Z=1048576.000) RuntimeGrid:None EditorOnly:0 RuntimeOnly:0 HLODRelevant:0 FolderPath:Lighting FolderGuid:963EC3EB4002CCE9759E2EBA541A873A
 |   |   |- [+] [ 11]
 |   |   |   |- Guid:80F97C854C0E2A0F7BC75AA39794AC9B BaseClass:/Game/WilliamStuff/Materials+Assets/SafeCorners.SafeCorners_C NativeClass:/Script/Engine.Actor Name:SafeCorners_C_UAID_04D4C404ED0EC66701_1444882779 Label:SafeCorners2 SpatiallyLoaded:1 Bounds:IsValid=true, Min=(X=1044.584 Y=2214.128 Z=-24.420), Max=(X=1144.584 Y=2839.128 Z=181.830) RuntimeGrid:None EditorOnly:0 RuntimeOnly:0 HLODRelevant:0
 |   |   |- [+] [ 12]
 |   |   |   |- Guid:56C142DB4D33FF7546736683ABFC3496 BaseClass: NativeClass:/Script/Engine.Actor Name:InvisBarrior_C_UAID_04D4C404EE25EE6501_1761849703 Label:InvisBarrior SpatiallyLoaded:1 Bounds:IsValid=true, Min=(X=1005.902 Y=581.468 Z=-143.083), Max=(X=1105.902 Y=5156.523 Z=625.212) RuntimeGrid:None EditorOnly:0 RuntimeOnly:0 HLODRelevant:0
 |   |   |- [+] [ 13]
 |   |   |   |- Guid:AEA0275A4528F9E48937C0BD25D3F566 BaseClass: NativeClass:/Script/Engine.PlayerStart Name:PlayerStart_0 Label:PlayerStart SpatiallyLoaded:0 Bounds:IsValid=true, Min=(X=-3184.215 Y=290.000 Z=0.013), Max=(X=-3104.215 Y=370.000 Z=184.013) RuntimeGrid:None EditorOnly:0 RuntimeOnly:0 HLODRelevant:0
 |   |   |- [+] [ 14]
 |   |   |   |- Guid:1B3B743D4336644E976C9184764B4365 BaseClass:/Game/WilliamStuff/Ai/SeekingAI/AiObject_PatrolPathPoint.AiObject_PatrolPathPoint_C NativeClass:/Script/Engine.Actor Name:AiObject_PatrolPathPoint_C_UAID_04D4C404EE25026A01_1321788460 Label:AiObject_PatrolPathPoint4 SpatiallyLoaded:1 Bounds:IsValid=true, Min=(X=1418.822 Y=3714.858 Z=-2883.998), Max=(X=1852.207 Y=3986.397 Z=-2612.459) RuntimeGrid:None EditorOnly:0 RuntimeOnly:0 HLODRelevant:0
 |   |   |- [+] [ 15]
 |   |   |   |- Guid:C26FE78941FCDF5943DC86ADA4A8AB03 BaseClass: NativeClass:/Script/Engine.WorldDataLayers Name:WorldDataLayers Label:WorldDataLayers-1 SpatiallyLoaded:0 Bounds:IsValid=true, Min=(X=0.000 Y=0.000 Z=0.000), Max=(X=0.000 Y=0.000 Z=0.000) RuntimeGrid:None EditorOnly:0 RuntimeOnly:0 HLODRelevant:0
 |   |   |- [+] [ 16]
 |   |   |   |- Guid:43A8DF8B489718D592B2D79AFA80AE09 BaseClass: NativeClass:/Script/Engine.ExponentialHeightFog Name:ExponentialHeightFog_0 Label:ExponentialHeightFog SpatiallyLoaded:0 Bounds:IsValid=true, Min=(X=-5600.000 Y=-50.000 Z=-6850.000), Max=(X=-5600.000 Y=-50.000 Z=-6850.000) RuntimeGrid:None EditorOnly:0 RuntimeOnly:0 HLODRelevant:0 FolderPath:Lighting FolderGuid:963EC3EB4002CCE9759E2EBA541A873A
 |   |   |- [+] [ 17]
 |   |   |   |- Guid:C91A27014ACC1CEB8CAED68FA136F99C BaseClass: NativeClass:/Script/Engine.StaticMeshActor Name:StaticMeshActor_UAID_7486E236A1C7E86401_1469360600 Label:SM_Cube7 SpatiallyLoaded:1 Bounds:IsValid=true, Min=(X=1020.000 Y=4910.000 Z=0.000), Max=(X=1120.000 Y=5810.000 Z=400.000) RuntimeGrid:None EditorOnly:0 RuntimeOnly:0 HLODRelevant:1 FolderPath:Playground FolderGuid:C73F09FC4215536B1DCE2A9E0A830C70
 |   |   |- [+] [ 18]
 |   |   |   |- Guid:AC6C6D424DE09A264E4E5188A642D6A8 BaseClass: NativeClass:/Script/Engine.StaticMeshActor Name:StaticMeshActor_UAID_7486E236B8A6448001_1840901296 Label:SM_Cube19 SpatiallyLoaded:1 Bounds:IsValid=true, Min=(X=-12164.678 Y=5492.180 Z=-45.249), Max=(X=-5114.678 Y=6617.180 Z=4.751) RuntimeGrid:None EditorOnly:0 RuntimeOnly:0 HLODRelevant:1 FolderPath:Playground FolderGuid:C73F09FC4215536B1DCE2A9E0A830C70
 |   |   |- [+] [ 19]
 |   |   |   |- Guid:B5DEF5DA44E1E6166A753FB7022109E9 BaseClass: NativeClass:/Script/Engine.StaticMeshActor Name:StaticMeshActor_UAID_7486E236A1C7F16401_1192412190 Label:SM_Cube8 SpatiallyLoaded:1 Bounds:IsValid=true, Min=(X=1020.000 Y=2240.000 Z=0.000), Max=(X=1120.000 Y=2790.000 Z=102.033) RuntimeGrid:None EditorOnly:0 RuntimeOnly:0 HLODRelevant:1 FolderPath:Playground FolderGuid:C73F09FC4215536B1DCE2A9E0A830C70
 |   |   |- [+] [ 20]
 |   |   |   |- Guid:E5235647476C3AB297085C8267E74222 BaseClass: NativeClass:/Script/Engine.StaticMeshActor Name:StaticMeshActor_UAID_7486E236A1C7F16401_1206729192 Label:SM_Cube10 SpatiallyLoaded:1 Bounds:IsValid=true, Min=(X=63.032 Y=4907.713 Z=0.000), Max=(X=1046.719 Y=5007.713 Z=225.000) RuntimeGrid:None EditorOnly:0 RuntimeOnly:0 HLODRelevant:1 FolderPath:Playground FolderGuid:C73F09FC4215536B1DCE2A9E0A830C70
 |   |   |- [+] [ 21]
 |   |   |   |- Guid:79C7EECD49E48D973284308236770FEA BaseClass: NativeClass:/Script/Engine.TriggerBox Name:TriggerBox_UAID_7486E236B8A6498001_1098002180 Label:Changefromsplinecamtoregcam SpatiallyLoaded:1 Bounds:IsValid=true, Min=(X=-11716.334 Y=5398.067 Z=-15.290), Max=(X=-11636.334 Y=6683.067 Z=1269.710) RuntimeGrid:None EditorOnly:0 RuntimeOnly:0 HLODRelevant:0
 |   |   |- [+] [ 22]
 |   |   |   |- Guid:590F4D5943E8821CE7A4B5B2D64F0EB1 BaseClass: NativeClass:/Script/Engine.StaticMeshActor Name:StaticMeshActor_1 Label:SM_Cube SpatiallyLoaded:1 Bounds:IsValid=true, Min=(X=0.000 Y=0.000 Z=-50.000), Max=(X=1125.000 Y=5500.000 Z=0.000) RuntimeGrid:None EditorOnly:0 RuntimeOnly:0 HLODRelevant:1 FolderPath:Playground FolderGuid:C73F09FC4215536B1DCE2A9E0A830C70
 |   |   |- [+] [ 23]
 |   |   |   |- Guid:661374A74A5D133E7A22F286FE26F877 BaseClass: NativeClass:/Script/Engine.StaticMeshActor Name:StaticMeshActor_UAID_7486E236B8A6488001_1938730003 Label:SM_Cube20 SpatiallyLoaded:1 Bounds:IsValid=true, Min=(X=-14658.643 Y=4201.576 Z=-45.249), Max=(X=-11683.643 Y=7826.576 Z=4.751) RuntimeGrid:None EditorOnly:0 RuntimeOnly:0 HLODRelevant:1 FolderPath:Playground FolderGuid:C73F09FC4215536B1DCE2A9E0A830C70
 |   |   |- [+] [ 24]
 |   |   |   |- Guid:4D415C4A45137098AFB8629F668FDFCF BaseClass:/Game/WilliamStuff/Materials+Assets/InvisBarrior.InvisBarrior_C NativeClass:/Script/Engine.Actor Name:InvisBarrior_C_UAID_7486E236B8A6488001_1905574002 Label:InvisBarrior5 SpatiallyLoaded:1 Bounds:IsValid=true, Min=(X=-12408.877 Y=6612.739 Z=-358.386), Max=(X=-4008.877 Y=6712.739 Z=791.614) RuntimeGrid:None EditorOnly:0 RuntimeOnly:0 HLODRelevant:0
 |   |   |- [+] [ 25]
 |   |   |   |- Guid:3D7CFEF54CBE6D685CC076B817B54033 BaseClass: NativeClass:/Script/LevelSequence.LevelSequenceActor Name:LevelSequenceActor_UAID_04D4C401432E186701_1891543152 Label:BlockFal SpatiallyLoaded:0 Bounds:IsValid=true, Min=(X=1103.899 Y=4665.789 Z=895.174), Max=(X=1103.899 Y=4665.789 Z=895.174) RuntimeGrid:None EditorOnly:0 RuntimeOnly:0 HLODRelevant:0
 |   |   |- [+] [ 26]
 |   |   |   |- Guid:FDECDBE44EEA18498D89009F89C01C86 BaseClass:/Game/WilliamStuff/Camera/2D/TriggerCameraMovement2DYAxis.TriggerCameraMovement2DYAxis_C NativeClass:/Script/Engine.Actor Name:TriggerCameraMovement2DYAxis_C_UAID_7486E236B8A67B7101_1952249137 Label:TriggerCameraMovement2DYAxis SpatiallyLoaded:1 Bounds:IsValid=true, Min=(X=-426.345 Y=1027.719 Z=-1017.876), Max=(X=2017.876 Y=1450.000 Z=1357.876) RuntimeGrid:None EditorOnly:0 RuntimeOnly:0 HLODRelevant:0
 |   |   |- [+] [ 27]
 |   |   |   |- Guid:AD4AAC9F4A8F324BC93B74862B8B0115 BaseClass:/Game/WilliamStuff/Camera/2D/ResetCameraMovement2D.ResetCameraMovement2D_C NativeClass:/Script/Engine.Actor Name:ResetCameraMovement2D_C_UAID_7486E236A1C7546901_1087847826 Label:ResetCameraMovement2D SpatiallyLoaded:1 Bounds:IsValid=true, Min=(X=19.005 Y=5050.026 Z=-400.996), Max=(X=1121.190 Y=5409.877 Z=400.996) RuntimeGrid:None EditorOnly:0 RuntimeOnly:0 HLODRelevant:0
 |   |   |- [+] [ 28]
 |   |   |   |- Guid:838424214D5FD88E0B1033BB50BCE8B2 BaseClass:/Game/WilliamStuff/Materials+Assets/InvisBarrior.InvisBarrior_C NativeClass:/Script/Engine.Actor Name:InvisBarrior_C_UAID_7486E236B8A6488001_1865998000 Label:InvisBarrior3 SpatiallyLoaded:1 Bounds:IsValid=true, Min=(X=-5503.697 Y=-308.024 Z=-358.386), Max=(X=-5403.696 Y=5491.976 Z=791.614) RuntimeGrid:None EditorOnly:0 RuntimeOnly:0 HLODRelevant:0
 |   |   |- [+] [ 29]
 |   |   |   |- Guid:416E62134738967E78D920A0B5A5E4A4 BaseClass: NativeClass:/Script/Engine.StaticMeshActor Name:StaticMeshActor_UAID_7486E236B8A62D7C01_1749756027 Label:SM_Cube17 SpatiallyLoaded:1 Bounds:IsValid=true, Min=(X=-5413.921 Y=1080.953 Z=-50.000), Max=(X=-4288.921 Y=6605.953 Z=0.000) RuntimeGrid:None EditorOnly:0 RuntimeOnly:0 HLODRelevant:1 FolderPath:Playground FolderGuid:C73F09FC4215536B1DCE2A9E0A830C70
 |   |   |- [+] [ 30]
 |   |   |   |- Guid:0CBAC1734A99A7B94F8EEBA6C5B119F7 BaseClass:/Game/WilliamStuff/Materials+Assets/SafeCorners.SafeCorners_C NativeClass:/Script/Engine.Actor Name:SafeCorners_C_UAID_04D4C404ED0EC66701_1368424778 Label:SafeCorners SpatiallyLoaded:1 Bounds:IsValid=true, Min=(X=1044.584 Y=1303.351 Z=5.802), Max=(X=1144.584 Y=1931.476 Z=524.552) RuntimeGrid:None EditorOnly:0 RuntimeOnly:0 HLODRelevant:0
 |   |   |- [+] [ 31]
 |   |   |   |- Guid:FEBDA719465FCA0207B41DAC78476616 BaseClass: NativeClass:/Script/Engine.StaticMeshActor Name:StaticMeshActor_UAID_7486E236A1C3896601_1447729984 Label:SM_Cube13 SpatiallyLoaded:1 Bounds:IsValid=true, Min=(X=1014.461 Y=3488.331 Z=59.353), Max=(X=1046.719 Y=3588.331 Z=191.300) RuntimeGrid:None EditorOnly:0 RuntimeOnly:0 HLODRelevant:1 FolderPath:Playground FolderGuid:C73F09FC4215536B1DCE2A9E0A830C70
 |   |   |- [+] [ 32]
 |   |   |   |- Guid:ECE37992422283FECABB8EAB45938649 BaseClass: NativeClass:/Script/Engine.StaticMeshActor Name:StaticMeshActor_UAID_7486E236A1C7E86401_1469359599 Label:SM_Cube6 SpatiallyLoaded:1 Bounds:IsValid=true, Min=(X=0.000 Y=5010.000 Z=0.000), Max=(X=100.000 Y=5910.000 Z=400.000) RuntimeGrid:None EditorOnly:0 RuntimeOnly:0 HLODRelevant:1 FolderPath:Playground FolderGuid:C73F09FC4215536B1DCE2A9E0A830C70
 |   |   |- [+] [ 33]
 |   |   |   |- Guid:430DD5E74E3665D8A02FA8996C52D5F1 BaseClass: NativeClass:/Script/Engine.StaticMeshActor Name:StaticMeshActor_UAID_7486E236A1C7E76401_1641856416 Label:SM_Cube5 SpatiallyLoaded:1 Bounds:IsValid=true, Min=(X=-2845.719 Y=100.000 Z=0.000), Max=(X=-2745.719 Y=1000.000 Z=400.000) RuntimeGrid:None EditorOnly:0 RuntimeOnly:0 HLODRelevant:1 FolderPath:Playground FolderGuid:C73F09FC4215536B1DCE2A9E0A830C70
 |   |   |- [+] [ 34]
 |   |   |   |- Guid:0AAF90C8429C2548D9EA8A8F3502641E BaseClass: NativeClass:/Script/Engine.PostProcessVolume Name:PostProcessVolume_0 Label:PostProcessVolume SpatiallyLoaded:0 Bounds:IsValid=true, Min=(X=2250.000 Y=1820.000 Z=400.000), Max=(X=2450.000 Y=2020.000 Z=600.000) RuntimeGrid:None EditorOnly:0 RuntimeOnly:0 HLODRelevant:0 FolderPath:Lighting FolderGuid:963EC3EB4002CCE9759E2EBA541A873A
 |   |   |- [+] [ 35]
 |   |   |   |- Guid:F47CEBCF411EAD812609E4A2210AF67D BaseClass:/Game/WilliamStuff/Ai/SeekingAI/AiObject_PatrolPathPoint.AiObject_PatrolPathPoint_C NativeClass:/Script/Engine.Actor Name:AiObject_PatrolPathPoint_C_UAID_04D4C404EE25026A01_2036539461 Label:AiObject_PatrolPathPoint3 SpatiallyLoaded:1 Bounds:IsValid=true, Min=(X=1962.126 Y=4041.157 Z=-2883.998), Max=(X=2395.511 Y=4312.696 Z=-2612.459) RuntimeGrid:None EditorOnly:0 RuntimeOnly:0 HLODRelevant:0
 |   |   |- [+] [ 36]
 |   |   |   |- Guid:4B898CA142B076F1911CF6A03354513F BaseClass: NativeClass:/Script/Engine.TriggerBox Name:TriggerBox_UAID_04D4C404EE25AD7F01_1503641720 Label:ChangeToCamSpline SpatiallyLoaded:1 Bounds:IsValid=true, Min=(X=-3965.719 Y=28.750 Z=-17.500), Max=(X=-3665.719 Y=971.250 Z=817.500) RuntimeGrid:None EditorOnly:0 RuntimeOnly:0 HLODRelevant:0
 |   |   |- [+] [ 37]
 |   |   |   |- Guid:DF47B14B49555F818C31C6B16B2CF6D1 BaseClass: NativeClass:/Script/Engine.StaticMeshActor Name:StaticMeshActor_UAID_7486E236B8A6458001_1436030473 Label:StaticMeshActor SpatiallyLoaded:1 Bounds:IsValid=true, Min=(X=-1229.503 Y=5724.618 Z=-0.000), Max=(X=-1229.503 Y=5724.618 Z=-0.000) RuntimeGrid:None EditorOnly:0 RuntimeOnly:0 HLODRelevant:0
 |   |   |- [+] [ 38]
 |   |   |   |- Guid:EB01436E48DBA74B6015199F40EF968F BaseClass: NativeClass:/Script/Engine.SplineMeshActor Name:SplineMeshActor_UAID_04D4C404EE25AD7F01_2103828720 Label:SplineMeshActor2 SpatiallyLoaded:1 Bounds:IsValid=true, Min=(X=0.000 Y=0.000 Z=0.000), Max=(X=0.000 Y=0.000 Z=0.000) RuntimeGrid:None EditorOnly:0 RuntimeOnly:0 HLODRelevant:0
 |   |   |- [+] [ 39]
 |   |   |   |- Guid:D7B9D8FB48371248D2286A8A3A8537CB BaseClass:/Game/WilliamStuff/Materials+Assets/InvisBarrior.InvisBarrior_C NativeClass:/Script/Engine.Actor Name:InvisBarrior_C_UAID_7486E236B8A6488001_1835682999 Label:InvisBarrior2 SpatiallyLoaded:1 Bounds:IsValid=true, Min=(X=-5633.967 Y=-99.542 Z=-358.386), Max=(X=-2708.967 Y=0.458 Z=791.614) RuntimeGrid:None EditorOnly:0 RuntimeOnly:0 HLODRelevant:0
 |   |   |- [+] [ 40]
 |   |   |   |- Guid:282623234BEBA26463901490FF075CEA BaseClass:/Game/WilliamStuff/Materials+Assets/InvisBarrior.InvisBarrior_C NativeClass:/Script/Engine.Actor Name:InvisBarrior_C_UAID_7486E236B8A6488001_1895345001 Label:InvisBarrior4 SpatiallyLoaded:1 Bounds:IsValid=true, Min=(X=-12902.456 Y=5185.208 Z=-358.386), Max=(X=-5252.456 Y=5285.208 Z=791.614) RuntimeGrid:None EditorOnly:0 RuntimeOnly:0 HLODRelevant:0
 |   |   |- [+] [ 41]
 |   |   |   |- Guid:D62E5F12453D7B463D2FC3AC1C437AD6 BaseClass: NativeClass:/Script/Engine.StaticMeshActor Name:StaticMeshActor_UAID_7486E236A1C3896601_1333633983 Label:SM_Cube12 SpatiallyLoaded:1 Bounds:IsValid=true, Min=(X=-109.531 Y=4800.068 Z=820.754), Max=(X=1146.719 Y=4900.068 Z=952.702) RuntimeGrid:None EditorOnly:0 RuntimeOnly:0 HLODRelevant:1 FolderPath:Playground FolderGuid:C73F09FC4215536B1DCE2A9E0A830C70
 |   |   |- [+] [ 42]
 |   |   |   |- Guid:53EFF122446F84E13A6630BCAAC6FCFD BaseClass: NativeClass:/Script/Engine.StaticMeshActor Name:StaticMeshActor_UAID_04D4C404EE25F26501_1561866415 Label:SM_Cube9 SpatiallyLoaded:1 Bounds:IsValid=true, Min=(X=1020.000 Y=3178.599 Z=-0.000), Max=(X=1120.000 Y=3809.229 Z=740.362) RuntimeGrid:None EditorOnly:0 RuntimeOnly:0 HLODRelevant:1 FolderPath:Playground FolderGuid:C73F09FC4215536B1DCE2A9E0A830C70
 |   |   |- [+] [ 43]
 |   |   |   |- Guid:C96F99584823FA772534CB99EAFE4545 BaseClass:/Game/WilliamStuff/Ai/SeekingAI/AiObject_PatrolPathPoint.AiObject_PatrolPathPoint_C NativeClass:/Script/Engine.Actor Name:AiObject_PatrolPathPoint_C_UAID_04D4C404EE25026A01_2039359462 Label:AiObject_PatrolPathPoint4 SpatiallyLoaded:1 Bounds:IsValid=true, Min=(X=1962.126 Y=3747.681 Z=-2883.998), Max=(X=2395.511 Y=4019.220 Z=-2612.459) RuntimeGrid:None EditorOnly:0 RuntimeOnly:0 HLODRelevant:0
 |   |   |- [+] [ 44]
 |   |   |   |- Guid:27F50EBC477FD156FB7E37853197E472 BaseClass: NativeClass:/Script/Engine.SkyLight Name:SkyLight_1 Label:SkyLight SpatiallyLoaded:0 Bounds:IsValid=true, Min=(X=0.000 Y=0.000 Z=690.000), Max=(X=0.000 Y=0.000 Z=690.000) RuntimeGrid:None EditorOnly:0 RuntimeOnly:0 HLODRelevant:0 FolderPath:Lighting FolderGuid:963EC3EB4002CCE9759E2EBA541A873A
 |   |   |- [+] [ 45]
 |   |   |   |- Guid:91613C174DC77B2ADC93868FF6EAC092 BaseClass:/Game/WilliamStuff/Materials+Assets/SafeCorners.SafeCorners_C NativeClass:/Script/Engine.Actor Name:SafeCorners_C_UAID_04D4C404ED0EC86701_1443980134 Label:SafeCorners SpatiallyLoaded:1 Bounds:IsValid=true, Min=(X=1008.806 Y=2217.592 Z=-15.169), Max=(X=1108.806 Y=2808.217 Z=144.206) RuntimeGrid:None EditorOnly:0 RuntimeOnly:0 HLODRelevant:0
 |   |   |- [+] [ 46]
 |   |   |   |- Guid:BBAAAD924ED3F10DE1067A9E8699458B BaseClass: NativeClass:/Script/Engine.StaticMeshActor Name:StaticMeshActor_UAID_04D4C404EE25F26501_1135904414 Label:Cube SpatiallyLoaded:1 Bounds:IsValid=true, Min=(X=-5748.915 Y=-1465.077 Z=-2859.200), Max=(X=1781.441 Y=7070.327 Z=-2759.200) RuntimeGrid:None EditorOnly:0 RuntimeOnly:0 HLODRelevant:1
 |   |   |- [+] [ 47]
 |   |   |   |- Guid:634935B140E19ADE84AC6DB2F317949A BaseClass: NativeClass:/Script/NavigationSystem.NavMeshBoundsVolume Name:NavMeshBoundsVolume_UAID_04D4C404EE25AB6901_1482473135 Label:NavMeshBoundsVolume2 SpatiallyLoaded:0 Bounds:IsValid=true, Min=(X=-2816.888 Y=-1524.020 Z=-2918.439), Max=(X=8196.189 Y=9489.058 Z=-2718.439) RuntimeGrid:None EditorOnly:0 RuntimeOnly:0 HLODRelevant:0
 |   |   |- [+] [ 48]
 |   |   |   |- Guid:8A9A338243E1955DB4C04E9178EC1AB7 BaseClass: NativeClass:/Script/Engine.StaticMeshActor Name:StaticMeshActor_UAID_04D4C404ED0E2D6601_2002106791 Label:SM_Cube4 SpatiallyLoaded:1 Bounds:IsValid=true, Min=(X=-50.000 Y=-0.000 Z=-2362.865), Max=(X=0.000 Y=5500.000 Z=-35.680) RuntimeGrid:None EditorOnly:0 RuntimeOnly:0 HLODRelevant:1 FolderPath:Playground FolderGuid:C73F09FC4215536B1DCE2A9E0A830C70
 |   |   |- [+] [ 49]
 |   |   |   |- Guid:F3F0A59F414345DBC3C598889B7AB443 BaseClass: NativeClass:/Script/Engine.TriggerBox Name:TriggerBox_UAID_7486E236B8A62E7C01_1402125205 Label:TriggerBox SpatiallyLoaded:1 Bounds:IsValid=true, Min=(X=250.000 Y=1761.250 Z=-98.750), Max=(X=330.000 Y=2418.750 Z=558.750) RuntimeGrid:None EditorOnly:0 RuntimeOnly:0 HLODRelevant:0
 |   |   |- [+] [ 50]
 |   |   |   |- Guid:F89AE6CB43E9CCA689E6B68187425C59 BaseClass: NativeClass:/Script/Engine.SkyAtmosphere Name:SkyAtmosphere_0 Label:SkyAtmosphere SpatiallyLoaded:0 Bounds:IsValid=true, Min=(X=0.000 Y=0.000 Z=1020.000), Max=(X=0.000 Y=0.000 Z=1020.000) RuntimeGrid:None EditorOnly:0 RuntimeOnly:0 HLODRelevant:0 FolderPath:Lighting FolderGuid:963EC3EB4002CCE9759E2EBA541A873A
 |   |   |- [+] [ 51]
 |   |   |   |- Guid:F5E039074C0B5B31F8F24ABBA73965AD BaseClass:/Game/WilliamStuff/Materials+Assets/SafeCorners.SafeCorners_C NativeClass:/Script/Engine.Actor Name:SafeCorners_C_UAID_04D4C404ED0EC66701_1454960780 Label:SafeCorners3 SpatiallyLoaded:1 Bounds:IsValid=true, Min=(X=1044.584 Y=3133.731 Z=5.802), Max=(X=1144.584 Y=3883.731 Z=524.552) RuntimeGrid:None EditorOnly:0 RuntimeOnly:0 HLODRelevant:0
 |   |   |- [+] [ 52]
 |   |   |   |- Guid:68F6E68944409604F8CE5993A148D604 BaseClass: NativeClass:/Script/Engine.TriggerBox Name:TriggerBox_UAID_7486E236A1C3896601_1528352986 Label:MoveBlockButtonTB SpatiallyLoaded:1 Bounds:IsValid=true, Min=(X=438.164 Y=3482.948 Z=63.411), Max=(X=1083.789 Y=3594.406 Z=193.083) RuntimeGrid:None EditorOnly:0 RuntimeOnly:0 HLODRelevant:0
 |   |   |- [+] [ 53]
 |   |   |   |- Guid:EABD5E9F4834A72E0F6EF6BEC80EB477 BaseClass: NativeClass:/Script/Engine.VolumetricCloud Name:VolumetricCloud_0 Label:VolumetricCloud SpatiallyLoaded:0 Bounds:IsValid=true, Min=(X=0.000 Y=0.000 Z=820.000), Max=(X=0.000 Y=0.000 Z=820.000) RuntimeGrid:None EditorOnly:0 RuntimeOnly:0 HLODRelevant:0 FolderPath:Lighting FolderGuid:963EC3EB4002CCE9759E2EBA541A873A
 |   |   |- [+] [ 54]
 |   |   |   |- Guid:9F1B65DD4F557CEAB0C08A81D6F6A262 BaseClass:/Game/WilliamStuff/Ai/SeekingAI/SeekingAI/SplineToFollow.SplineToFollow_C NativeClass:/Script/Engine.Actor Name:SplineToFollow_C_UAID_7486E236B8A64D8001_1475964879 Label:SplineToFollow SpatiallyLoaded:1 Bounds:IsValid=true, Min=(X=-10517.785 Y=1981.161 Z=273.480), Max=(X=-3000.213 Y=8078.400 Z=273.480) RuntimeGrid:None EditorOnly:0 RuntimeOnly:0 HLODRelevant:0
 |   |   |- [+] [ 55]
 |   |   |   |- Guid:E08547394CA0C2F0C7912BB1AAF4ACB7 BaseClass:/Game/WilliamStuff/Ai/SeekingAI/AISweeping/StartAISweep.StartAISweep_C NativeClass:/Script/Engine.Actor Name:StartAISweep_C_UAID_7486E236B8A64D8001_1626291880 Label:StartAISweep SpatiallyLoaded:1 Bounds:IsValid=true, Min=(X=-4153.779 Y=-206.277 Z=-447.189), Max=(X=-4089.779 Y=1201.723 Z=960.811) RuntimeGrid:None EditorOnly:0 RuntimeOnly:0 HLODRelevant:0
 |- ContainerInstances:
 |- [+] MainContainer:
 |   |-        ID: 0x0000000000000000
 |   |-    Bounds: IsValid=false, Min=(X=0.000 Y=0.000 Z=0.000), Max=(X=0.000 Y=0.000 Z=0.000)
 |   |- Transform: 0.000000,0.000000,0.000000|0.000000,0.000000,-0.000000|1.000000,1.000000,1.000000
 |   |- Container: /Game/WilliamStuff/Levels/2dSectionTest
----------------------------------------------------------------------------------------------------------------
2dSectionTest - Persistent Level
----------------------------------------------------------------------------------------------------------------
Always loaded Actor Count: 69 

----------------------------------------------------------------------------------------------------------------
2dSectionTest - Runtime Spatial Hash - Streaming Grid - MainGrid
----------------------------------------------------------------------------------------------------------------
            Origin: X=0.000 Y=0.000 Z=0.000
         Cell Size: 12800
      World Bounds: IsValid=false, Min=(X=0.000 Y=0.000 Z=0.000), Max=(X=0.000 Y=0.000 Z=0.000)
     Loading Range: 25600.00
Block Slow Loading: No
 ClientOnlyVisible: No

[+] Grid Levels: 1
 |- Level  0: Cell Count    0 | Cell Size   12800 | Actor Count    0 (0.0%)

[+] Content of Grid Level 0

