[+] Containers:
 |- [+] Container: /Game/WilliamStuff/Levels/2dSectionTest
 |   |- [+] ActorDescs:
 |   |   |- Guid:02D0064E49F7BBFDA65D8AA83B10B9E3 BaseClass: NativeClass:/Script/Engine.StaticMeshActor Name:StaticMeshActor_UAID_04D4C404ED0EC46701_2037004423 Label:SM_Cube14 SpatiallyLoaded:1 Bounds:IsValid=true, Min=(X=-80.274 Y=-0.000 Z=-201.958), Max=(X=670.875 Y=962.712 Z=198.042) RuntimeGrid:None EditorOnly:0 RuntimeOnly:0 HLODRelevant:1 FolderPath:Playground FolderGuid:C73F09FC4215536B1DCE2A9E0A830C70
 |   |   |- Guid:0AAF90C8429C2548D9EA8A8F3502641E BaseClass: NativeClass:/Script/Engine.PostProcessVolume Name:PostProcessVolume_0 Label:PostProcessVolume SpatiallyLoaded:0 Bounds:IsValid=true, Min=(X=0.000 Y=0.000 Z=400.000), Max=(X=200.000 Y=200.000 Z=600.000) RuntimeGrid:None EditorOnly:0 RuntimeOnly:0 HLODRelevant:0 FolderPath:Lighting FolderGuid:963EC3EB4002CCE9759E2EBA541A873A
 |   |   |- Guid:0CBAC1734A99A7B94F8EEBA6C5B119F7 BaseClass:/Game/WilliamStuff/Materials+Assets/SafeCorners.SafeCorners_C NativeClass:/Script/Engine.Actor Name:SafeCorners_C_UAID_04D4C404ED0EC66701_1368424778 Label:SafeCorners SpatiallyLoaded:1 Bounds:IsValid=true, Min=(X=1044.584 Y=1303.351 Z=5.802), Max=(X=1144.584 Y=1931.476 Z=524.552) RuntimeGrid:None EditorOnly:0 RuntimeOnly:0 HLODRelevant:0
 |   |   |- Guid:10819B0B41F3411D6E3FBD8186C25869 BaseClass:/Game/DylanStuff/Push/BP_MoveableObject.BP_MoveableObject_C NativeClass:/Script/Engine.Actor Name:BP_MoveableObject_C_UAID_04D4C401432E666801_1910511935 Label:BP_MoveableObject SpatiallyLoaded:1 Bounds:IsValid=true, Min=(X=767.344 Y=1664.206 Z=5.920), Max=(X=864.382 Y=1761.712 Z=144.130) RuntimeGrid:None EditorOnly:0 RuntimeOnly:0 HLODRelevant:0
 |   |   |- Guid:18778BB54092BC8FDCECDDA81B11C62C BaseClass: NativeClass:/Script/Engine.DirectionalLight Name:DirectionalLight_0 Label:DirectionalLight SpatiallyLoaded:0 Bounds:IsValid=true, Min=(X=-1048576.000 Y=-1048576.000 Z=-1048576.000), Max=(X=1048576.000 Y=1048576.000 Z=1048576.000) RuntimeGrid:None EditorOnly:0 RuntimeOnly:0 HLODRelevant:0 FolderPath:Lighting FolderGuid:963EC3EB4002CCE9759E2EBA541A873A
 |   |   |- Guid:22DCA1674565FD2C3D72D587886C4A86 BaseClass:/Game/WilliamStuff/Ai/SeekingAI/AiObject_PatrolPathPoint.AiObject_PatrolPathPoint_C NativeClass:/Script/Engine.Actor Name:AiObject_PatrolPathPoint_C_UAID_04D4C404EE25F86901_2103672690 Label:AiObject_PatrolPathPoint SpatiallyLoaded:1 Bounds:IsValid=true, Min=(X=1962.126 Y=4303.737 Z=-2883.998), Max=(X=2395.511 Y=4575.276 Z=-2612.459) RuntimeGrid:None EditorOnly:0 RuntimeOnly:0 HLODRelevant:0
 |   |   |- Guid:24B2C6C14319E0D992888AB1A85BD6C9 BaseClass:/Game/WilliamStuff/Ai/SeekingAI/AiObject_PatrolPathPoint.AiObject_PatrolPathPoint_C NativeClass:/Script/Engine.Actor Name:AiObject_PatrolPathPoint_C_UAID_04D4C404EE25F96901_2047943870 Label:AiObject_PatrolPathPoint2 SpatiallyLoaded:1 Bounds:IsValid=true, Min=(X=1767.508 Y=4896.232 Z=-2883.998), Max=(X=2200.893 Y=5167.771 Z=-2612.459) RuntimeGrid:None EditorOnly:0 RuntimeOnly:0 HLODRelevant:0
 |   |   |- Guid:27F50EBC477FD156FB7E37853197E472 BaseClass: NativeClass:/Script/Engine.SkyLight Name:SkyLight_1 Label:SkyLight SpatiallyLoaded:0 Bounds:IsValid=true, Min=(X=0.000 Y=0.000 Z=690.000), Max=(X=0.000 Y=0.000 Z=690.000) RuntimeGrid:None EditorOnly:0 RuntimeOnly:0 HLODRelevant:0 FolderPath:Lighting FolderGuid:963EC3EB4002CCE9759E2EBA541A873A
 |   |   |- Guid:322330CC4CEF001B7ED38C9F1A5ABB05 BaseClass:/Game/WilliamStuff/Ai/SeekingAI/SeekingAI.SeekingAI_C NativeClass:/Script/Engine.Character Name:SeekingAI_C_UAID_04D4C404EE25F16501_1421879237 Label:SeekingAI SpatiallyLoaded:1 Bounds:IsValid=true, Min=(X=859.132 Y=-62.156 Z=-2769.646), Max=(X=3235.685 Y=2227.713 Z=2890.124) RuntimeGrid:None EditorOnly:0 RuntimeOnly:0 HLODRelevant:0
 |   |   |- Guid:353D7A35415B540316CE29ACD417A165 BaseClass: NativeClass:/Script/Engine.StaticMeshActor Name:StaticMeshActor_UAID_A4AE111137DC5EFB00_1110535423 Label:SM_SkySphere SpatiallyLoaded:1 Bounds:IsValid=true, Min=(X=-1638400.000 Y=-1638400.000 Z=-1638400.000), Max=(X=1638400.000 Y=1638400.000 Z=1638400.000) RuntimeGrid:None EditorOnly:0 RuntimeOnly:0 HLODRelevant:1 FolderPath:Lighting FolderGuid:963EC3EB4002CCE9759E2EBA541A873A
 |   |   |- Guid:3D7CFEF54CBE6D685CC076B817B54033 BaseClass: NativeClass:/Script/LevelSequence.LevelSequenceActor Name:LevelSequenceActor_UAID_04D4C401432E186701_1891543152 Label:BlockFal SpatiallyLoaded:0 Bounds:IsValid=true, Min=(X=1103.899 Y=4540.522 Z=895.174), Max=(X=1103.899 Y=4540.522 Z=895.174) RuntimeGrid:None EditorOnly:0 RuntimeOnly:0 HLODRelevant:0
 |   |   |- Guid:430DD5E74E3665D8A02FA8996C52D5F1 BaseClass: NativeClass:/Script/Engine.StaticMeshActor Name:StaticMeshActor_UAID_7486E236A1C7E76401_1641856416 Label:SM_Cube5 SpatiallyLoaded:1 Bounds:IsValid=true, Min=(X=1020.000 Y=100.000 Z=0.000), Max=(X=1120.000 Y=1000.000 Z=400.000) RuntimeGrid:None EditorOnly:0 RuntimeOnly:0 HLODRelevant:1 FolderPath:Playground FolderGuid:C73F09FC4215536B1DCE2A9E0A830C70
 |   |   |- Guid:43A8DF8B489718D592B2D79AFA80AE09 BaseClass: NativeClass:/Script/Engine.ExponentialHeightFog Name:ExponentialHeightFog_0 Label:ExponentialHeightFog SpatiallyLoaded:0 Bounds:IsValid=true, Min=(X=-5600.000 Y=-50.000 Z=-6850.000), Max=(X=-5600.000 Y=-50.000 Z=-6850.000) RuntimeGrid:None EditorOnly:0 RuntimeOnly:0 HLODRelevant:0 FolderPath:Lighting FolderGuid:963EC3EB4002CCE9759E2EBA541A873A
 |   |   |- Guid:4A1162C34A526D6F105895A957440984 BaseClass: NativeClass:/Script/Engine.StaticMeshActor Name:StaticMeshActor_UAID_7486E236A1C7F16401_1224798193 Label:SM_Cube11 SpatiallyLoaded:1 Bounds:IsValid=true, Min=(X=1020.000 Y=1340.000 Z=0.000), Max=(X=1120.000 Y=1890.000 Z=575.000) RuntimeGrid:None EditorOnly:0 RuntimeOnly:0 HLODRelevant:1 FolderPath:Playground FolderGuid:C73F09FC4215536B1DCE2A9E0A830C70
 |   |   |- Guid:4DE1D22B4C6ADE44E9983D9CFF95297A BaseClass: NativeClass:/Script/Engine.StaticMeshActor Name:StaticMeshActor_5 Label:SM_Cube2 SpatiallyLoaded:1 Bounds:IsValid=true, Min=(X=0.000 Y=0.000 Z=0.000), Max=(X=1125.000 Y=100.000 Z=400.000) RuntimeGrid:None EditorOnly:0 RuntimeOnly:0 HLODRelevant:1 FolderPath:Playground FolderGuid:C73F09FC4215536B1DCE2A9E0A830C70
 |   |   |- Guid:4EE60F1241AA1A2BF42574A7279BD7AF BaseClass:/Game/WilliamStuff/Ai/SeekingAI/AIMovevment/AISweepingVer1.AISweepingVer1_C NativeClass:/Script/Engine.Actor Name:AISweepingVer1_C_UAID_04D4C404EE25F56901_1690854159 Label:AISweepingVer1 SpatiallyLoaded:1 Bounds:IsValid=true, Min=(X=148.882 Y=525.837 Z=-54.457), Max=(X=1276.418 Y=589.837 Z=708.986) RuntimeGrid:None EditorOnly:0 RuntimeOnly:0 HLODRelevant:0
 |   |   |- Guid:52E7466649162B58929D299D8C58133F BaseClass:/Game/WilliamStuff/Ai/SeekingAI/AiObject_PatrolPathPoint.AiObject_PatrolPathPoint_C NativeClass:/Script/Engine.Actor Name:AiObject_PatrolPathPoint_C_UAID_04D4C404EE25F86901_2118825692 Label:AiObject_PatrolPathPoint2 SpatiallyLoaded:1 Bounds:IsValid=true, Min=(X=1958.994 Y=995.825 Z=-2883.998), Max=(X=2392.379 Y=1267.365 Z=-2612.459) RuntimeGrid:None EditorOnly:0 RuntimeOnly:0 HLODRelevant:0
 |   |   |- Guid:53EFF122446F84E13A6630BCAAC6FCFD BaseClass: NativeClass:/Script/Engine.StaticMeshActor Name:StaticMeshActor_UAID_04D4C404EE25F26501_1561866415 Label:SM_Cube9 SpatiallyLoaded:1 Bounds:IsValid=true, Min=(X=1020.000 Y=3178.599 Z=-0.000), Max=(X=1120.000 Y=3809.229 Z=740.362) RuntimeGrid:None EditorOnly:0 RuntimeOnly:0 HLODRelevant:1 FolderPath:Playground FolderGuid:C73F09FC4215536B1DCE2A9E0A830C70
 |   |   |- Guid:56C142DB4D33FF7546736683ABFC3496 BaseClass: NativeClass:/Script/Engine.Actor Name:InvisBarrior_C_UAID_04D4C404EE25EE6501_1761849703 Label:InvisBarrior SpatiallyLoaded:1 Bounds:IsValid=true, Min=(X=1005.902 Y=581.468 Z=-143.083), Max=(X=1105.902 Y=5156.523 Z=625.212) RuntimeGrid:None EditorOnly:0 RuntimeOnly:0 HLODRelevant:0
 |   |   |- Guid:590F4D5943E8821CE7A4B5B2D64F0EB1 BaseClass: NativeClass:/Script/Engine.StaticMeshActor Name:StaticMeshActor_1 Label:SM_Cube SpatiallyLoaded:1 Bounds:IsValid=true, Min=(X=0.000 Y=0.000 Z=-50.000), Max=(X=1125.000 Y=5500.000 Z=0.000) RuntimeGrid:None EditorOnly:0 RuntimeOnly:0 HLODRelevant:1 FolderPath:Playground FolderGuid:C73F09FC4215536B1DCE2A9E0A830C70
 |   |   |- Guid:634935B140E19ADE84AC6DB2F317949A BaseClass: NativeClass:/Script/NavigationSystem.NavMeshBoundsVolume Name:NavMeshBoundsVolume_UAID_04D4C404EE25AB6901_1482473135 Label:NavMeshBoundsVolume2 SpatiallyLoaded:0 Bounds:IsValid=true, Min=(X=-2816.888 Y=-1524.020 Z=-2918.439), Max=(X=8196.189 Y=9489.058 Z=-2718.439) RuntimeGrid:None EditorOnly:0 RuntimeOnly:0 HLODRelevant:0
 |   |   |- Guid:68F6E68944409604F8CE5993A148D604 BaseClass: NativeClass:/Script/Engine.TriggerBox Name:TriggerBox_UAID_7486E236A1C3896601_1528352986 Label:MoveBlockButtonTB SpatiallyLoaded:1 Bounds:IsValid=true, Min=(X=438.164 Y=3482.948 Z=63.411), Max=(X=1083.789 Y=3594.406 Z=193.083) RuntimeGrid:None EditorOnly:0 RuntimeOnly:0 HLODRelevant:0
 |   |   |- Guid:72D5F17B4B1951880CE95EB510EE760B BaseClass:/Game/WilliamStuff/Materials+Assets/InvisBarrior.InvisBarrior_C NativeClass:/Script/Engine.Actor Name:InvisBarrior_C_UAID_04D4C404EE25EE6501_1834829704 Label:InvisBarrior2 SpatiallyLoaded:1 Bounds:IsValid=true, Min=(X=499.146 Y=93.625 Z=-143.083), Max=(X=599.146 Y=4932.992 Z=625.212) RuntimeGrid:None EditorOnly:0 RuntimeOnly:0 HLODRelevant:0
 |   |   |- Guid:80F97C854C0E2A0F7BC75AA39794AC9B BaseClass:/Game/WilliamStuff/Materials+Assets/SafeCorners.SafeCorners_C NativeClass:/Script/Engine.Actor Name:SafeCorners_C_UAID_04D4C404ED0EC66701_1444882779 Label:SafeCorners2 SpatiallyLoaded:1 Bounds:IsValid=true, Min=(X=1044.584 Y=2214.128 Z=-24.420), Max=(X=1144.584 Y=2839.128 Z=181.830) RuntimeGrid:None EditorOnly:0 RuntimeOnly:0 HLODRelevant:0
 |   |   |- Guid:894CA41943DC1E741E7C1DB539CB5A0E BaseClass:/Game/WilliamStuff/Ai/SeekingAI/AIMovevment/AiObject_PatrolStartPoint.AiObject_PatrolStartPoint_C NativeClass:/Script/Engine.Actor Name:AiObject_PatrolStartPoint_C_UAID_04D4C404EE25F86901_2043863688 Label:AiObject_PatrolStartPoint SpatiallyLoaded:1 Bounds:IsValid=true, Min=(X=1921.789 Y=992.951 Z=-2883.998), Max=(X=2355.174 Y=1264.490 Z=-2612.459) RuntimeGrid:None EditorOnly:0 RuntimeOnly:0 HLODRelevant:0
 |   |   |- Guid:8A9A338243E1955DB4C04E9178EC1AB7 BaseClass: NativeClass:/Script/Engine.StaticMeshActor Name:StaticMeshActor_UAID_04D4C404ED0E2D6601_2002106791 Label:SM_Cube4 SpatiallyLoaded:1 Bounds:IsValid=true, Min=(X=-50.000 Y=-0.000 Z=-2362.865), Max=(X=0.000 Y=5500.000 Z=-35.680) RuntimeGrid:None EditorOnly:0 RuntimeOnly:0 HLODRelevant:1 FolderPath:Playground FolderGuid:C73F09FC4215536B1DCE2A9E0A830C70
 |   |   |- Guid:8FFADD5A43D5152530E9E986ECF3DDF4 BaseClass: NativeClass:/Script/Engine.TargetPoint Name:TargetPoint_UAID_04D4C404ED0EC66701_1917181781 Label:PlayerOrientationDirection SpatiallyLoaded:1 Bounds:IsValid=true, Min=(X=933.239 Y=4769.449 Z=134.436), Max=(X=933.239 Y=4769.449 Z=134.436) RuntimeGrid:None EditorOnly:0 RuntimeOnly:0 HLODRelevant:0
 |   |   |- Guid:91613C174DC77B2ADC93868FF6EAC092 BaseClass:/Game/WilliamStuff/Materials+Assets/SafeCorners.SafeCorners_C NativeClass:/Script/Engine.Actor Name:SafeCorners_C_UAID_04D4C404ED0EC86701_1443980134 Label:SafeCorners SpatiallyLoaded:1 Bounds:IsValid=true, Min=(X=1008.806 Y=2217.592 Z=-15.169), Max=(X=1108.806 Y=2808.217 Z=144.206) RuntimeGrid:None EditorOnly:0 RuntimeOnly:0 HLODRelevant:0
 |   |   |- Guid:AD4AAC9F4A8F324BC93B74862B8B0115 BaseClass:/Game/WilliamStuff/ResetCameraMovement2D.ResetCameraMovement2D_C NativeClass:/Script/Engine.Actor Name:ResetCameraMovement2D_C_UAID_7486E236A1C7546901_1087847826 Label:ResetCameraMovement2D SpatiallyLoaded:1 Bounds:IsValid=true, Min=(X=19.005 Y=5050.026 Z=-400.996), Max=(X=1121.190 Y=5409.877 Z=400.996) RuntimeGrid:None EditorOnly:0 RuntimeOnly:0 HLODRelevant:0
 |   |   |- Guid:AEA0275A4528F9E48937C0BD25D3F566 BaseClass: NativeClass:/Script/Engine.PlayerStart Name:PlayerStart_0 Label:PlayerStart SpatiallyLoaded:0 Bounds:IsValid=true, Min=(X=831.504 Y=240.000 Z=0.013), Max=(X=911.504 Y=320.000 Z=184.013) RuntimeGrid:None EditorOnly:0 RuntimeOnly:0 HLODRelevant:0
 |   |   |- Guid:B42354904D14E36BF7B640B41293153D BaseClass:/Game/WilliamStuff/Ai/SeekingAI/AiObject_PatrolPathPoint.AiObject_PatrolPathPoint_C NativeClass:/Script/Engine.Actor Name:AiObject_PatrolPathPoint_C_UAID_04D4C404EE25F96901_2035165869 Label:AiObject_PatrolPathPoint SpatiallyLoaded:1 Bounds:IsValid=true, Min=(X=1767.508 Y=947.647 Z=-2883.998), Max=(X=2200.893 Y=1219.186 Z=-2612.459) RuntimeGrid:None EditorOnly:0 RuntimeOnly:0 HLODRelevant:0
 |   |   |- Guid:B5DEF5DA44E1E6166A753FB7022109E9 BaseClass: NativeClass:/Script/Engine.StaticMeshActor Name:StaticMeshActor_UAID_7486E236A1C7F16401_1192412190 Label:SM_Cube8 SpatiallyLoaded:1 Bounds:IsValid=true, Min=(X=1020.000 Y=2240.000 Z=0.000), Max=(X=1120.000 Y=2790.000 Z=102.033) RuntimeGrid:None EditorOnly:0 RuntimeOnly:0 HLODRelevant:1 FolderPath:Playground FolderGuid:C73F09FC4215536B1DCE2A9E0A830C70
 |   |   |- Guid:BBAAAD924ED3F10DE1067A9E8699458B BaseClass: NativeClass:/Script/Engine.StaticMeshActor Name:StaticMeshActor_UAID_04D4C404EE25F26501_1135904414 Label:Cube SpatiallyLoaded:1 Bounds:IsValid=true, Min=(X=-2020.164 Y=-1465.077 Z=-2859.200), Max=(X=5510.192 Y=7070.327 Z=-2759.200) RuntimeGrid:None EditorOnly:0 RuntimeOnly:0 HLODRelevant:1
 |   |   |- Guid:C26FE78941FCDF5943DC86ADA4A8AB03 BaseClass: NativeClass:/Script/Engine.WorldDataLayers Name:WorldDataLayers Label:WorldDataLayers-1 SpatiallyLoaded:0 Bounds:IsValid=true, Min=(X=0.000 Y=0.000 Z=0.000), Max=(X=0.000 Y=0.000 Z=0.000) RuntimeGrid:None EditorOnly:0 RuntimeOnly:0 HLODRelevant:0
 |   |   |- Guid:C8248A1C4D6767F31E212DA5FAF5E3A2 BaseClass: NativeClass:/Script/LevelSequence.LevelSequenceActor Name:LevelSequenceActor_UAID_04D4C401432E186701_1827768151 Label:BlockFal SpatiallyLoaded:0 Bounds:IsValid=true, Min=(X=993.857 Y=5146.367 Z=672.236), Max=(X=993.857 Y=5146.367 Z=672.236) RuntimeGrid:None EditorOnly:0 RuntimeOnly:0 HLODRelevant:0
 |   |   |- Guid:C91A27014ACC1CEB8CAED68FA136F99C BaseClass: NativeClass:/Script/Engine.StaticMeshActor Name:StaticMeshActor_UAID_7486E236A1C7E86401_1469360600 Label:SM_Cube7 SpatiallyLoaded:1 Bounds:IsValid=true, Min=(X=1020.000 Y=4910.000 Z=0.000), Max=(X=1120.000 Y=5810.000 Z=400.000) RuntimeGrid:None EditorOnly:0 RuntimeOnly:0 HLODRelevant:1 FolderPath:Playground FolderGuid:C73F09FC4215536B1DCE2A9E0A830C70
 |   |   |- Guid:D4611BF1485B6B3CE2D08F85ABEA6A85 BaseClass:/Game/WilliamStuff/TriggerCameraMovement2D.TriggerCameraMovement2D_C NativeClass:/Script/Engine.Actor Name:TriggerCameraMovement_C_UAID_7486E236A1C7526901_1307921472 Label:TriggerCameraMovement SpatiallyLoaded:1 Bounds:IsValid=true, Min=(X=-1771.360 Y=570.819 Z=-34.099), Max=(X=1051.906 Y=1176.554 Z=442.965) RuntimeGrid:None EditorOnly:0 RuntimeOnly:0 HLODRelevant:0
 |   |   |- Guid:D62E5F12453D7B463D2FC3AC1C437AD6 BaseClass: NativeClass:/Script/Engine.StaticMeshActor Name:StaticMeshActor_UAID_7486E236A1C3896601_1333633983 Label:SM_Cube12 SpatiallyLoaded:1 Bounds:IsValid=true, Min=(X=-109.531 Y=4800.068 Z=820.754), Max=(X=1146.719 Y=4900.068 Z=952.702) RuntimeGrid:None EditorOnly:0 RuntimeOnly:0 HLODRelevant:1 FolderPath:Playground FolderGuid:C73F09FC4215536B1DCE2A9E0A830C70
 |   |   |- Guid:E5235647476C3AB297085C8267E74222 BaseClass: NativeClass:/Script/Engine.StaticMeshActor Name:StaticMeshActor_UAID_7486E236A1C7F16401_1206729192 Label:SM_Cube10 SpatiallyLoaded:1 Bounds:IsValid=true, Min=(X=63.032 Y=4907.713 Z=0.000), Max=(X=1046.719 Y=5007.713 Z=225.000) RuntimeGrid:None EditorOnly:0 RuntimeOnly:0 HLODRelevant:1 FolderPath:Playground FolderGuid:C73F09FC4215536B1DCE2A9E0A830C70
 |   |   |- Guid:E88B4D334ED01622A1613089A0249DF1 BaseClass: NativeClass:/Script/Engine.StaticMeshActor Name:StaticMeshActor_6 Label:SM_Cube3 SpatiallyLoaded:1 Bounds:IsValid=true, Min=(X=0.000 Y=5480.000 Z=0.000), Max=(X=1125.000 Y=5580.000 Z=400.000) RuntimeGrid:None EditorOnly:0 RuntimeOnly:0 HLODRelevant:1 FolderPath:Playground FolderGuid:C73F09FC4215536B1DCE2A9E0A830C70
 |   |   |- Guid:EABD5E9F4834A72E0F6EF6BEC80EB477 BaseClass: NativeClass:/Script/Engine.VolumetricCloud Name:VolumetricCloud_0 Label:VolumetricCloud SpatiallyLoaded:0 Bounds:IsValid=true, Min=(X=0.000 Y=0.000 Z=820.000), Max=(X=0.000 Y=0.000 Z=820.000) RuntimeGrid:None EditorOnly:0 RuntimeOnly:0 HLODRelevant:0 FolderPath:Lighting FolderGuid:963EC3EB4002CCE9759E2EBA541A873A
 |   |   |- Guid:ECE37992422283FECABB8EAB45938649 BaseClass: NativeClass:/Script/Engine.StaticMeshActor Name:StaticMeshActor_UAID_7486E236A1C7E86401_1469359599 Label:SM_Cube6 SpatiallyLoaded:1 Bounds:IsValid=true, Min=(X=0.000 Y=5010.000 Z=0.000), Max=(X=100.000 Y=5910.000 Z=400.000) RuntimeGrid:None EditorOnly:0 RuntimeOnly:0 HLODRelevant:1 FolderPath:Playground FolderGuid:C73F09FC4215536B1DCE2A9E0A830C70
 |   |   |- Guid:F260579D45F0DB4DBE01E09D33918C91 BaseClass: NativeClass:/Script/NavigationSystem.NavMeshBoundsVolume Name:NavMeshBoundsVolume_UAID_04D4C404EE25DE6501_2035909887 Label:NavMeshBoundsVolume SpatiallyLoaded:0 Bounds:IsValid=true, Min=(X=-1772.331 Y=-1171.667 Z=-3002.562), Max=(X=5456.334 Y=7246.358 Z=-2802.562) RuntimeGrid:None EditorOnly:0 RuntimeOnly:0 HLODRelevant:0
 |   |   |- Guid:F5E039074C0B5B31F8F24ABBA73965AD BaseClass:/Game/WilliamStuff/Materials+Assets/SafeCorners.SafeCorners_C NativeClass:/Script/Engine.Actor Name:SafeCorners_C_UAID_04D4C404ED0EC66701_1454960780 Label:SafeCorners3 SpatiallyLoaded:1 Bounds:IsValid=true, Min=(X=1044.584 Y=3133.731 Z=5.802), Max=(X=1144.584 Y=3883.731 Z=524.552) RuntimeGrid:None EditorOnly:0 RuntimeOnly:0 HLODRelevant:0
 |   |   |- Guid:F89AE6CB43E9CCA689E6B68187425C59 BaseClass: NativeClass:/Script/Engine.SkyAtmosphere Name:SkyAtmosphere_0 Label:SkyAtmosphere SpatiallyLoaded:0 Bounds:IsValid=true, Min=(X=0.000 Y=0.000 Z=1020.000), Max=(X=0.000 Y=0.000 Z=1020.000) RuntimeGrid:None EditorOnly:0 RuntimeOnly:0 HLODRelevant:0 FolderPath:Lighting FolderGuid:963EC3EB4002CCE9759E2EBA541A873A
 |   |   |- Guid:F8E79D934EAB4E5D6BA06197154CBF78 BaseClass:/Game/WilliamStuff/Ai/SeekingAI/AIMovevment/AiObject_PatrolEndPoint.AiObject_PatrolEndPoint_C NativeClass:/Script/Engine.Actor Name:AiObject_PatrolEndPoint_C_UAID_04D4C404EE25F86901_2060243689 Label:AiObject_PatrolEndPoint SpatiallyLoaded:1 Bounds:IsValid=true, Min=(X=1919.568 Y=4308.102 Z=-2883.998), Max=(X=2352.953 Y=4579.641 Z=-2612.459) RuntimeGrid:None EditorOnly:0 RuntimeOnly:0 HLODRelevant:0
 |   |   |- Guid:FEBDA719465FCA0207B41DAC78476616 BaseClass: NativeClass:/Script/Engine.StaticMeshActor Name:StaticMeshActor_UAID_7486E236A1C3896601_1447729984 Label:SM_Cube13 SpatiallyLoaded:1 Bounds:IsValid=true, Min=(X=1014.461 Y=3488.331 Z=59.353), Max=(X=1046.719 Y=3588.331 Z=191.300) RuntimeGrid:None EditorOnly:0 RuntimeOnly:0 HLODRelevant:1 FolderPath:Playground FolderGuid:C73F09FC4215536B1DCE2A9E0A830C70
 |   |- [+] Clusters:
 |   |   |- [+] [  0]
 |   |   |   |- Guid:4A1162C34A526D6F105895A957440984 BaseClass: NativeClass:/Script/Engine.StaticMeshActor Name:StaticMeshActor_UAID_7486E236A1C7F16401_1224798193 Label:SM_Cube11 SpatiallyLoaded:1 Bounds:IsValid=true, Min=(X=1020.000 Y=1340.000 Z=0.000), Max=(X=1120.000 Y=1890.000 Z=575.000) RuntimeGrid:None EditorOnly:0 RuntimeOnly:0 HLODRelevant:1 FolderPath:Playground FolderGuid:C73F09FC4215536B1DCE2A9E0A830C70
 |   |   |- [+] [  1]
 |   |   |   |- Guid:10819B0B41F3411D6E3FBD8186C25869 BaseClass:/Game/DylanStuff/Push/BP_MoveableObject.BP_MoveableObject_C NativeClass:/Script/Engine.Actor Name:BP_MoveableObject_C_UAID_04D4C401432E666801_1910511935 Label:BP_MoveableObject SpatiallyLoaded:1 Bounds:IsValid=true, Min=(X=767.344 Y=1664.206 Z=5.920), Max=(X=864.382 Y=1761.712 Z=144.130) RuntimeGrid:None EditorOnly:0 RuntimeOnly:0 HLODRelevant:0
 |   |   |- [+] [  2]
 |   |   |   |- Guid:F260579D45F0DB4DBE01E09D33918C91 BaseClass: NativeClass:/Script/NavigationSystem.NavMeshBoundsVolume Name:NavMeshBoundsVolume_UAID_04D4C404EE25DE6501_2035909887 Label:NavMeshBoundsVolume SpatiallyLoaded:0 Bounds:IsValid=true, Min=(X=-1772.331 Y=-1171.667 Z=-3002.562), Max=(X=5456.334 Y=7246.358 Z=-2802.562) RuntimeGrid:None EditorOnly:0 RuntimeOnly:0 HLODRelevant:0
 |   |   |- [+] [  3]
 |   |   |   |- Guid:E88B4D334ED01622A1613089A0249DF1 BaseClass: NativeClass:/Script/Engine.StaticMeshActor Name:StaticMeshActor_6 Label:SM_Cube3 SpatiallyLoaded:1 Bounds:IsValid=true, Min=(X=0.000 Y=5480.000 Z=0.000), Max=(X=1125.000 Y=5580.000 Z=400.000) RuntimeGrid:None EditorOnly:0 RuntimeOnly:0 HLODRelevant:1 FolderPath:Playground FolderGuid:C73F09FC4215536B1DCE2A9E0A830C70
 |   |   |- [+] [  4]
 |   |   |   |- Guid:322330CC4CEF001B7ED38C9F1A5ABB05 BaseClass:/Game/WilliamStuff/Ai/SeekingAI/SeekingAI.SeekingAI_C NativeClass:/Script/Engine.Character Name:SeekingAI_C_UAID_04D4C404EE25F16501_1421879237 Label:SeekingAI SpatiallyLoaded:1 Bounds:IsValid=true, Min=(X=859.132 Y=-62.156 Z=-2769.646), Max=(X=3235.685 Y=2227.713 Z=2890.124) RuntimeGrid:None EditorOnly:0 RuntimeOnly:0 HLODRelevant:0
 |   |   |   |- Guid:22DCA1674565FD2C3D72D587886C4A86 BaseClass:/Game/WilliamStuff/Ai/SeekingAI/AiObject_PatrolPathPoint.AiObject_PatrolPathPoint_C NativeClass:/Script/Engine.Actor Name:AiObject_PatrolPathPoint_C_UAID_04D4C404EE25F86901_2103672690 Label:AiObject_PatrolPathPoint SpatiallyLoaded:1 Bounds:IsValid=true, Min=(X=1962.126 Y=4303.737 Z=-2883.998), Max=(X=2395.511 Y=4575.276 Z=-2612.459) RuntimeGrid:None EditorOnly:0 RuntimeOnly:0 HLODRelevant:0
 |   |   |   |- Guid:52E7466649162B58929D299D8C58133F BaseClass:/Game/WilliamStuff/Ai/SeekingAI/AiObject_PatrolPathPoint.AiObject_PatrolPathPoint_C NativeClass:/Script/Engine.Actor Name:AiObject_PatrolPathPoint_C_UAID_04D4C404EE25F86901_2118825692 Label:AiObject_PatrolPathPoint2 SpatiallyLoaded:1 Bounds:IsValid=true, Min=(X=1958.994 Y=995.825 Z=-2883.998), Max=(X=2392.379 Y=1267.365 Z=-2612.459) RuntimeGrid:None EditorOnly:0 RuntimeOnly:0 HLODRelevant:0
 |   |   |- [+] [  5]
 |   |   |   |- Guid:C8248A1C4D6767F31E212DA5FAF5E3A2 BaseClass: NativeClass:/Script/LevelSequence.LevelSequenceActor Name:LevelSequenceActor_UAID_04D4C401432E186701_1827768151 Label:BlockFal SpatiallyLoaded:0 Bounds:IsValid=true, Min=(X=993.857 Y=5146.367 Z=672.236), Max=(X=993.857 Y=5146.367 Z=672.236) RuntimeGrid:None EditorOnly:0 RuntimeOnly:0 HLODRelevant:0
 |   |   |- [+] [  6]
 |   |   |   |- Guid:353D7A35415B540316CE29ACD417A165 BaseClass: NativeClass:/Script/Engine.StaticMeshActor Name:StaticMeshActor_UAID_A4AE111137DC5EFB00_1110535423 Label:SM_SkySphere SpatiallyLoaded:1 Bounds:IsValid=true, Min=(X=-1638400.000 Y=-1638400.000 Z=-1638400.000), Max=(X=1638400.000 Y=1638400.000 Z=1638400.000) RuntimeGrid:None EditorOnly:0 RuntimeOnly:0 HLODRelevant:1 FolderPath:Lighting FolderGuid:963EC3EB4002CCE9759E2EBA541A873A
 |   |   |- [+] [  7]
 |   |   |   |- Guid:18778BB54092BC8FDCECDDA81B11C62C BaseClass: NativeClass:/Script/Engine.DirectionalLight Name:DirectionalLight_0 Label:DirectionalLight SpatiallyLoaded:0 Bounds:IsValid=true, Min=(X=-1048576.000 Y=-1048576.000 Z=-1048576.000), Max=(X=1048576.000 Y=1048576.000 Z=1048576.000) RuntimeGrid:None EditorOnly:0 RuntimeOnly:0 HLODRelevant:0 FolderPath:Lighting FolderGuid:963EC3EB4002CCE9759E2EBA541A873A
 |   |   |- [+] [  8]
 |   |   |   |- Guid:80F97C854C0E2A0F7BC75AA39794AC9B BaseClass:/Game/WilliamStuff/Materials+Assets/SafeCorners.SafeCorners_C NativeClass:/Script/Engine.Actor Name:SafeCorners_C_UAID_04D4C404ED0EC66701_1444882779 Label:SafeCorners2 SpatiallyLoaded:1 Bounds:IsValid=true, Min=(X=1044.584 Y=2214.128 Z=-24.420), Max=(X=1144.584 Y=2839.128 Z=181.830) RuntimeGrid:None EditorOnly:0 RuntimeOnly:0 HLODRelevant:0
 |   |   |- [+] [  9]
 |   |   |   |- Guid:56C142DB4D33FF7546736683ABFC3496 BaseClass: NativeClass:/Script/Engine.Actor Name:InvisBarrior_C_UAID_04D4C404EE25EE6501_1761849703 Label:InvisBarrior SpatiallyLoaded:1 Bounds:IsValid=true, Min=(X=1005.902 Y=581.468 Z=-143.083), Max=(X=1105.902 Y=5156.523 Z=625.212) RuntimeGrid:None EditorOnly:0 RuntimeOnly:0 HLODRelevant:0
 |   |   |- [+] [ 10]
 |   |   |   |- Guid:AEA0275A4528F9E48937C0BD25D3F566 BaseClass: NativeClass:/Script/Engine.PlayerStart Name:PlayerStart_0 Label:PlayerStart SpatiallyLoaded:0 Bounds:IsValid=true, Min=(X=831.504 Y=240.000 Z=0.013), Max=(X=911.504 Y=320.000 Z=184.013) RuntimeGrid:None EditorOnly:0 RuntimeOnly:0 HLODRelevant:0
 |   |   |- [+] [ 11]
 |   |   |   |- Guid:C26FE78941FCDF5943DC86ADA4A8AB03 BaseClass: NativeClass:/Script/Engine.WorldDataLayers Name:WorldDataLayers Label:WorldDataLayers-1 SpatiallyLoaded:0 Bounds:IsValid=true, Min=(X=0.000 Y=0.000 Z=0.000), Max=(X=0.000 Y=0.000 Z=0.000) RuntimeGrid:None EditorOnly:0 RuntimeOnly:0 HLODRelevant:0
 |   |   |- [+] [ 12]
 |   |   |   |- Guid:43A8DF8B489718D592B2D79AFA80AE09 BaseClass: NativeClass:/Script/Engine.ExponentialHeightFog Name:ExponentialHeightFog_0 Label:ExponentialHeightFog SpatiallyLoaded:0 Bounds:IsValid=true, Min=(X=-5600.000 Y=-50.000 Z=-6850.000), Max=(X=-5600.000 Y=-50.000 Z=-6850.000) RuntimeGrid:None EditorOnly:0 RuntimeOnly:0 HLODRelevant:0 FolderPath:Lighting FolderGuid:963EC3EB4002CCE9759E2EBA541A873A
 |   |   |- [+] [ 13]
 |   |   |   |- Guid:C91A27014ACC1CEB8CAED68FA136F99C BaseClass: NativeClass:/Script/Engine.StaticMeshActor Name:StaticMeshActor_UAID_7486E236A1C7E86401_1469360600 Label:SM_Cube7 SpatiallyLoaded:1 Bounds:IsValid=true, Min=(X=1020.000 Y=4910.000 Z=0.000), Max=(X=1120.000 Y=5810.000 Z=400.000) RuntimeGrid:None EditorOnly:0 RuntimeOnly:0 HLODRelevant:1 FolderPath:Playground FolderGuid:C73F09FC4215536B1DCE2A9E0A830C70
 |   |   |- [+] [ 14]
 |   |   |   |- Guid:894CA41943DC1E741E7C1DB539CB5A0E BaseClass:/Game/WilliamStuff/Ai/SeekingAI/AIMovevment/AiObject_PatrolStartPoint.AiObject_PatrolStartPoint_C NativeClass:/Script/Engine.Actor Name:AiObject_PatrolStartPoint_C_UAID_04D4C404EE25F86901_2043863688 Label:AiObject_PatrolStartPoint SpatiallyLoaded:1 Bounds:IsValid=true, Min=(X=1921.789 Y=992.951 Z=-2883.998), Max=(X=2355.174 Y=1264.490 Z=-2612.459) RuntimeGrid:None EditorOnly:0 RuntimeOnly:0 HLODRelevant:0
 |   |   |- [+] [ 15]
 |   |   |   |- Guid:B5DEF5DA44E1E6166A753FB7022109E9 BaseClass: NativeClass:/Script/Engine.StaticMeshActor Name:StaticMeshActor_UAID_7486E236A1C7F16401_1192412190 Label:SM_Cube8 SpatiallyLoaded:1 Bounds:IsValid=true, Min=(X=1020.000 Y=2240.000 Z=0.000), Max=(X=1120.000 Y=2790.000 Z=102.033) RuntimeGrid:None EditorOnly:0 RuntimeOnly:0 HLODRelevant:1 FolderPath:Playground FolderGuid:C73F09FC4215536B1DCE2A9E0A830C70
 |   |   |- [+] [ 16]
 |   |   |   |- Guid:4EE60F1241AA1A2BF42574A7279BD7AF BaseClass:/Game/WilliamStuff/Ai/SeekingAI/AIMovevment/AISweepingVer1.AISweepingVer1_C NativeClass:/Script/Engine.Actor Name:AISweepingVer1_C_UAID_04D4C404EE25F56901_1690854159 Label:AISweepingVer1 SpatiallyLoaded:1 Bounds:IsValid=true, Min=(X=148.882 Y=525.837 Z=-54.457), Max=(X=1276.418 Y=589.837 Z=708.986) RuntimeGrid:None EditorOnly:0 RuntimeOnly:0 HLODRelevant:0
 |   |   |- [+] [ 17]
 |   |   |   |- Guid:E5235647476C3AB297085C8267E74222 BaseClass: NativeClass:/Script/Engine.StaticMeshActor Name:StaticMeshActor_UAID_7486E236A1C7F16401_1206729192 Label:SM_Cube10 SpatiallyLoaded:1 Bounds:IsValid=true, Min=(X=63.032 Y=4907.713 Z=0.000), Max=(X=1046.719 Y=5007.713 Z=225.000) RuntimeGrid:None EditorOnly:0 RuntimeOnly:0 HLODRelevant:1 FolderPath:Playground FolderGuid:C73F09FC4215536B1DCE2A9E0A830C70
 |   |   |- [+] [ 18]
 |   |   |   |- Guid:590F4D5943E8821CE7A4B5B2D64F0EB1 BaseClass: NativeClass:/Script/Engine.StaticMeshActor Name:StaticMeshActor_1 Label:SM_Cube SpatiallyLoaded:1 Bounds:IsValid=true, Min=(X=0.000 Y=0.000 Z=-50.000), Max=(X=1125.000 Y=5500.000 Z=0.000) RuntimeGrid:None EditorOnly:0 RuntimeOnly:0 HLODRelevant:1 FolderPath:Playground FolderGuid:C73F09FC4215536B1DCE2A9E0A830C70
 |   |   |- [+] [ 19]
 |   |   |   |- Guid:F8E79D934EAB4E5D6BA06197154CBF78 BaseClass:/Game/WilliamStuff/Ai/SeekingAI/AIMovevment/AiObject_PatrolEndPoint.AiObject_PatrolEndPoint_C NativeClass:/Script/Engine.Actor Name:AiObject_PatrolEndPoint_C_UAID_04D4C404EE25F86901_2060243689 Label:AiObject_PatrolEndPoint SpatiallyLoaded:1 Bounds:IsValid=true, Min=(X=1919.568 Y=4308.102 Z=-2883.998), Max=(X=2352.953 Y=4579.641 Z=-2612.459) RuntimeGrid:None EditorOnly:0 RuntimeOnly:0 HLODRelevant:0
 |   |   |- [+] [ 20]
 |   |   |   |- Guid:3D7CFEF54CBE6D685CC076B817B54033 BaseClass: NativeClass:/Script/LevelSequence.LevelSequenceActor Name:LevelSequenceActor_UAID_04D4C401432E186701_1891543152 Label:BlockFal SpatiallyLoaded:0 Bounds:IsValid=true, Min=(X=1103.899 Y=4540.522 Z=895.174), Max=(X=1103.899 Y=4540.522 Z=895.174) RuntimeGrid:None EditorOnly:0 RuntimeOnly:0 HLODRelevant:0
 |   |   |- [+] [ 21]
 |   |   |   |- Guid:D4611BF1485B6B3CE2D08F85ABEA6A85 BaseClass:/Game/WilliamStuff/TriggerCameraMovement2D.TriggerCameraMovement2D_C NativeClass:/Script/Engine.Actor Name:TriggerCameraMovement_C_UAID_7486E236A1C7526901_1307921472 Label:TriggerCameraMovement SpatiallyLoaded:1 Bounds:IsValid=true, Min=(X=-1771.360 Y=570.819 Z=-34.099), Max=(X=1051.906 Y=1176.554 Z=442.965) RuntimeGrid:None EditorOnly:0 RuntimeOnly:0 HLODRelevant:0
 |   |   |- [+] [ 22]
 |   |   |   |- Guid:AD4AAC9F4A8F324BC93B74862B8B0115 BaseClass:/Game/WilliamStuff/ResetCameraMovement2D.ResetCameraMovement2D_C NativeClass:/Script/Engine.Actor Name:ResetCameraMovement2D_C_UAID_7486E236A1C7546901_1087847826 Label:ResetCameraMovement2D SpatiallyLoaded:1 Bounds:IsValid=true, Min=(X=19.005 Y=5050.026 Z=-400.996), Max=(X=1121.190 Y=5409.877 Z=400.996) RuntimeGrid:None EditorOnly:0 RuntimeOnly:0 HLODRelevant:0
 |   |   |- [+] [ 23]
 |   |   |   |- Guid:0CBAC1734A99A7B94F8EEBA6C5B119F7 BaseClass:/Game/WilliamStuff/Materials+Assets/SafeCorners.SafeCorners_C NativeClass:/Script/Engine.Actor Name:SafeCorners_C_UAID_04D4C404ED0EC66701_1368424778 Label:SafeCorners SpatiallyLoaded:1 Bounds:IsValid=true, Min=(X=1044.584 Y=1303.351 Z=5.802), Max=(X=1144.584 Y=1931.476 Z=524.552) RuntimeGrid:None EditorOnly:0 RuntimeOnly:0 HLODRelevant:0
 |   |   |- [+] [ 24]
 |   |   |   |- Guid:FEBDA719465FCA0207B41DAC78476616 BaseClass: NativeClass:/Script/Engine.StaticMeshActor Name:StaticMeshActor_UAID_7486E236A1C3896601_1447729984 Label:SM_Cube13 SpatiallyLoaded:1 Bounds:IsValid=true, Min=(X=1014.461 Y=3488.331 Z=59.353), Max=(X=1046.719 Y=3588.331 Z=191.300) RuntimeGrid:None EditorOnly:0 RuntimeOnly:0 HLODRelevant:1 FolderPath:Playground FolderGuid:C73F09FC4215536B1DCE2A9E0A830C70
 |   |   |- [+] [ 25]
 |   |   |   |- Guid:72D5F17B4B1951880CE95EB510EE760B BaseClass:/Game/WilliamStuff/Materials+Assets/InvisBarrior.InvisBarrior_C NativeClass:/Script/Engine.Actor Name:InvisBarrior_C_UAID_04D4C404EE25EE6501_1834829704 Label:InvisBarrior2 SpatiallyLoaded:1 Bounds:IsValid=true, Min=(X=499.146 Y=93.625 Z=-143.083), Max=(X=599.146 Y=4932.992 Z=625.212) RuntimeGrid:None EditorOnly:0 RuntimeOnly:0 HLODRelevant:0
 |   |   |- [+] [ 26]
 |   |   |   |- Guid:02D0064E49F7BBFDA65D8AA83B10B9E3 BaseClass: NativeClass:/Script/Engine.StaticMeshActor Name:StaticMeshActor_UAID_04D4C404ED0EC46701_2037004423 Label:SM_Cube14 SpatiallyLoaded:1 Bounds:IsValid=true, Min=(X=-80.274 Y=-0.000 Z=-201.958), Max=(X=670.875 Y=962.712 Z=198.042) RuntimeGrid:None EditorOnly:0 RuntimeOnly:0 HLODRelevant:1 FolderPath:Playground FolderGuid:C73F09FC4215536B1DCE2A9E0A830C70
 |   |   |- [+] [ 27]
 |   |   |   |- Guid:ECE37992422283FECABB8EAB45938649 BaseClass: NativeClass:/Script/Engine.StaticMeshActor Name:StaticMeshActor_UAID_7486E236A1C7E86401_1469359599 Label:SM_Cube6 SpatiallyLoaded:1 Bounds:IsValid=true, Min=(X=0.000 Y=5010.000 Z=0.000), Max=(X=100.000 Y=5910.000 Z=400.000) RuntimeGrid:None EditorOnly:0 RuntimeOnly:0 HLODRelevant:1 FolderPath:Playground FolderGuid:C73F09FC4215536B1DCE2A9E0A830C70
 |   |   |- [+] [ 28]
 |   |   |   |- Guid:430DD5E74E3665D8A02FA8996C52D5F1 BaseClass: NativeClass:/Script/Engine.StaticMeshActor Name:StaticMeshActor_UAID_7486E236A1C7E76401_1641856416 Label:SM_Cube5 SpatiallyLoaded:1 Bounds:IsValid=true, Min=(X=1020.000 Y=100.000 Z=0.000), Max=(X=1120.000 Y=1000.000 Z=400.000) RuntimeGrid:None EditorOnly:0 RuntimeOnly:0 HLODRelevant:1 FolderPath:Playground FolderGuid:C73F09FC4215536B1DCE2A9E0A830C70
 |   |   |- [+] [ 29]
 |   |   |   |- Guid:0AAF90C8429C2548D9EA8A8F3502641E BaseClass: NativeClass:/Script/Engine.PostProcessVolume Name:PostProcessVolume_0 Label:PostProcessVolume SpatiallyLoaded:0 Bounds:IsValid=true, Min=(X=0.000 Y=0.000 Z=400.000), Max=(X=200.000 Y=200.000 Z=600.000) RuntimeGrid:None EditorOnly:0 RuntimeOnly:0 HLODRelevant:0 FolderPath:Lighting FolderGuid:963EC3EB4002CCE9759E2EBA541A873A
 |   |   |- [+] [ 30]
 |   |   |   |- Guid:D62E5F12453D7B463D2FC3AC1C437AD6 BaseClass: NativeClass:/Script/Engine.StaticMeshActor Name:StaticMeshActor_UAID_7486E236A1C3896601_1333633983 Label:SM_Cube12 SpatiallyLoaded:1 Bounds:IsValid=true, Min=(X=-109.531 Y=4800.068 Z=820.754), Max=(X=1146.719 Y=4900.068 Z=952.702) RuntimeGrid:None EditorOnly:0 RuntimeOnly:0 HLODRelevant:1 FolderPath:Playground FolderGuid:C73F09FC4215536B1DCE2A9E0A830C70
 |   |   |- [+] [ 31]
 |   |   |   |- Guid:53EFF122446F84E13A6630BCAAC6FCFD BaseClass: NativeClass:/Script/Engine.StaticMeshActor Name:StaticMeshActor_UAID_04D4C404EE25F26501_1561866415 Label:SM_Cube9 SpatiallyLoaded:1 Bounds:IsValid=true, Min=(X=1020.000 Y=3178.599 Z=-0.000), Max=(X=1120.000 Y=3809.229 Z=740.362) RuntimeGrid:None EditorOnly:0 RuntimeOnly:0 HLODRelevant:1 FolderPath:Playground FolderGuid:C73F09FC4215536B1DCE2A9E0A830C70
 |   |   |- [+] [ 32]
 |   |   |   |- Guid:27F50EBC477FD156FB7E37853197E472 BaseClass: NativeClass:/Script/Engine.SkyLight Name:SkyLight_1 Label:SkyLight SpatiallyLoaded:0 Bounds:IsValid=true, Min=(X=0.000 Y=0.000 Z=690.000), Max=(X=0.000 Y=0.000 Z=690.000) RuntimeGrid:None EditorOnly:0 RuntimeOnly:0 HLODRelevant:0 FolderPath:Lighting FolderGuid:963EC3EB4002CCE9759E2EBA541A873A
 |   |   |- [+] [ 33]
 |   |   |   |- Guid:91613C174DC77B2ADC93868FF6EAC092 BaseClass:/Game/WilliamStuff/Materials+Assets/SafeCorners.SafeCorners_C NativeClass:/Script/Engine.Actor Name:SafeCorners_C_UAID_04D4C404ED0EC86701_1443980134 Label:SafeCorners SpatiallyLoaded:1 Bounds:IsValid=true, Min=(X=1008.806 Y=2217.592 Z=-15.169), Max=(X=1108.806 Y=2808.217 Z=144.206) RuntimeGrid:None EditorOnly:0 RuntimeOnly:0 HLODRelevant:0
 |   |   |- [+] [ 34]
 |   |   |   |- Guid:4DE1D22B4C6ADE44E9983D9CFF95297A BaseClass: NativeClass:/Script/Engine.StaticMeshActor Name:StaticMeshActor_5 Label:SM_Cube2 SpatiallyLoaded:1 Bounds:IsValid=true, Min=(X=0.000 Y=0.000 Z=0.000), Max=(X=1125.000 Y=100.000 Z=400.000) RuntimeGrid:None EditorOnly:0 RuntimeOnly:0 HLODRelevant:1 FolderPath:Playground FolderGuid:C73F09FC4215536B1DCE2A9E0A830C70
 |   |   |- [+] [ 35]
 |   |   |   |- Guid:BBAAAD924ED3F10DE1067A9E8699458B BaseClass: NativeClass:/Script/Engine.StaticMeshActor Name:StaticMeshActor_UAID_04D4C404EE25F26501_1135904414 Label:Cube SpatiallyLoaded:1 Bounds:IsValid=true, Min=(X=-2020.164 Y=-1465.077 Z=-2859.200), Max=(X=5510.192 Y=7070.327 Z=-2759.200) RuntimeGrid:None EditorOnly:0 RuntimeOnly:0 HLODRelevant:1
 |   |   |- [+] [ 36]
 |   |   |   |- Guid:634935B140E19ADE84AC6DB2F317949A BaseClass: NativeClass:/Script/NavigationSystem.NavMeshBoundsVolume Name:NavMeshBoundsVolume_UAID_04D4C404EE25AB6901_1482473135 Label:NavMeshBoundsVolume2 SpatiallyLoaded:0 Bounds:IsValid=true, Min=(X=-2816.888 Y=-1524.020 Z=-2918.439), Max=(X=8196.189 Y=9489.058 Z=-2718.439) RuntimeGrid:None EditorOnly:0 RuntimeOnly:0 HLODRelevant:0
 |   |   |- [+] [ 37]
 |   |   |   |- Guid:8A9A338243E1955DB4C04E9178EC1AB7 BaseClass: NativeClass:/Script/Engine.StaticMeshActor Name:StaticMeshActor_UAID_04D4C404ED0E2D6601_2002106791 Label:SM_Cube4 SpatiallyLoaded:1 Bounds:IsValid=true, Min=(X=-50.000 Y=-0.000 Z=-2362.865), Max=(X=0.000 Y=5500.000 Z=-35.680) RuntimeGrid:None EditorOnly:0 RuntimeOnly:0 HLODRelevant:1 FolderPath:Playground FolderGuid:C73F09FC4215536B1DCE2A9E0A830C70
 |   |   |- [+] [ 38]
 |   |   |   |- Guid:F89AE6CB43E9CCA689E6B68187425C59 BaseClass: NativeClass:/Script/Engine.SkyAtmosphere Name:SkyAtmosphere_0 Label:SkyAtmosphere SpatiallyLoaded:0 Bounds:IsValid=true, Min=(X=0.000 Y=0.000 Z=1020.000), Max=(X=0.000 Y=0.000 Z=1020.000) RuntimeGrid:None EditorOnly:0 RuntimeOnly:0 HLODRelevant:0 FolderPath:Lighting FolderGuid:963EC3EB4002CCE9759E2EBA541A873A
 |   |   |- [+] [ 39]
 |   |   |   |- Guid:F5E039074C0B5B31F8F24ABBA73965AD BaseClass:/Game/WilliamStuff/Materials+Assets/SafeCorners.SafeCorners_C NativeClass:/Script/Engine.Actor Name:SafeCorners_C_UAID_04D4C404ED0EC66701_1454960780 Label:SafeCorners3 SpatiallyLoaded:1 Bounds:IsValid=true, Min=(X=1044.584 Y=3133.731 Z=5.802), Max=(X=1144.584 Y=3883.731 Z=524.552) RuntimeGrid:None EditorOnly:0 RuntimeOnly:0 HLODRelevant:0
 |   |   |- [+] [ 40]
 |   |   |   |- Guid:68F6E68944409604F8CE5993A148D604 BaseClass: NativeClass:/Script/Engine.TriggerBox Name:TriggerBox_UAID_7486E236A1C3896601_1528352986 Label:MoveBlockButtonTB SpatiallyLoaded:1 Bounds:IsValid=true, Min=(X=438.164 Y=3482.948 Z=63.411), Max=(X=1083.789 Y=3594.406 Z=193.083) RuntimeGrid:None EditorOnly:0 RuntimeOnly:0 HLODRelevant:0
 |   |   |- [+] [ 41]
 |   |   |   |- Guid:EABD5E9F4834A72E0F6EF6BEC80EB477 BaseClass: NativeClass:/Script/Engine.VolumetricCloud Name:VolumetricCloud_0 Label:VolumetricCloud SpatiallyLoaded:0 Bounds:IsValid=true, Min=(X=0.000 Y=0.000 Z=820.000), Max=(X=0.000 Y=0.000 Z=820.000) RuntimeGrid:None EditorOnly:0 RuntimeOnly:0 HLODRelevant:0 FolderPath:Lighting FolderGuid:963EC3EB4002CCE9759E2EBA541A873A
 |   |   |- [+] [ 42]
 |   |   |   |- Guid:8FFADD5A43D5152530E9E986ECF3DDF4 BaseClass: NativeClass:/Script/Engine.TargetPoint Name:TargetPoint_UAID_04D4C404ED0EC66701_1917181781 Label:PlayerOrientationDirection SpatiallyLoaded:1 Bounds:IsValid=true, Min=(X=933.239 Y=4769.449 Z=134.436), Max=(X=933.239 Y=4769.449 Z=134.436) RuntimeGrid:None EditorOnly:0 RuntimeOnly:0 HLODRelevant:0
 |   |   |- [+] [ 43]
 |   |   |   |- Guid:B42354904D14E36BF7B640B41293153D BaseClass:/Game/WilliamStuff/Ai/SeekingAI/AiObject_PatrolPathPoint.AiObject_PatrolPathPoint_C NativeClass:/Script/Engine.Actor Name:AiObject_PatrolPathPoint_C_UAID_04D4C404EE25F96901_2035165869 Label:AiObject_PatrolPathPoint SpatiallyLoaded:1 Bounds:IsValid=true, Min=(X=1767.508 Y=947.647 Z=-2883.998), Max=(X=2200.893 Y=1219.186 Z=-2612.459) RuntimeGrid:None EditorOnly:0 RuntimeOnly:0 HLODRelevant:0
 |   |   |- [+] [ 44]
 |   |   |   |- Guid:24B2C6C14319E0D992888AB1A85BD6C9 BaseClass:/Game/WilliamStuff/Ai/SeekingAI/AiObject_PatrolPathPoint.AiObject_PatrolPathPoint_C NativeClass:/Script/Engine.Actor Name:AiObject_PatrolPathPoint_C_UAID_04D4C404EE25F96901_2047943870 Label:AiObject_PatrolPathPoint2 SpatiallyLoaded:1 Bounds:IsValid=true, Min=(X=1767.508 Y=4896.232 Z=-2883.998), Max=(X=2200.893 Y=5167.771 Z=-2612.459) RuntimeGrid:None EditorOnly:0 RuntimeOnly:0 HLODRelevant:0
 |- ContainerInstances:
 |- [+] MainContainer:
 |   |-        ID: 0x0000000000000000
 |   |-    Bounds: IsValid=false, Min=(X=0.000 Y=0.000 Z=0.000), Max=(X=0.000 Y=0.000 Z=0.000)
 |   |- Transform: 0.000000,0.000000,0.000000|0.000000,0.000000,-0.000000|1.000000,1.000000,1.000000
 |   |- Container: /Game/WilliamStuff/Levels/2dSectionTest
----------------------------------------------------------------------------------------------------------------
2dSectionTest - Persistent Level
----------------------------------------------------------------------------------------------------------------
Always loaded Actor Count: 61 

----------------------------------------------------------------------------------------------------------------
2dSectionTest - Runtime Spatial Hash - Streaming Grid - MainGrid
----------------------------------------------------------------------------------------------------------------
            Origin: X=0.000 Y=0.000 Z=0.000
         Cell Size: 12800
      World Bounds: IsValid=false, Min=(X=0.000 Y=0.000 Z=0.000), Max=(X=0.000 Y=0.000 Z=0.000)
     Loading Range: 25600.00
Block Slow Loading: No
 ClientOnlyVisible: No

[+] Grid Levels: 1
 |- Level  0: Cell Count    0 | Cell Size   12800 | Actor Count    0 (0.0%)

[+] Content of Grid Level 0

