[+] Containers:
 |- [+] Container: /Game/WilliamStuff/Levels/ChaseSceneTest_2
 |   |- [+] ActorDescs:
 |   |   |- Guid:00AFD714442A87053A4E38B6D3CD5DC7 BaseClass: NativeClass:/Script/Engine.StaticMeshActor Name:StaticMeshActor_UAID_04D4C404EDB05D6801_1264035354 Label:SM_Cube16 SpatiallyLoaded:1 Bounds:IsValid=true, Min=(X=-40.794 Y=4248.084 Z=0.000), Max=(X=1121.706 Y=4476.209 Z=403.125) RuntimeGrid:None EditorOnly:0 RuntimeOnly:0 HLODRelevant:1 FolderPath:Playground FolderGuid:C73F09FC4215536B1DCE2A9E0A830C70
 |   |   |- Guid:15EA89FA41DF3311C0556DBFD00C4F65 BaseClass: NativeClass:/Script/Engine.StaticMeshActor Name:StaticMeshActor_UAID_7486E236B8A6796C01_1402679507 Label:Cube SpatiallyLoaded:1 Bounds:IsValid=true, Min=(X=-11.076 Y=2.596 Z=-74.846), Max=(X=419.579 Y=102.596 Z=566.238) RuntimeGrid:None EditorOnly:0 RuntimeOnly:0 HLODRelevant:1
 |   |   |- Guid:1C271FD149783688C0D85294A44A7A31 BaseClass: NativeClass:/Script/Engine.StaticMeshActor Name:StaticMeshActor_UAID_7486E236A1C7E76401_1663003417 Label:InvisWall SpatiallyLoaded:1 Bounds:IsValid=true, Min=(X=1070.000 Y=540.000 Z=0.000), Max=(X=1170.000 Y=4990.000 Z=400.000) RuntimeGrid:None EditorOnly:0 RuntimeOnly:0 HLODRelevant:1 FolderPath:Playground FolderGuid:C73F09FC4215536B1DCE2A9E0A830C70
 |   |   |- Guid:1EFA2F764036F63DD9787689F23322A7 BaseClass: NativeClass:/Script/Engine.StaticMeshActor Name:StaticMeshActor_UAID_7486E236B8A6796C01_1430346508 Label:Cube2 SpatiallyLoaded:1 Bounds:IsValid=true, Min=(X=791.905 Y=2.596 Z=-74.846), Max=(X=1222.561 Y=102.596 Z=566.238) RuntimeGrid:None EditorOnly:0 RuntimeOnly:0 HLODRelevant:1
 |   |   |- Guid:209D47064E665B33876FBD966445D125 BaseClass:/Game/DylanStuff/Push/BP_MoveableObject.BP_MoveableObject_C NativeClass:/Script/Engine.Actor Name:BP_MoveableObject_C_UAID_7486E236B8A6786C01_1600445327 Label:BP_MoveableObject SpatiallyLoaded:1 Bounds:IsValid=true, Min=(X=1.324 Y=-1120.866 Z=-50.525), Max=(X=163.053 Y=-958.356 Z=179.826) RuntimeGrid:None EditorOnly:0 RuntimeOnly:0 HLODRelevant:0
 |   |   |- Guid:275FC96C43C7AB770B08D893F3962446 BaseClass: NativeClass:/Script/Engine.StaticMeshActor Name:StaticMeshActor_UAID_7486E236A1C7E76401_1972251419 Label:InvisWall2 SpatiallyLoaded:1 Bounds:IsValid=true, Min=(X=0.000 Y=470.000 Z=0.000), Max=(X=100.000 Y=4920.000 Z=400.000) RuntimeGrid:None EditorOnly:0 RuntimeOnly:0 HLODRelevant:1 FolderPath:Playground FolderGuid:C73F09FC4215536B1DCE2A9E0A830C70
 |   |   |- Guid:2C11591F489B093270A835A393FEABB9 BaseClass: NativeClass:/Script/Engine.StaticMeshActor Name:StaticMeshActor_UAID_04D4C404EDB0656801_1758017767 Label:SM_Cube19 SpatiallyLoaded:1 Bounds:IsValid=true, Min=(X=23.193 Y=2911.587 Z=0.000), Max=(X=251.318 Y=4074.087 Z=296.875) RuntimeGrid:None EditorOnly:0 RuntimeOnly:0 HLODRelevant:1 FolderPath:Playground FolderGuid:C73F09FC4215536B1DCE2A9E0A830C70
 |   |   |- Guid:2C864F62404E4ADF3431A1A7AB6334A7 BaseClass: NativeClass:/Script/Engine.StaticMeshActor Name:StaticMeshActor_UAID_A4AE111137DC5EFB00_1110535423 Label:SM_SkySphere SpatiallyLoaded:1 Bounds:IsValid=true, Min=(X=-1638400.000 Y=-1638400.000 Z=-1638400.000), Max=(X=1638400.000 Y=1638400.000 Z=1638400.000) RuntimeGrid:None EditorOnly:0 RuntimeOnly:0 HLODRelevant:1 FolderPath:Lighting FolderGuid:963EC3EB4002CCE9759E2EBA541A873A
 |   |   |- Guid:30325B824DF0E215C286B99EE1FDDC8A BaseClass:/Game/WilliamStuff/Ai/SeekingAI/AiObject_PatrolPathPoint.AiObject_PatrolPathPoint_C NativeClass:/Script/Engine.Actor Name:AiObject_PatrolPathPoint_C_UAID_7486E236B8A6906A01_1323361439 Label:AiObject_PatrolPathPoint SpatiallyLoaded:1 Bounds:IsValid=true, Min=(X=338.982 Y=4074.161 Z=-124.798), Max=(X=644.988 Y=4520.002 Z=146.741) RuntimeGrid:None EditorOnly:0 RuntimeOnly:0 HLODRelevant:0
 |   |   |- Guid:475FD2A74298ECC75A4D089CB45E61A8 BaseClass: NativeClass:/Script/Engine.StaticMeshActor Name:StaticMeshActor_UAID_04D4C404EDB05D6801_1275249355 Label:SM_Cube17 SpatiallyLoaded:1 Bounds:IsValid=true, Min=(X=364.630 Y=2396.474 Z=-0.000), Max=(X=702.130 Y=2837.530 Z=96.875) RuntimeGrid:None EditorOnly:0 RuntimeOnly:0 HLODRelevant:1 FolderPath:Playground FolderGuid:C73F09FC4215536B1DCE2A9E0A830C70
 |   |   |- Guid:4BAD6CDA4B1B7C780F1E888AF2442282 BaseClass:/Game/WilliamStuff/PressurePlate/PressurePlateDoor.PressurePlateDoor_C NativeClass:/Script/Engine.Actor Name:PressurePlateDoor_C_UAID_7486E236B8A6796C01_1382490506 Label:PressurePlateDoor SpatiallyLoaded:1 Bounds:IsValid=true, Min=(X=419.117 Y=2.271 Z=-0.000), Max=(X=795.955 Y=27.271 Z=565.257) RuntimeGrid:None EditorOnly:0 RuntimeOnly:0 HLODRelevant:0
 |   |   |- Guid:500FEB0942BD1EDBD94A51BA450658D5 BaseClass: NativeClass:/Script/Engine.StaticMeshActor Name:StaticMeshActor_UAID_7486E236A1C7F16401_1697852194 Label:SM_Cube12 SpatiallyLoaded:1 Bounds:IsValid=true, Min=(X=-3280.000 Y=-5998.924 Z=-102.266), Max=(X=5270.000 Y=10.000 Z=-52.266) RuntimeGrid:None EditorOnly:0 RuntimeOnly:0 HLODRelevant:1 FolderPath:Playground FolderGuid:C73F09FC4215536B1DCE2A9E0A830C70
 |   |   |- Guid:55F6587A467679FFBE6D85A41D6A0CF8 BaseClass: NativeClass:/Script/Engine.StaticMeshActor Name:StaticMeshActor_UAID_7486E236B8A6796C01_1447658509 Label:Cube3 SpatiallyLoaded:1 Bounds:IsValid=true, Min=(X=-439.278 Y=2.596 Z=-74.846), Max=(X=-8.622 Y=102.596 Z=566.238) RuntimeGrid:None EditorOnly:0 RuntimeOnly:0 HLODRelevant:1
 |   |   |- Guid:5DBFCE5D406ADFCDF7657FBBB14F1827 BaseClass: NativeClass:/Script/Engine.StaticMeshActor Name:StaticMeshActor_UAID_7486E236A1C7E86401_1469360600 Label:SM_Cube7 SpatiallyLoaded:1 Bounds:IsValid=true, Min=(X=1020.000 Y=4910.000 Z=0.000), Max=(X=1120.000 Y=5810.000 Z=400.000) RuntimeGrid:None EditorOnly:0 RuntimeOnly:0 HLODRelevant:1 FolderPath:Playground FolderGuid:C73F09FC4215536B1DCE2A9E0A830C70
 |   |   |- Guid:664D3C45409D4C95B3AECB84ECDAC840 BaseClass: NativeClass:/Script/Engine.PlayerStart Name:PlayerStart_0 Label:PlayerStart SpatiallyLoaded:0 Bounds:IsValid=true, Min=(X=430.000 Y=-1270.454 Z=0.013), Max=(X=510.000 Y=-1190.454 Z=184.013) RuntimeGrid:None EditorOnly:0 RuntimeOnly:0 HLODRelevant:0
 |   |   |- Guid:6FAB0F564B74AD9AF9365EA54F57F040 BaseClass: NativeClass:/Script/Engine.StaticMeshActor Name:StaticMeshActor_UAID_04D4C404EDB0656801_1777609768 Label:SM_Cube18 SpatiallyLoaded:1 Bounds:IsValid=true, Min=(X=-40.794 Y=4248.084 Z=383.420), Max=(X=259.206 Y=4476.209 Z=786.545) RuntimeGrid:None EditorOnly:0 RuntimeOnly:0 HLODRelevant:1 FolderPath:Playground FolderGuid:C73F09FC4215536B1DCE2A9E0A830C70
 |   |   |- Guid:6FFD10314DEF568CD1432FAEAED79A9E BaseClass: NativeClass:/Script/Engine.DirectionalLight Name:DirectionalLight_0 Label:DirectionalLight SpatiallyLoaded:0 Bounds:IsValid=true, Min=(X=-4398046511104.000 Y=-4398046511104.000 Z=-4398046511104.000), Max=(X=4398046511104.000 Y=4398046511104.000 Z=4398046511104.000) RuntimeGrid:None EditorOnly:0 RuntimeOnly:0 HLODRelevant:0 FolderPath:Lighting FolderGuid:963EC3EB4002CCE9759E2EBA541A873A
 |   |   |- Guid:7BB881954BF0222D708824AC1A361809 BaseClass:/Game/WilliamStuff/PressurePlate/PressureSwitch.PressureSwitch_C NativeClass:/Script/Engine.Actor Name:PressureSwitch_C_UAID_7486E236B8A6786C01_2088083328 Label:PressureSwitch SpatiallyLoaded:1 Bounds:IsValid=true, Min=(X=-359.992 Y=-1154.210 Z=-55.778), Max=(X=-80.184 Y=-874.402 Z=-23.778) RuntimeGrid:None EditorOnly:0 RuntimeOnly:0 HLODRelevant:0
 |   |   |- Guid:958B18914246955E2D3EFBB4DFDF5FF1 BaseClass: NativeClass:/Script/Engine.SkyAtmosphere Name:SkyAtmosphere_0 Label:SkyAtmosphere SpatiallyLoaded:0 Bounds:IsValid=true, Min=(X=0.000 Y=0.000 Z=1020.000), Max=(X=0.000 Y=0.000 Z=1020.000) RuntimeGrid:None EditorOnly:0 RuntimeOnly:0 HLODRelevant:0 FolderPath:Lighting FolderGuid:963EC3EB4002CCE9759E2EBA541A873A
 |   |   |- Guid:A024A0F54818C3D1E6A013BC68926CD7 BaseClass: NativeClass:/Script/Engine.StaticMeshActor Name:StaticMeshActor_UAID_04D4C404EDB05D6801_1231129352 Label:SM_Cube14 SpatiallyLoaded:1 Bounds:IsValid=true, Min=(X=-76.621 Y=2175.528 Z=-0.000), Max=(X=1085.879 Y=2616.584 Z=215.625) RuntimeGrid:None EditorOnly:0 RuntimeOnly:0 HLODRelevant:1 FolderPath:Playground FolderGuid:C73F09FC4215536B1DCE2A9E0A830C70
 |   |   |- Guid:A906722F41370C6B9C4036B9522F9345 BaseClass: NativeClass:/Script/Engine.ExponentialHeightFog Name:ExponentialHeightFog_0 Label:ExponentialHeightFog SpatiallyLoaded:0 Bounds:IsValid=true, Min=(X=-5600.000 Y=-50.000 Z=-6850.000), Max=(X=-5600.000 Y=-50.000 Z=-6850.000) RuntimeGrid:None EditorOnly:0 RuntimeOnly:0 HLODRelevant:0 FolderPath:Lighting FolderGuid:963EC3EB4002CCE9759E2EBA541A873A
 |   |   |- Guid:B42360AE449FF196143378B4400878C0 BaseClass: NativeClass:/Script/Engine.VolumetricCloud Name:VolumetricCloud_0 Label:VolumetricCloud SpatiallyLoaded:0 Bounds:IsValid=true, Min=(X=0.000 Y=0.000 Z=820.000), Max=(X=0.000 Y=0.000 Z=820.000) RuntimeGrid:None EditorOnly:0 RuntimeOnly:0 HLODRelevant:0 FolderPath:Lighting FolderGuid:963EC3EB4002CCE9759E2EBA541A873A
 |   |   |- Guid:B9A0F9E94740390745272FB18DD5E0DA BaseClass: NativeClass:/Script/Engine.StaticMeshActor Name:StaticMeshActor_1 Label:SM_Cube SpatiallyLoaded:1 Bounds:IsValid=true, Min=(X=0.000 Y=0.000 Z=-50.000), Max=(X=1125.000 Y=5500.000 Z=0.000) RuntimeGrid:None EditorOnly:0 RuntimeOnly:0 HLODRelevant:1 FolderPath:Playground FolderGuid:C73F09FC4215536B1DCE2A9E0A830C70
 |   |   |- Guid:C47DBAF44BD45AFA4A145480296D8A0A BaseClass: NativeClass:/Script/Engine.StaticMeshActor Name:StaticMeshActor_UAID_04D4C404EDB05D6801_1243278353 Label:SM_Cube15 SpatiallyLoaded:1 Bounds:IsValid=true, Min=(X=775.160 Y=2911.587 Z=0.000), Max=(X=1003.285 Y=4074.087 Z=296.875) RuntimeGrid:None EditorOnly:0 RuntimeOnly:0 HLODRelevant:1 FolderPath:Playground FolderGuid:C73F09FC4215536B1DCE2A9E0A830C70
 |   |   |- Guid:C50D3AC84D37C19F0E1A2F9ABD94053D BaseClass: NativeClass:/Script/Engine.WorldDataLayers Name:WorldDataLayers Label:WorldDataLayers-1 SpatiallyLoaded:0 Bounds:IsValid=true, Min=(X=0.000 Y=0.000 Z=0.000), Max=(X=0.000 Y=0.000 Z=0.000) RuntimeGrid:None EditorOnly:0 RuntimeOnly:0 HLODRelevant:0
 |   |   |- Guid:CA43432E464050F185693EB697CDCA47 BaseClass: NativeClass:/Script/Engine.StaticMeshActor Name:StaticMeshActor_UAID_04D4C404EDB0656801_1895243770 Label:SM_Cube21 SpatiallyLoaded:1 Bounds:IsValid=true, Min=(X=-76.621 Y=2019.290 Z=-1.367), Max=(X=1085.879 Y=2460.346 Z=114.258) RuntimeGrid:None EditorOnly:0 RuntimeOnly:0 HLODRelevant:1 FolderPath:Playground FolderGuid:C73F09FC4215536B1DCE2A9E0A830C70
 |   |   |- Guid:D4BA5EE94300524B8A3801A61F842634 BaseClass: NativeClass:/Script/Engine.StaticMeshActor Name:StaticMeshActor_UAID_7486E236A1C7F16401_1224798193 Label:SM_Cube11 SpatiallyLoaded:1 Bounds:IsValid=true, Min=(X=-76.621 Y=1448.944 Z=0.000), Max=(X=1085.879 Y=1890.000 Z=103.009) RuntimeGrid:None EditorOnly:0 RuntimeOnly:0 HLODRelevant:1 FolderPath:Playground FolderGuid:C73F09FC4215536B1DCE2A9E0A830C70
 |   |   |- Guid:D6985F064EB6E24A7788CF8047978E64 BaseClass: NativeClass:/Script/Engine.StaticMeshActor Name:StaticMeshActor_UAID_04D4C404EDB0656801_2015882771 Label:SM_Cube22 SpatiallyLoaded:1 Bounds:IsValid=true, Min=(X=364.630 Y=3974.066 Z=-0.000), Max=(X=702.130 Y=4415.123 Z=259.375) RuntimeGrid:None EditorOnly:0 RuntimeOnly:0 HLODRelevant:1 FolderPath:Playground FolderGuid:C73F09FC4215536B1DCE2A9E0A830C70
 |   |   |- Guid:D78D31CA43EF12C79E97CB8E4BD3D35B BaseClass: NativeClass:/Script/Engine.StaticMeshActor Name:StaticMeshActor_UAID_04D4C404EDB0656801_2020754772 Label:SM_Cube23 SpatiallyLoaded:1 Bounds:IsValid=true, Min=(X=364.630 Y=3626.839 Z=-0.000), Max=(X=702.130 Y=4067.895 Z=115.625) RuntimeGrid:None EditorOnly:0 RuntimeOnly:0 HLODRelevant:1 FolderPath:Playground FolderGuid:C73F09FC4215536B1DCE2A9E0A830C70
 |   |   |- Guid:DEACD14C44EF77EFC64C36A417E7BFDD BaseClass: NativeClass:/Script/Engine.SkyLight Name:SkyLight_1 Label:SkyLight SpatiallyLoaded:0 Bounds:IsValid=true, Min=(X=0.000 Y=0.000 Z=690.000), Max=(X=0.000 Y=0.000 Z=690.000) RuntimeGrid:None EditorOnly:0 RuntimeOnly:0 HLODRelevant:0 FolderPath:Lighting FolderGuid:963EC3EB4002CCE9759E2EBA541A873A
 |   |   |- Guid:E2ADB46B4E4F220569DBA98CF1DFB1EF BaseClass: NativeClass:/Script/Engine.StaticMeshActor Name:StaticMeshActor_UAID_04D4C404EDB0656801_1793669769 Label:SM_Cube20 SpatiallyLoaded:1 Bounds:IsValid=true, Min=(X=816.948 Y=4248.084 Z=383.420), Max=(X=1116.948 Y=4476.209 Z=786.545) RuntimeGrid:None EditorOnly:0 RuntimeOnly:0 HLODRelevant:1 FolderPath:Playground FolderGuid:C73F09FC4215536B1DCE2A9E0A830C70
 |   |   |- Guid:F169D8C8402FF4192641F5A4F32D04BE BaseClass: NativeClass:/Script/Engine.StaticMeshActor Name:StaticMeshActor_6 Label:SM_Cube3 SpatiallyLoaded:1 Bounds:IsValid=true, Min=(X=0.000 Y=5480.000 Z=0.000), Max=(X=1125.000 Y=5580.000 Z=400.000) RuntimeGrid:None EditorOnly:0 RuntimeOnly:0 HLODRelevant:1 FolderPath:Playground FolderGuid:C73F09FC4215536B1DCE2A9E0A830C70
 |   |   |- Guid:F80690FE4235BF0DA73182836C3C45C5 BaseClass: NativeClass:/Script/Engine.StaticMeshActor Name:StaticMeshActor_UAID_7486E236A1C7E86401_1469359599 Label:SM_Cube6 SpatiallyLoaded:1 Bounds:IsValid=true, Min=(X=0.000 Y=4910.000 Z=0.000), Max=(X=100.000 Y=5810.000 Z=400.000) RuntimeGrid:None EditorOnly:0 RuntimeOnly:0 HLODRelevant:1 FolderPath:Playground FolderGuid:C73F09FC4215536B1DCE2A9E0A830C70
 |   |- [+] Clusters:
 |   |   |- [+] [  0]
 |   |   |   |- Guid:A024A0F54818C3D1E6A013BC68926CD7 BaseClass: NativeClass:/Script/Engine.StaticMeshActor Name:StaticMeshActor_UAID_04D4C404EDB05D6801_1231129352 Label:SM_Cube14 SpatiallyLoaded:1 Bounds:IsValid=true, Min=(X=-76.621 Y=2175.528 Z=-0.000), Max=(X=1085.879 Y=2616.584 Z=215.625) RuntimeGrid:None EditorOnly:0 RuntimeOnly:0 HLODRelevant:1 FolderPath:Playground FolderGuid:C73F09FC4215536B1DCE2A9E0A830C70
 |   |   |- [+] [  1]
 |   |   |   |- Guid:5DBFCE5D406ADFCDF7657FBBB14F1827 BaseClass: NativeClass:/Script/Engine.StaticMeshActor Name:StaticMeshActor_UAID_7486E236A1C7E86401_1469360600 Label:SM_Cube7 SpatiallyLoaded:1 Bounds:IsValid=true, Min=(X=1020.000 Y=4910.000 Z=0.000), Max=(X=1120.000 Y=5810.000 Z=400.000) RuntimeGrid:None EditorOnly:0 RuntimeOnly:0 HLODRelevant:1 FolderPath:Playground FolderGuid:C73F09FC4215536B1DCE2A9E0A830C70
 |   |   |- [+] [  2]
 |   |   |   |- Guid:00AFD714442A87053A4E38B6D3CD5DC7 BaseClass: NativeClass:/Script/Engine.StaticMeshActor Name:StaticMeshActor_UAID_04D4C404EDB05D6801_1264035354 Label:SM_Cube16 SpatiallyLoaded:1 Bounds:IsValid=true, Min=(X=-40.794 Y=4248.084 Z=0.000), Max=(X=1121.706 Y=4476.209 Z=403.125) RuntimeGrid:None EditorOnly:0 RuntimeOnly:0 HLODRelevant:1 FolderPath:Playground FolderGuid:C73F09FC4215536B1DCE2A9E0A830C70
 |   |   |- [+] [  3]
 |   |   |   |- Guid:C50D3AC84D37C19F0E1A2F9ABD94053D BaseClass: NativeClass:/Script/Engine.WorldDataLayers Name:WorldDataLayers Label:WorldDataLayers-1 SpatiallyLoaded:0 Bounds:IsValid=true, Min=(X=0.000 Y=0.000 Z=0.000), Max=(X=0.000 Y=0.000 Z=0.000) RuntimeGrid:None EditorOnly:0 RuntimeOnly:0 HLODRelevant:0
 |   |   |- [+] [  4]
 |   |   |   |- Guid:B9A0F9E94740390745272FB18DD5E0DA BaseClass: NativeClass:/Script/Engine.StaticMeshActor Name:StaticMeshActor_1 Label:SM_Cube SpatiallyLoaded:1 Bounds:IsValid=true, Min=(X=0.000 Y=0.000 Z=-50.000), Max=(X=1125.000 Y=5500.000 Z=0.000) RuntimeGrid:None EditorOnly:0 RuntimeOnly:0 HLODRelevant:1 FolderPath:Playground FolderGuid:C73F09FC4215536B1DCE2A9E0A830C70
 |   |   |- [+] [  5]
 |   |   |   |- Guid:D6985F064EB6E24A7788CF8047978E64 BaseClass: NativeClass:/Script/Engine.StaticMeshActor Name:StaticMeshActor_UAID_04D4C404EDB0656801_2015882771 Label:SM_Cube22 SpatiallyLoaded:1 Bounds:IsValid=true, Min=(X=364.630 Y=3974.066 Z=-0.000), Max=(X=702.130 Y=4415.123 Z=259.375) RuntimeGrid:None EditorOnly:0 RuntimeOnly:0 HLODRelevant:1 FolderPath:Playground FolderGuid:C73F09FC4215536B1DCE2A9E0A830C70
 |   |   |- [+] [  6]
 |   |   |   |- Guid:2C11591F489B093270A835A393FEABB9 BaseClass: NativeClass:/Script/Engine.StaticMeshActor Name:StaticMeshActor_UAID_04D4C404EDB0656801_1758017767 Label:SM_Cube19 SpatiallyLoaded:1 Bounds:IsValid=true, Min=(X=23.193 Y=2911.587 Z=0.000), Max=(X=251.318 Y=4074.087 Z=296.875) RuntimeGrid:None EditorOnly:0 RuntimeOnly:0 HLODRelevant:1 FolderPath:Playground FolderGuid:C73F09FC4215536B1DCE2A9E0A830C70
 |   |   |- [+] [  7]
 |   |   |   |- Guid:D4BA5EE94300524B8A3801A61F842634 BaseClass: NativeClass:/Script/Engine.StaticMeshActor Name:StaticMeshActor_UAID_7486E236A1C7F16401_1224798193 Label:SM_Cube11 SpatiallyLoaded:1 Bounds:IsValid=true, Min=(X=-76.621 Y=1448.944 Z=0.000), Max=(X=1085.879 Y=1890.000 Z=103.009) RuntimeGrid:None EditorOnly:0 RuntimeOnly:0 HLODRelevant:1 FolderPath:Playground FolderGuid:C73F09FC4215536B1DCE2A9E0A830C70
 |   |   |- [+] [  8]
 |   |   |   |- Guid:275FC96C43C7AB770B08D893F3962446 BaseClass: NativeClass:/Script/Engine.StaticMeshActor Name:StaticMeshActor_UAID_7486E236A1C7E76401_1972251419 Label:InvisWall2 SpatiallyLoaded:1 Bounds:IsValid=true, Min=(X=0.000 Y=470.000 Z=0.000), Max=(X=100.000 Y=4920.000 Z=400.000) RuntimeGrid:None EditorOnly:0 RuntimeOnly:0 HLODRelevant:1 FolderPath:Playground FolderGuid:C73F09FC4215536B1DCE2A9E0A830C70
 |   |   |- [+] [  9]
 |   |   |   |- Guid:B42360AE449FF196143378B4400878C0 BaseClass: NativeClass:/Script/Engine.VolumetricCloud Name:VolumetricCloud_0 Label:VolumetricCloud SpatiallyLoaded:0 Bounds:IsValid=true, Min=(X=0.000 Y=0.000 Z=820.000), Max=(X=0.000 Y=0.000 Z=820.000) RuntimeGrid:None EditorOnly:0 RuntimeOnly:0 HLODRelevant:0 FolderPath:Lighting FolderGuid:963EC3EB4002CCE9759E2EBA541A873A
 |   |   |- [+] [ 10]
 |   |   |   |- Guid:DEACD14C44EF77EFC64C36A417E7BFDD BaseClass: NativeClass:/Script/Engine.SkyLight Name:SkyLight_1 Label:SkyLight SpatiallyLoaded:0 Bounds:IsValid=true, Min=(X=0.000 Y=0.000 Z=690.000), Max=(X=0.000 Y=0.000 Z=690.000) RuntimeGrid:None EditorOnly:0 RuntimeOnly:0 HLODRelevant:0 FolderPath:Lighting FolderGuid:963EC3EB4002CCE9759E2EBA541A873A
 |   |   |- [+] [ 11]
 |   |   |   |- Guid:1C271FD149783688C0D85294A44A7A31 BaseClass: NativeClass:/Script/Engine.StaticMeshActor Name:StaticMeshActor_UAID_7486E236A1C7E76401_1663003417 Label:InvisWall SpatiallyLoaded:1 Bounds:IsValid=true, Min=(X=1070.000 Y=540.000 Z=0.000), Max=(X=1170.000 Y=4990.000 Z=400.000) RuntimeGrid:None EditorOnly:0 RuntimeOnly:0 HLODRelevant:1 FolderPath:Playground FolderGuid:C73F09FC4215536B1DCE2A9E0A830C70
 |   |   |- [+] [ 12]
 |   |   |   |- Guid:664D3C45409D4C95B3AECB84ECDAC840 BaseClass: NativeClass:/Script/Engine.PlayerStart Name:PlayerStart_0 Label:PlayerStart SpatiallyLoaded:0 Bounds:IsValid=true, Min=(X=430.000 Y=-1270.454 Z=0.013), Max=(X=510.000 Y=-1190.454 Z=184.013) RuntimeGrid:None EditorOnly:0 RuntimeOnly:0 HLODRelevant:0
 |   |   |- [+] [ 13]
 |   |   |   |- Guid:30325B824DF0E215C286B99EE1FDDC8A BaseClass:/Game/WilliamStuff/Ai/SeekingAI/AiObject_PatrolPathPoint.AiObject_PatrolPathPoint_C NativeClass:/Script/Engine.Actor Name:AiObject_PatrolPathPoint_C_UAID_7486E236B8A6906A01_1323361439 Label:AiObject_PatrolPathPoint SpatiallyLoaded:1 Bounds:IsValid=true, Min=(X=338.982 Y=4074.161 Z=-124.798), Max=(X=644.988 Y=4520.002 Z=146.741) RuntimeGrid:None EditorOnly:0 RuntimeOnly:0 HLODRelevant:0
 |   |   |- [+] [ 14]
 |   |   |   |- Guid:475FD2A74298ECC75A4D089CB45E61A8 BaseClass: NativeClass:/Script/Engine.StaticMeshActor Name:StaticMeshActor_UAID_04D4C404EDB05D6801_1275249355 Label:SM_Cube17 SpatiallyLoaded:1 Bounds:IsValid=true, Min=(X=364.630 Y=2396.474 Z=-0.000), Max=(X=702.130 Y=2837.530 Z=96.875) RuntimeGrid:None EditorOnly:0 RuntimeOnly:0 HLODRelevant:1 FolderPath:Playground FolderGuid:C73F09FC4215536B1DCE2A9E0A830C70
 |   |   |- [+] [ 15]
 |   |   |   |- Guid:CA43432E464050F185693EB697CDCA47 BaseClass: NativeClass:/Script/Engine.StaticMeshActor Name:StaticMeshActor_UAID_04D4C404EDB0656801_1895243770 Label:SM_Cube21 SpatiallyLoaded:1 Bounds:IsValid=true, Min=(X=-76.621 Y=2019.290 Z=-1.367), Max=(X=1085.879 Y=2460.346 Z=114.258) RuntimeGrid:None EditorOnly:0 RuntimeOnly:0 HLODRelevant:1 FolderPath:Playground FolderGuid:C73F09FC4215536B1DCE2A9E0A830C70
 |   |   |- [+] [ 16]
 |   |   |   |- Guid:6FAB0F564B74AD9AF9365EA54F57F040 BaseClass: NativeClass:/Script/Engine.StaticMeshActor Name:StaticMeshActor_UAID_04D4C404EDB0656801_1777609768 Label:SM_Cube18 SpatiallyLoaded:1 Bounds:IsValid=true, Min=(X=-40.794 Y=4248.084 Z=383.420), Max=(X=259.206 Y=4476.209 Z=786.545) RuntimeGrid:None EditorOnly:0 RuntimeOnly:0 HLODRelevant:1 FolderPath:Playground FolderGuid:C73F09FC4215536B1DCE2A9E0A830C70
 |   |   |- [+] [ 17]
 |   |   |   |- Guid:A906722F41370C6B9C4036B9522F9345 BaseClass: NativeClass:/Script/Engine.ExponentialHeightFog Name:ExponentialHeightFog_0 Label:ExponentialHeightFog SpatiallyLoaded:0 Bounds:IsValid=true, Min=(X=-5600.000 Y=-50.000 Z=-6850.000), Max=(X=-5600.000 Y=-50.000 Z=-6850.000) RuntimeGrid:None EditorOnly:0 RuntimeOnly:0 HLODRelevant:0 FolderPath:Lighting FolderGuid:963EC3EB4002CCE9759E2EBA541A873A
 |   |   |- [+] [ 18]
 |   |   |   |- Guid:6FFD10314DEF568CD1432FAEAED79A9E BaseClass: NativeClass:/Script/Engine.DirectionalLight Name:DirectionalLight_0 Label:DirectionalLight SpatiallyLoaded:0 Bounds:IsValid=true, Min=(X=-4398046511104.000 Y=-4398046511104.000 Z=-4398046511104.000), Max=(X=4398046511104.000 Y=4398046511104.000 Z=4398046511104.000) RuntimeGrid:None EditorOnly:0 RuntimeOnly:0 HLODRelevant:0 FolderPath:Lighting FolderGuid:963EC3EB4002CCE9759E2EBA541A873A
 |   |   |- [+] [ 19]
 |   |   |   |- Guid:C47DBAF44BD45AFA4A145480296D8A0A BaseClass: NativeClass:/Script/Engine.StaticMeshActor Name:StaticMeshActor_UAID_04D4C404EDB05D6801_1243278353 Label:SM_Cube15 SpatiallyLoaded:1 Bounds:IsValid=true, Min=(X=775.160 Y=2911.587 Z=0.000), Max=(X=1003.285 Y=4074.087 Z=296.875) RuntimeGrid:None EditorOnly:0 RuntimeOnly:0 HLODRelevant:1 FolderPath:Playground FolderGuid:C73F09FC4215536B1DCE2A9E0A830C70
 |   |   |- [+] [ 20]
 |   |   |   |- Guid:E2ADB46B4E4F220569DBA98CF1DFB1EF BaseClass: NativeClass:/Script/Engine.StaticMeshActor Name:StaticMeshActor_UAID_04D4C404EDB0656801_1793669769 Label:SM_Cube20 SpatiallyLoaded:1 Bounds:IsValid=true, Min=(X=816.948 Y=4248.084 Z=383.420), Max=(X=1116.948 Y=4476.209 Z=786.545) RuntimeGrid:None EditorOnly:0 RuntimeOnly:0 HLODRelevant:1 FolderPath:Playground FolderGuid:C73F09FC4215536B1DCE2A9E0A830C70
 |   |   |- [+] [ 21]
 |   |   |   |- Guid:F80690FE4235BF0DA73182836C3C45C5 BaseClass: NativeClass:/Script/Engine.StaticMeshActor Name:StaticMeshActor_UAID_7486E236A1C7E86401_1469359599 Label:SM_Cube6 SpatiallyLoaded:1 Bounds:IsValid=true, Min=(X=0.000 Y=4910.000 Z=0.000), Max=(X=100.000 Y=5810.000 Z=400.000) RuntimeGrid:None EditorOnly:0 RuntimeOnly:0 HLODRelevant:1 FolderPath:Playground FolderGuid:C73F09FC4215536B1DCE2A9E0A830C70
 |   |   |- [+] [ 22]
 |   |   |   |- Guid:2C864F62404E4ADF3431A1A7AB6334A7 BaseClass: NativeClass:/Script/Engine.StaticMeshActor Name:StaticMeshActor_UAID_A4AE111137DC5EFB00_1110535423 Label:SM_SkySphere SpatiallyLoaded:1 Bounds:IsValid=true, Min=(X=-1638400.000 Y=-1638400.000 Z=-1638400.000), Max=(X=1638400.000 Y=1638400.000 Z=1638400.000) RuntimeGrid:None EditorOnly:0 RuntimeOnly:0 HLODRelevant:1 FolderPath:Lighting FolderGuid:963EC3EB4002CCE9759E2EBA541A873A
 |   |   |- [+] [ 23]
 |   |   |   |- Guid:958B18914246955E2D3EFBB4DFDF5FF1 BaseClass: NativeClass:/Script/Engine.SkyAtmosphere Name:SkyAtmosphere_0 Label:SkyAtmosphere SpatiallyLoaded:0 Bounds:IsValid=true, Min=(X=0.000 Y=0.000 Z=1020.000), Max=(X=0.000 Y=0.000 Z=1020.000) RuntimeGrid:None EditorOnly:0 RuntimeOnly:0 HLODRelevant:0 FolderPath:Lighting FolderGuid:963EC3EB4002CCE9759E2EBA541A873A
 |   |   |- [+] [ 24]
 |   |   |   |- Guid:F169D8C8402FF4192641F5A4F32D04BE BaseClass: NativeClass:/Script/Engine.StaticMeshActor Name:StaticMeshActor_6 Label:SM_Cube3 SpatiallyLoaded:1 Bounds:IsValid=true, Min=(X=0.000 Y=5480.000 Z=0.000), Max=(X=1125.000 Y=5580.000 Z=400.000) RuntimeGrid:None EditorOnly:0 RuntimeOnly:0 HLODRelevant:1 FolderPath:Playground FolderGuid:C73F09FC4215536B1DCE2A9E0A830C70
 |   |   |- [+] [ 25]
 |   |   |   |- Guid:D78D31CA43EF12C79E97CB8E4BD3D35B BaseClass: NativeClass:/Script/Engine.StaticMeshActor Name:StaticMeshActor_UAID_04D4C404EDB0656801_2020754772 Label:SM_Cube23 SpatiallyLoaded:1 Bounds:IsValid=true, Min=(X=364.630 Y=3626.839 Z=-0.000), Max=(X=702.130 Y=4067.895 Z=115.625) RuntimeGrid:None EditorOnly:0 RuntimeOnly:0 HLODRelevant:1 FolderPath:Playground FolderGuid:C73F09FC4215536B1DCE2A9E0A830C70
 |   |   |- [+] [ 26]
 |   |   |   |- Guid:500FEB0942BD1EDBD94A51BA450658D5 BaseClass: NativeClass:/Script/Engine.StaticMeshActor Name:StaticMeshActor_UAID_7486E236A1C7F16401_1697852194 Label:SM_Cube12 SpatiallyLoaded:1 Bounds:IsValid=true, Min=(X=-3280.000 Y=-5998.924 Z=-102.266), Max=(X=5270.000 Y=10.000 Z=-52.266) RuntimeGrid:None EditorOnly:0 RuntimeOnly:0 HLODRelevant:1 FolderPath:Playground FolderGuid:C73F09FC4215536B1DCE2A9E0A830C70
 |   |   |- [+] [ 27]
 |   |   |   |- Guid:209D47064E665B33876FBD966445D125 BaseClass:/Game/DylanStuff/Push/BP_MoveableObject.BP_MoveableObject_C NativeClass:/Script/Engine.Actor Name:BP_MoveableObject_C_UAID_7486E236B8A6786C01_1600445327 Label:BP_MoveableObject SpatiallyLoaded:1 Bounds:IsValid=true, Min=(X=1.324 Y=-1120.866 Z=-50.525), Max=(X=163.053 Y=-958.356 Z=179.826) RuntimeGrid:None EditorOnly:0 RuntimeOnly:0 HLODRelevant:0
 |   |   |- [+] [ 28]
 |   |   |   |- Guid:15EA89FA41DF3311C0556DBFD00C4F65 BaseClass: NativeClass:/Script/Engine.StaticMeshActor Name:StaticMeshActor_UAID_7486E236B8A6796C01_1402679507 Label:Cube SpatiallyLoaded:1 Bounds:IsValid=true, Min=(X=-11.076 Y=2.596 Z=-74.846), Max=(X=419.579 Y=102.596 Z=566.238) RuntimeGrid:None EditorOnly:0 RuntimeOnly:0 HLODRelevant:1
 |   |   |- [+] [ 29]
 |   |   |   |- Guid:1EFA2F764036F63DD9787689F23322A7 BaseClass: NativeClass:/Script/Engine.StaticMeshActor Name:StaticMeshActor_UAID_7486E236B8A6796C01_1430346508 Label:Cube2 SpatiallyLoaded:1 Bounds:IsValid=true, Min=(X=791.905 Y=2.596 Z=-74.846), Max=(X=1222.561 Y=102.596 Z=566.238) RuntimeGrid:None EditorOnly:0 RuntimeOnly:0 HLODRelevant:1
 |   |   |- [+] [ 30]
 |   |   |   |- Guid:55F6587A467679FFBE6D85A41D6A0CF8 BaseClass: NativeClass:/Script/Engine.StaticMeshActor Name:StaticMeshActor_UAID_7486E236B8A6796C01_1447658509 Label:Cube3 SpatiallyLoaded:1 Bounds:IsValid=true, Min=(X=-439.278 Y=2.596 Z=-74.846), Max=(X=-8.622 Y=102.596 Z=566.238) RuntimeGrid:None EditorOnly:0 RuntimeOnly:0 HLODRelevant:1
 |   |   |- [+] [ 31]
 |   |   |   |- Guid:7BB881954BF0222D708824AC1A361809 BaseClass:/Game/WilliamStuff/PressurePlate/PressureSwitch.PressureSwitch_C NativeClass:/Script/Engine.Actor Name:PressureSwitch_C_UAID_7486E236B8A6786C01_2088083328 Label:PressureSwitch SpatiallyLoaded:1 Bounds:IsValid=true, Min=(X=-359.992 Y=-1154.210 Z=-55.778), Max=(X=-80.184 Y=-874.402 Z=-23.778) RuntimeGrid:None EditorOnly:0 RuntimeOnly:0 HLODRelevant:0
 |   |   |   |- Guid:4BAD6CDA4B1B7C780F1E888AF2442282 BaseClass:/Game/WilliamStuff/PressurePlate/PressurePlateDoor.PressurePlateDoor_C NativeClass:/Script/Engine.Actor Name:PressurePlateDoor_C_UAID_7486E236B8A6796C01_1382490506 Label:PressurePlateDoor SpatiallyLoaded:1 Bounds:IsValid=true, Min=(X=419.117 Y=2.271 Z=-0.000), Max=(X=795.955 Y=27.271 Z=565.257) RuntimeGrid:None EditorOnly:0 RuntimeOnly:0 HLODRelevant:0
 |- ContainerInstances:
 |- [+] MainContainer:
 |   |-        ID: 0x0000000000000000
 |   |-    Bounds: IsValid=false, Min=(X=0.000 Y=0.000 Z=0.000), Max=(X=0.000 Y=0.000 Z=0.000)
 |   |- Transform: 0.000000,0.000000,0.000000|0.000000,0.000000,-0.000000|1.000000,1.000000,1.000000
 |   |- Container: /Game/WilliamStuff/Levels/ChaseSceneTest_2
----------------------------------------------------------------------------------------------------------------
ChaseSceneTest_2 - Persistent Level
----------------------------------------------------------------------------------------------------------------
Always loaded Actor Count: 48 

----------------------------------------------------------------------------------------------------------------
ChaseSceneTest_2 - Runtime Spatial Hash - Streaming Grid - MainGrid
----------------------------------------------------------------------------------------------------------------
            Origin: X=0.000 Y=0.000 Z=0.000
         Cell Size: 12800
      World Bounds: IsValid=false, Min=(X=0.000 Y=0.000 Z=0.000), Max=(X=0.000 Y=0.000 Z=0.000)
     Loading Range: 25600.00
Block Slow Loading: No
 ClientOnlyVisible: No

[+] Grid Levels: 1
 |- Level  0: Cell Count    0 | Cell Size   12800 | Actor Count    0 (0.0%)

[+] Content of Grid Level 0

