[+] Containers:
 |- [+] Container: /Game/WilliamStuff/Levels/ChaseSceneTest
 |   |- [+] ActorDescs:
 |   |   |- Guid:04E72C8C41CE62756035A3A2E4AEB86A BaseClass: NativeClass:/Script/Engine.StaticMeshActor Name:StaticMeshActor_UAID_04D4C404EDB05D6801_1264035354 Label:SM_Cube16 SpatiallyLoaded:1 Bounds:IsValid=true, Min=(X=-40.794 Y=4248.084 Z=0.000), Max=(X=1121.706 Y=4476.209 Z=403.125) RuntimeGrid:None EditorOnly:0 RuntimeOnly:0 HLODRelevant:1 FolderPath:Playground FolderGuid:C73F09FC4215536B1DCE2A9E0A830C70
 |   |   |- Guid:056D2B8B4980024980D555A26407ABD0 BaseClass: NativeClass:/Script/Engine.StaticMeshActor Name:StaticMeshActor_UAID_7486E236A1C7E76401_1641856416 Label:SM_Cube5 SpatiallyLoaded:1 Bounds:IsValid=true, Min=(X=1020.000 Y=100.000 Z=0.000), Max=(X=1120.000 Y=1000.000 Z=400.000) RuntimeGrid:None EditorOnly:0 RuntimeOnly:0 HLODRelevant:1 FolderPath:Playground FolderGuid:C73F09FC4215536B1DCE2A9E0A830C70
 |   |   |- Guid:1E93F64C4444E36D214EE5B8C78C95D0 BaseClass:/Game/WilliamStuff/Camera/Chase/ResetCameraMovementChase.ResetCameraMovementChase_C NativeClass:/Script/Engine.Actor Name:ResetCameraMovementChase_C_UAID_7486E236B8A6906A01_1720628441 Label:ResetCameraMovementChase SpatiallyLoaded:1 Bounds:IsValid=true, Min=(X=215.803 Y=4306.395 Z=404.919), Max=(X=941.285 Y=4609.301 Z=779.033) RuntimeGrid:None EditorOnly:0 RuntimeOnly:0 HLODRelevant:0
 |   |   |- Guid:255AD83B410C51F03000399BC7F2FE7E BaseClass: NativeClass:/Script/Engine.StaticMeshActor Name:StaticMeshActor_UAID_7486E236A1C7F16401_1224798193 Label:SM_Cube11 SpatiallyLoaded:1 Bounds:IsValid=true, Min=(X=-76.621 Y=1448.944 Z=0.000), Max=(X=1085.879 Y=1890.000 Z=103.009) RuntimeGrid:None EditorOnly:0 RuntimeOnly:0 HLODRelevant:1 FolderPath:Playground FolderGuid:C73F09FC4215536B1DCE2A9E0A830C70
 |   |   |- Guid:31D28C79429839800B51E584CA751DBE BaseClass: NativeClass:/Script/Engine.ExponentialHeightFog Name:ExponentialHeightFog_0 Label:ExponentialHeightFog SpatiallyLoaded:0 Bounds:IsValid=true, Min=(X=-5600.000 Y=-50.000 Z=-6850.000), Max=(X=-5600.000 Y=-50.000 Z=-6850.000) RuntimeGrid:None EditorOnly:0 RuntimeOnly:0 HLODRelevant:0 FolderPath:Lighting FolderGuid:963EC3EB4002CCE9759E2EBA541A873A
 |   |   |- Guid:345637194D5D60D4A75068BE3693DD4B BaseClass: NativeClass:/Script/Engine.StaticMeshActor Name:StaticMeshActor_UAID_04D4C404EDB05D6801_1243278353 Label:SM_Cube15 SpatiallyLoaded:1 Bounds:IsValid=true, Min=(X=775.160 Y=2911.587 Z=0.000), Max=(X=1003.285 Y=4074.087 Z=296.875) RuntimeGrid:None EditorOnly:0 RuntimeOnly:0 HLODRelevant:1 FolderPath:Playground FolderGuid:C73F09FC4215536B1DCE2A9E0A830C70
 |   |   |- Guid:372FA21641F1C928CC6A28B8DA873120 BaseClass: NativeClass:/Script/Engine.StaticMeshActor Name:StaticMeshActor_UAID_04D4C404EDB0656801_1895243770 Label:SM_Cube21 SpatiallyLoaded:1 Bounds:IsValid=true, Min=(X=-76.621 Y=2019.290 Z=-1.367), Max=(X=1085.879 Y=2460.346 Z=114.258) RuntimeGrid:None EditorOnly:0 RuntimeOnly:0 HLODRelevant:1 FolderPath:Playground FolderGuid:C73F09FC4215536B1DCE2A9E0A830C70
 |   |   |- Guid:3B11E7D94F8B05519F41BFB1D4CE4A53 BaseClass: NativeClass:/Script/Engine.DirectionalLight Name:DirectionalLight_0 Label:DirectionalLight SpatiallyLoaded:0 Bounds:IsValid=true, Min=(X=-1048576.000 Y=-1048576.000 Z=-1048576.000), Max=(X=1048576.000 Y=1048576.000 Z=1048576.000) RuntimeGrid:None EditorOnly:0 RuntimeOnly:0 HLODRelevant:0 FolderPath:Lighting FolderGuid:963EC3EB4002CCE9759E2EBA541A873A
 |   |   |- Guid:5B312303410951D3C4EB3E811FF8AD34 BaseClass: NativeClass:/Script/Engine.StaticMeshActor Name:StaticMeshActor_UAID_7486E236A1C7E86401_1469360600 Label:SM_Cube7 SpatiallyLoaded:1 Bounds:IsValid=true, Min=(X=1020.000 Y=4910.000 Z=0.000), Max=(X=1120.000 Y=5810.000 Z=400.000) RuntimeGrid:None EditorOnly:0 RuntimeOnly:0 HLODRelevant:1 FolderPath:Playground FolderGuid:C73F09FC4215536B1DCE2A9E0A830C70
 |   |   |- Guid:5C09BF3047FFD18EC2C9618E2EA2DD6C BaseClass: NativeClass:/Script/Engine.SkyAtmosphere Name:SkyAtmosphere_0 Label:SkyAtmosphere SpatiallyLoaded:0 Bounds:IsValid=true, Min=(X=0.000 Y=0.000 Z=1020.000), Max=(X=0.000 Y=0.000 Z=1020.000) RuntimeGrid:None EditorOnly:0 RuntimeOnly:0 HLODRelevant:0 FolderPath:Lighting FolderGuid:963EC3EB4002CCE9759E2EBA541A873A
 |   |   |- Guid:601F5B1442C8326DFA29ABB68FF85A57 BaseClass: NativeClass:/Script/Engine.StaticMeshActor Name:StaticMeshActor_UAID_04D4C404EDB05D6801_1231129352 Label:SM_Cube14 SpatiallyLoaded:1 Bounds:IsValid=true, Min=(X=-76.621 Y=2175.528 Z=-0.000), Max=(X=1085.879 Y=2616.584 Z=215.625) RuntimeGrid:None EditorOnly:0 RuntimeOnly:0 HLODRelevant:1 FolderPath:Playground FolderGuid:C73F09FC4215536B1DCE2A9E0A830C70
 |   |   |- Guid:675CEA1F4CCDC9AA9585858021D9592C BaseClass:/Game/WilliamStuff/Camera/Chase/TriggerCameraMovementChase.TriggerCameraMovementChase_C NativeClass:/Script/Engine.Actor Name:TriggerCameraMovementChase_C_UAID_04D4C404EE25086A01_1143614503 Label:TriggerCameraMovementChase SpatiallyLoaded:1 Bounds:IsValid=true, Min=(X=36.343 Y=-1669.347 Z=-27.931), Max=(X=1108.507 Y=1011.051 Z=1642.469) RuntimeGrid:None EditorOnly:0 RuntimeOnly:0 HLODRelevant:0
 |   |   |- Guid:6C2F6D9B4CF846BE5994AE96121547A5 BaseClass:/Game/WilliamStuff/Ai/ChasingAI/MoveChasingAI/StartAIChasing.StartAIChasing_C NativeClass:/Script/Engine.Actor Name:StartAIChasing_C_UAID_7486E236B8A6906A01_1524611440 Label:StartAIChasing SpatiallyLoaded:1 Bounds:IsValid=true, Min=(X=14.814 Y=825.143 Z=39.736), Max=(X=1077.625 Y=889.143 Z=591.794) RuntimeGrid:None EditorOnly:0 RuntimeOnly:0 HLODRelevant:0
 |   |   |- Guid:820D50724C886CF4A7F08CB52EC81466 BaseClass: NativeClass:/Script/Engine.PlayerStart Name:PlayerStart_0 Label:PlayerStart SpatiallyLoaded:0 Bounds:IsValid=true, Min=(X=430.000 Y=240.000 Z=0.013), Max=(X=510.000 Y=320.000 Z=184.013) RuntimeGrid:None EditorOnly:0 RuntimeOnly:0 HLODRelevant:0
 |   |   |- Guid:834DC01D446571106DC8FCA3746AB06A BaseClass: NativeClass:/Script/Engine.StaticMeshActor Name:StaticMeshActor_UAID_7486E236A1C7E76401_1620095415 Label:SM_Cube4 SpatiallyLoaded:1 Bounds:IsValid=true, Min=(X=0.000 Y=100.000 Z=0.000), Max=(X=100.000 Y=1000.000 Z=400.000) RuntimeGrid:None EditorOnly:0 RuntimeOnly:0 HLODRelevant:1 FolderPath:Playground FolderGuid:C73F09FC4215536B1DCE2A9E0A830C70
 |   |   |- Guid:899AC30245F11C27A9FBDB884E1BF923 BaseClass: NativeClass:/Script/Engine.WorldDataLayers Name:WorldDataLayers Label:WorldDataLayers-1 SpatiallyLoaded:0 Bounds:IsValid=true, Min=(X=0.000 Y=0.000 Z=0.000), Max=(X=0.000 Y=0.000 Z=0.000) RuntimeGrid:None EditorOnly:0 RuntimeOnly:0 HLODRelevant:0
 |   |   |- Guid:8AF4A4694BEFE8CFE42A26BEAB73FACF BaseClass: NativeClass:/Script/Engine.StaticMeshActor Name:StaticMeshActor_UAID_7486E236A1C7F16401_1697852194 Label:SM_Cube12 SpatiallyLoaded:1 Bounds:IsValid=true, Min=(X=-3280.000 Y=-5998.924 Z=-102.266), Max=(X=5270.000 Y=10.000 Z=-52.266) RuntimeGrid:None EditorOnly:0 RuntimeOnly:0 HLODRelevant:1 FolderPath:Playground FolderGuid:C73F09FC4215536B1DCE2A9E0A830C70
 |   |   |- Guid:90A48B584181CA71C1B68D9492473768 BaseClass:/Game/WilliamStuff/Ai/ChasingAI/ChasingAI/Chasing.Chasing_C NativeClass:/Script/Engine.Character Name:Chasing_C_UAID_7486E236B8A69A6A01_1318799202 Label:Chasing SpatiallyLoaded:1 Bounds:IsValid=true, Min=(X=-670.298 Y=-5772.610 Z=-10650.357), Max=(X=1610.256 Y=4115.877 Z=5230.268) RuntimeGrid:None EditorOnly:0 RuntimeOnly:0 HLODRelevant:0
 |   |   |- Guid:9235CF954A7728C18DB2CDB0A1465C1D BaseClass:/Game/WilliamStuff/Ai/SeekingAI/AiObject_PatrolPathPoint.AiObject_PatrolPathPoint_C NativeClass:/Script/Engine.Actor Name:AiObject_PatrolPathPoint_C_UAID_7486E236B8A6906A01_1323361439 Label:AiObject_PatrolPathPoint SpatiallyLoaded:1 Bounds:IsValid=true, Min=(X=338.982 Y=4074.161 Z=-124.798), Max=(X=644.988 Y=4520.002 Z=146.741) RuntimeGrid:None EditorOnly:0 RuntimeOnly:0 HLODRelevant:0
 |   |   |- Guid:9ADB67F5458A9462FF98EEAFD978CF11 BaseClass: NativeClass:/Script/Engine.StaticMeshActor Name:StaticMeshActor_UAID_04D4C404EDB0656801_2020754772 Label:SM_Cube23 SpatiallyLoaded:1 Bounds:IsValid=true, Min=(X=364.630 Y=3626.839 Z=-0.000), Max=(X=702.130 Y=4067.895 Z=115.625) RuntimeGrid:None EditorOnly:0 RuntimeOnly:0 HLODRelevant:1 FolderPath:Playground FolderGuid:C73F09FC4215536B1DCE2A9E0A830C70
 |   |   |- Guid:A605D67647AC515C4ACF38B2523965DD BaseClass: NativeClass:/Script/Engine.StaticMeshActor Name:StaticMeshActor_UAID_7486E236A1C7F76401_1145469254 Label:SM_Cube13 SpatiallyLoaded:1 Bounds:IsValid=true, Min=(X=-100.000 Y=208.335 Z=-1900.000), Max=(X=0.000 Y=5870.000 Z=5.791) RuntimeGrid:None EditorOnly:0 RuntimeOnly:0 HLODRelevant:1 FolderPath:Playground FolderGuid:C73F09FC4215536B1DCE2A9E0A830C70
 |   |   |- Guid:B7B22BB34BDDF71CD649F19B33A34988 BaseClass: NativeClass:/Script/Engine.StaticMeshActor Name:StaticMeshActor_1 Label:SM_Cube SpatiallyLoaded:1 Bounds:IsValid=true, Min=(X=0.000 Y=0.000 Z=-50.000), Max=(X=1125.000 Y=5500.000 Z=0.000) RuntimeGrid:None EditorOnly:0 RuntimeOnly:0 HLODRelevant:1 FolderPath:Playground FolderGuid:C73F09FC4215536B1DCE2A9E0A830C70
 |   |   |- Guid:BBDFF51A4E8BBC3AEEBDB0A2F3D40C4B BaseClass: NativeClass:/Script/Engine.StaticMeshActor Name:StaticMeshActor_UAID_04D4C404EDB05D6801_1275249355 Label:SM_Cube17 SpatiallyLoaded:1 Bounds:IsValid=true, Min=(X=364.630 Y=2396.474 Z=-0.000), Max=(X=702.130 Y=2837.530 Z=96.875) RuntimeGrid:None EditorOnly:0 RuntimeOnly:0 HLODRelevant:1 FolderPath:Playground FolderGuid:C73F09FC4215536B1DCE2A9E0A830C70
 |   |   |- Guid:BEBF694D462D086ADF54448E73003EB3 BaseClass: NativeClass:/Script/Engine.StaticMeshActor Name:StaticMeshActor_UAID_7486E236A1C7E76401_1663003417 Label:InvisWall SpatiallyLoaded:1 Bounds:IsValid=true, Min=(X=1070.000 Y=540.000 Z=0.000), Max=(X=1170.000 Y=4990.000 Z=400.000) RuntimeGrid:None EditorOnly:0 RuntimeOnly:0 HLODRelevant:1 FolderPath:Playground FolderGuid:C73F09FC4215536B1DCE2A9E0A830C70
 |   |   |- Guid:C3DAEA464565C2A4AACDA5AB4CA5CF4C BaseClass: NativeClass:/Script/Engine.StaticMeshActor Name:StaticMeshActor_UAID_04D4C404EDB0656801_1793669769 Label:SM_Cube20 SpatiallyLoaded:1 Bounds:IsValid=true, Min=(X=816.948 Y=4248.084 Z=383.420), Max=(X=1116.948 Y=4476.209 Z=786.545) RuntimeGrid:None EditorOnly:0 RuntimeOnly:0 HLODRelevant:1 FolderPath:Playground FolderGuid:C73F09FC4215536B1DCE2A9E0A830C70
 |   |   |- Guid:D16AC6EB43B212AA8E09F18F46EA6A82 BaseClass: NativeClass:/Script/Engine.VolumetricCloud Name:VolumetricCloud_0 Label:VolumetricCloud SpatiallyLoaded:0 Bounds:IsValid=true, Min=(X=0.000 Y=0.000 Z=820.000), Max=(X=0.000 Y=0.000 Z=820.000) RuntimeGrid:None EditorOnly:0 RuntimeOnly:0 HLODRelevant:0 FolderPath:Lighting FolderGuid:963EC3EB4002CCE9759E2EBA541A873A
 |   |   |- Guid:D58FA0A34D21C263ECDE968C8AF610CF BaseClass: NativeClass:/Script/Engine.StaticMeshActor Name:StaticMeshActor_UAID_04D4C404EDB0656801_2015882771 Label:SM_Cube22 SpatiallyLoaded:1 Bounds:IsValid=true, Min=(X=364.630 Y=3974.066 Z=-0.000), Max=(X=702.130 Y=4415.123 Z=259.375) RuntimeGrid:None EditorOnly:0 RuntimeOnly:0 HLODRelevant:1 FolderPath:Playground FolderGuid:C73F09FC4215536B1DCE2A9E0A830C70
 |   |   |- Guid:E23578BC46D50C914A60F2ADFA9F9E6E BaseClass: NativeClass:/Script/Engine.StaticMeshActor Name:StaticMeshActor_UAID_7486E236A1C7E76401_1972251419 Label:InvisWall2 SpatiallyLoaded:1 Bounds:IsValid=true, Min=(X=0.000 Y=470.000 Z=0.000), Max=(X=100.000 Y=4920.000 Z=400.000) RuntimeGrid:None EditorOnly:0 RuntimeOnly:0 HLODRelevant:1 FolderPath:Playground FolderGuid:C73F09FC4215536B1DCE2A9E0A830C70
 |   |   |- Guid:E2BE597B4C51B14DE0C1D79817CBF12A BaseClass: NativeClass:/Script/Engine.SkyLight Name:SkyLight_1 Label:SkyLight SpatiallyLoaded:0 Bounds:IsValid=true, Min=(X=0.000 Y=0.000 Z=690.000), Max=(X=0.000 Y=0.000 Z=690.000) RuntimeGrid:None EditorOnly:0 RuntimeOnly:0 HLODRelevant:0 FolderPath:Lighting FolderGuid:963EC3EB4002CCE9759E2EBA541A873A
 |   |   |- Guid:E5AE864840C70EA5D3007389ABDC433C BaseClass: NativeClass:/Script/Engine.StaticMeshActor Name:StaticMeshActor_UAID_7486E236A1C7E86401_1469359599 Label:SM_Cube6 SpatiallyLoaded:1 Bounds:IsValid=true, Min=(X=0.000 Y=4910.000 Z=0.000), Max=(X=100.000 Y=5810.000 Z=400.000) RuntimeGrid:None EditorOnly:0 RuntimeOnly:0 HLODRelevant:1 FolderPath:Playground FolderGuid:C73F09FC4215536B1DCE2A9E0A830C70
 |   |   |- Guid:FA70B9C748C63A7267F378837292501B BaseClass: NativeClass:/Script/Engine.StaticMeshActor Name:StaticMeshActor_UAID_04D4C404EDB0656801_1777609768 Label:SM_Cube18 SpatiallyLoaded:1 Bounds:IsValid=true, Min=(X=-40.794 Y=4248.084 Z=383.420), Max=(X=259.206 Y=4476.209 Z=786.545) RuntimeGrid:None EditorOnly:0 RuntimeOnly:0 HLODRelevant:1 FolderPath:Playground FolderGuid:C73F09FC4215536B1DCE2A9E0A830C70
 |   |   |- Guid:FB5CFC354B5D05C2A529DAAA6322E8E9 BaseClass: NativeClass:/Script/Engine.StaticMeshActor Name:StaticMeshActor_UAID_A4AE111137DC5EFB00_1110535423 Label:SM_SkySphere SpatiallyLoaded:1 Bounds:IsValid=true, Min=(X=-1638400.000 Y=-1638400.000 Z=-1638400.000), Max=(X=1638400.000 Y=1638400.000 Z=1638400.000) RuntimeGrid:None EditorOnly:0 RuntimeOnly:0 HLODRelevant:1 FolderPath:Lighting FolderGuid:963EC3EB4002CCE9759E2EBA541A873A
 |   |   |- Guid:FB7C6B684612A356BCDFAE9CBADBBC19 BaseClass: NativeClass:/Script/Engine.StaticMeshActor Name:StaticMeshActor_UAID_04D4C404EDB0656801_1758017767 Label:SM_Cube19 SpatiallyLoaded:1 Bounds:IsValid=true, Min=(X=23.193 Y=2911.587 Z=0.000), Max=(X=251.318 Y=4074.087 Z=296.875) RuntimeGrid:None EditorOnly:0 RuntimeOnly:0 HLODRelevant:1 FolderPath:Playground FolderGuid:C73F09FC4215536B1DCE2A9E0A830C70
 |   |   |- Guid:FBE21C394FC694BBE285E6A2B4130CD3 BaseClass: NativeClass:/Script/Engine.StaticMeshActor Name:StaticMeshActor_6 Label:SM_Cube3 SpatiallyLoaded:1 Bounds:IsValid=true, Min=(X=0.000 Y=5480.000 Z=0.000), Max=(X=1125.000 Y=5580.000 Z=400.000) RuntimeGrid:None EditorOnly:0 RuntimeOnly:0 HLODRelevant:1 FolderPath:Playground FolderGuid:C73F09FC4215536B1DCE2A9E0A830C70
 |   |- [+] Clusters:
 |   |   |- [+] [  0]
 |   |   |   |- Guid:BBDFF51A4E8BBC3AEEBDB0A2F3D40C4B BaseClass: NativeClass:/Script/Engine.StaticMeshActor Name:StaticMeshActor_UAID_04D4C404EDB05D6801_1275249355 Label:SM_Cube17 SpatiallyLoaded:1 Bounds:IsValid=true, Min=(X=364.630 Y=2396.474 Z=-0.000), Max=(X=702.130 Y=2837.530 Z=96.875) RuntimeGrid:None EditorOnly:0 RuntimeOnly:0 HLODRelevant:1 FolderPath:Playground FolderGuid:C73F09FC4215536B1DCE2A9E0A830C70
 |   |   |- [+] [  1]
 |   |   |   |- Guid:9235CF954A7728C18DB2CDB0A1465C1D BaseClass:/Game/WilliamStuff/Ai/SeekingAI/AiObject_PatrolPathPoint.AiObject_PatrolPathPoint_C NativeClass:/Script/Engine.Actor Name:AiObject_PatrolPathPoint_C_UAID_7486E236B8A6906A01_1323361439 Label:AiObject_PatrolPathPoint SpatiallyLoaded:1 Bounds:IsValid=true, Min=(X=338.982 Y=4074.161 Z=-124.798), Max=(X=644.988 Y=4520.002 Z=146.741) RuntimeGrid:None EditorOnly:0 RuntimeOnly:0 HLODRelevant:0
 |   |   |- [+] [  2]
 |   |   |   |- Guid:04E72C8C41CE62756035A3A2E4AEB86A BaseClass: NativeClass:/Script/Engine.StaticMeshActor Name:StaticMeshActor_UAID_04D4C404EDB05D6801_1264035354 Label:SM_Cube16 SpatiallyLoaded:1 Bounds:IsValid=true, Min=(X=-40.794 Y=4248.084 Z=0.000), Max=(X=1121.706 Y=4476.209 Z=403.125) RuntimeGrid:None EditorOnly:0 RuntimeOnly:0 HLODRelevant:1 FolderPath:Playground FolderGuid:C73F09FC4215536B1DCE2A9E0A830C70
 |   |   |- [+] [  3]
 |   |   |   |- Guid:BEBF694D462D086ADF54448E73003EB3 BaseClass: NativeClass:/Script/Engine.StaticMeshActor Name:StaticMeshActor_UAID_7486E236A1C7E76401_1663003417 Label:InvisWall SpatiallyLoaded:1 Bounds:IsValid=true, Min=(X=1070.000 Y=540.000 Z=0.000), Max=(X=1170.000 Y=4990.000 Z=400.000) RuntimeGrid:None EditorOnly:0 RuntimeOnly:0 HLODRelevant:1 FolderPath:Playground FolderGuid:C73F09FC4215536B1DCE2A9E0A830C70
 |   |   |- [+] [  4]
 |   |   |   |- Guid:90A48B584181CA71C1B68D9492473768 BaseClass:/Game/WilliamStuff/Ai/ChasingAI/ChasingAI/Chasing.Chasing_C NativeClass:/Script/Engine.Character Name:Chasing_C_UAID_7486E236B8A69A6A01_1318799202 Label:Chasing SpatiallyLoaded:1 Bounds:IsValid=true, Min=(X=-670.298 Y=-5772.610 Z=-10650.357), Max=(X=1610.256 Y=4115.877 Z=5230.268) RuntimeGrid:None EditorOnly:0 RuntimeOnly:0 HLODRelevant:0
 |   |   |- [+] [  5]
 |   |   |   |- Guid:E23578BC46D50C914A60F2ADFA9F9E6E BaseClass: NativeClass:/Script/Engine.StaticMeshActor Name:StaticMeshActor_UAID_7486E236A1C7E76401_1972251419 Label:InvisWall2 SpatiallyLoaded:1 Bounds:IsValid=true, Min=(X=0.000 Y=470.000 Z=0.000), Max=(X=100.000 Y=4920.000 Z=400.000) RuntimeGrid:None EditorOnly:0 RuntimeOnly:0 HLODRelevant:1 FolderPath:Playground FolderGuid:C73F09FC4215536B1DCE2A9E0A830C70
 |   |   |- [+] [  6]
 |   |   |   |- Guid:B7B22BB34BDDF71CD649F19B33A34988 BaseClass: NativeClass:/Script/Engine.StaticMeshActor Name:StaticMeshActor_1 Label:SM_Cube SpatiallyLoaded:1 Bounds:IsValid=true, Min=(X=0.000 Y=0.000 Z=-50.000), Max=(X=1125.000 Y=5500.000 Z=0.000) RuntimeGrid:None EditorOnly:0 RuntimeOnly:0 HLODRelevant:1 FolderPath:Playground FolderGuid:C73F09FC4215536B1DCE2A9E0A830C70
 |   |   |- [+] [  7]
 |   |   |   |- Guid:C3DAEA464565C2A4AACDA5AB4CA5CF4C BaseClass: NativeClass:/Script/Engine.StaticMeshActor Name:StaticMeshActor_UAID_04D4C404EDB0656801_1793669769 Label:SM_Cube20 SpatiallyLoaded:1 Bounds:IsValid=true, Min=(X=816.948 Y=4248.084 Z=383.420), Max=(X=1116.948 Y=4476.209 Z=786.545) RuntimeGrid:None EditorOnly:0 RuntimeOnly:0 HLODRelevant:1 FolderPath:Playground FolderGuid:C73F09FC4215536B1DCE2A9E0A830C70
 |   |   |- [+] [  8]
 |   |   |   |- Guid:A605D67647AC515C4ACF38B2523965DD BaseClass: NativeClass:/Script/Engine.StaticMeshActor Name:StaticMeshActor_UAID_7486E236A1C7F76401_1145469254 Label:SM_Cube13 SpatiallyLoaded:1 Bounds:IsValid=true, Min=(X=-100.000 Y=208.335 Z=-1900.000), Max=(X=0.000 Y=5870.000 Z=5.791) RuntimeGrid:None EditorOnly:0 RuntimeOnly:0 HLODRelevant:1 FolderPath:Playground FolderGuid:C73F09FC4215536B1DCE2A9E0A830C70
 |   |   |- [+] [  9]
 |   |   |   |- Guid:834DC01D446571106DC8FCA3746AB06A BaseClass: NativeClass:/Script/Engine.StaticMeshActor Name:StaticMeshActor_UAID_7486E236A1C7E76401_1620095415 Label:SM_Cube4 SpatiallyLoaded:1 Bounds:IsValid=true, Min=(X=0.000 Y=100.000 Z=0.000), Max=(X=100.000 Y=1000.000 Z=400.000) RuntimeGrid:None EditorOnly:0 RuntimeOnly:0 HLODRelevant:1 FolderPath:Playground FolderGuid:C73F09FC4215536B1DCE2A9E0A830C70
 |   |   |- [+] [ 10]
 |   |   |   |- Guid:820D50724C886CF4A7F08CB52EC81466 BaseClass: NativeClass:/Script/Engine.PlayerStart Name:PlayerStart_0 Label:PlayerStart SpatiallyLoaded:0 Bounds:IsValid=true, Min=(X=430.000 Y=240.000 Z=0.013), Max=(X=510.000 Y=320.000 Z=184.013) RuntimeGrid:None EditorOnly:0 RuntimeOnly:0 HLODRelevant:0
 |   |   |- [+] [ 11]
 |   |   |   |- Guid:255AD83B410C51F03000399BC7F2FE7E BaseClass: NativeClass:/Script/Engine.StaticMeshActor Name:StaticMeshActor_UAID_7486E236A1C7F16401_1224798193 Label:SM_Cube11 SpatiallyLoaded:1 Bounds:IsValid=true, Min=(X=-76.621 Y=1448.944 Z=0.000), Max=(X=1085.879 Y=1890.000 Z=103.009) RuntimeGrid:None EditorOnly:0 RuntimeOnly:0 HLODRelevant:1 FolderPath:Playground FolderGuid:C73F09FC4215536B1DCE2A9E0A830C70
 |   |   |- [+] [ 12]
 |   |   |   |- Guid:D58FA0A34D21C263ECDE968C8AF610CF BaseClass: NativeClass:/Script/Engine.StaticMeshActor Name:StaticMeshActor_UAID_04D4C404EDB0656801_2015882771 Label:SM_Cube22 SpatiallyLoaded:1 Bounds:IsValid=true, Min=(X=364.630 Y=3974.066 Z=-0.000), Max=(X=702.130 Y=4415.123 Z=259.375) RuntimeGrid:None EditorOnly:0 RuntimeOnly:0 HLODRelevant:1 FolderPath:Playground FolderGuid:C73F09FC4215536B1DCE2A9E0A830C70
 |   |   |- [+] [ 13]
 |   |   |   |- Guid:D16AC6EB43B212AA8E09F18F46EA6A82 BaseClass: NativeClass:/Script/Engine.VolumetricCloud Name:VolumetricCloud_0 Label:VolumetricCloud SpatiallyLoaded:0 Bounds:IsValid=true, Min=(X=0.000 Y=0.000 Z=820.000), Max=(X=0.000 Y=0.000 Z=820.000) RuntimeGrid:None EditorOnly:0 RuntimeOnly:0 HLODRelevant:0 FolderPath:Lighting FolderGuid:963EC3EB4002CCE9759E2EBA541A873A
 |   |   |- [+] [ 14]
 |   |   |   |- Guid:E2BE597B4C51B14DE0C1D79817CBF12A BaseClass: NativeClass:/Script/Engine.SkyLight Name:SkyLight_1 Label:SkyLight SpatiallyLoaded:0 Bounds:IsValid=true, Min=(X=0.000 Y=0.000 Z=690.000), Max=(X=0.000 Y=0.000 Z=690.000) RuntimeGrid:None EditorOnly:0 RuntimeOnly:0 HLODRelevant:0 FolderPath:Lighting FolderGuid:963EC3EB4002CCE9759E2EBA541A873A
 |   |   |- [+] [ 15]
 |   |   |   |- Guid:1E93F64C4444E36D214EE5B8C78C95D0 BaseClass:/Game/WilliamStuff/Camera/Chase/ResetCameraMovementChase.ResetCameraMovementChase_C NativeClass:/Script/Engine.Actor Name:ResetCameraMovementChase_C_UAID_7486E236B8A6906A01_1720628441 Label:ResetCameraMovementChase SpatiallyLoaded:1 Bounds:IsValid=true, Min=(X=215.803 Y=4306.395 Z=404.919), Max=(X=941.285 Y=4609.301 Z=779.033) RuntimeGrid:None EditorOnly:0 RuntimeOnly:0 HLODRelevant:0
 |   |   |- [+] [ 16]
 |   |   |   |- Guid:5B312303410951D3C4EB3E811FF8AD34 BaseClass: NativeClass:/Script/Engine.StaticMeshActor Name:StaticMeshActor_UAID_7486E236A1C7E86401_1469360600 Label:SM_Cube7 SpatiallyLoaded:1 Bounds:IsValid=true, Min=(X=1020.000 Y=4910.000 Z=0.000), Max=(X=1120.000 Y=5810.000 Z=400.000) RuntimeGrid:None EditorOnly:0 RuntimeOnly:0 HLODRelevant:1 FolderPath:Playground FolderGuid:C73F09FC4215536B1DCE2A9E0A830C70
 |   |   |- [+] [ 17]
 |   |   |   |- Guid:899AC30245F11C27A9FBDB884E1BF923 BaseClass: NativeClass:/Script/Engine.WorldDataLayers Name:WorldDataLayers Label:WorldDataLayers-1 SpatiallyLoaded:0 Bounds:IsValid=true, Min=(X=0.000 Y=0.000 Z=0.000), Max=(X=0.000 Y=0.000 Z=0.000) RuntimeGrid:None EditorOnly:0 RuntimeOnly:0 HLODRelevant:0
 |   |   |- [+] [ 18]
 |   |   |   |- Guid:5C09BF3047FFD18EC2C9618E2EA2DD6C BaseClass: NativeClass:/Script/Engine.SkyAtmosphere Name:SkyAtmosphere_0 Label:SkyAtmosphere SpatiallyLoaded:0 Bounds:IsValid=true, Min=(X=0.000 Y=0.000 Z=1020.000), Max=(X=0.000 Y=0.000 Z=1020.000) RuntimeGrid:None EditorOnly:0 RuntimeOnly:0 HLODRelevant:0 FolderPath:Lighting FolderGuid:963EC3EB4002CCE9759E2EBA541A873A
 |   |   |- [+] [ 19]
 |   |   |   |- Guid:601F5B1442C8326DFA29ABB68FF85A57 BaseClass: NativeClass:/Script/Engine.StaticMeshActor Name:StaticMeshActor_UAID_04D4C404EDB05D6801_1231129352 Label:SM_Cube14 SpatiallyLoaded:1 Bounds:IsValid=true, Min=(X=-76.621 Y=2175.528 Z=-0.000), Max=(X=1085.879 Y=2616.584 Z=215.625) RuntimeGrid:None EditorOnly:0 RuntimeOnly:0 HLODRelevant:1 FolderPath:Playground FolderGuid:C73F09FC4215536B1DCE2A9E0A830C70
 |   |   |- [+] [ 20]
 |   |   |   |- Guid:FB5CFC354B5D05C2A529DAAA6322E8E9 BaseClass: NativeClass:/Script/Engine.StaticMeshActor Name:StaticMeshActor_UAID_A4AE111137DC5EFB00_1110535423 Label:SM_SkySphere SpatiallyLoaded:1 Bounds:IsValid=true, Min=(X=-1638400.000 Y=-1638400.000 Z=-1638400.000), Max=(X=1638400.000 Y=1638400.000 Z=1638400.000) RuntimeGrid:None EditorOnly:0 RuntimeOnly:0 HLODRelevant:1 FolderPath:Lighting FolderGuid:963EC3EB4002CCE9759E2EBA541A873A
 |   |   |- [+] [ 21]
 |   |   |   |- Guid:9ADB67F5458A9462FF98EEAFD978CF11 BaseClass: NativeClass:/Script/Engine.StaticMeshActor Name:StaticMeshActor_UAID_04D4C404EDB0656801_2020754772 Label:SM_Cube23 SpatiallyLoaded:1 Bounds:IsValid=true, Min=(X=364.630 Y=3626.839 Z=-0.000), Max=(X=702.130 Y=4067.895 Z=115.625) RuntimeGrid:None EditorOnly:0 RuntimeOnly:0 HLODRelevant:1 FolderPath:Playground FolderGuid:C73F09FC4215536B1DCE2A9E0A830C70
 |   |   |- [+] [ 22]
 |   |   |   |- Guid:31D28C79429839800B51E584CA751DBE BaseClass: NativeClass:/Script/Engine.ExponentialHeightFog Name:ExponentialHeightFog_0 Label:ExponentialHeightFog SpatiallyLoaded:0 Bounds:IsValid=true, Min=(X=-5600.000 Y=-50.000 Z=-6850.000), Max=(X=-5600.000 Y=-50.000 Z=-6850.000) RuntimeGrid:None EditorOnly:0 RuntimeOnly:0 HLODRelevant:0 FolderPath:Lighting FolderGuid:963EC3EB4002CCE9759E2EBA541A873A
 |   |   |- [+] [ 23]
 |   |   |   |- Guid:6C2F6D9B4CF846BE5994AE96121547A5 BaseClass:/Game/WilliamStuff/Ai/ChasingAI/MoveChasingAI/StartAIChasing.StartAIChasing_C NativeClass:/Script/Engine.Actor Name:StartAIChasing_C_UAID_7486E236B8A6906A01_1524611440 Label:StartAIChasing SpatiallyLoaded:1 Bounds:IsValid=true, Min=(X=14.814 Y=825.143 Z=39.736), Max=(X=1077.625 Y=889.143 Z=591.794) RuntimeGrid:None EditorOnly:0 RuntimeOnly:0 HLODRelevant:0
 |   |   |- [+] [ 24]
 |   |   |   |- Guid:8AF4A4694BEFE8CFE42A26BEAB73FACF BaseClass: NativeClass:/Script/Engine.StaticMeshActor Name:StaticMeshActor_UAID_7486E236A1C7F16401_1697852194 Label:SM_Cube12 SpatiallyLoaded:1 Bounds:IsValid=true, Min=(X=-3280.000 Y=-5998.924 Z=-102.266), Max=(X=5270.000 Y=10.000 Z=-52.266) RuntimeGrid:None EditorOnly:0 RuntimeOnly:0 HLODRelevant:1 FolderPath:Playground FolderGuid:C73F09FC4215536B1DCE2A9E0A830C70
 |   |   |- [+] [ 25]
 |   |   |   |- Guid:E5AE864840C70EA5D3007389ABDC433C BaseClass: NativeClass:/Script/Engine.StaticMeshActor Name:StaticMeshActor_UAID_7486E236A1C7E86401_1469359599 Label:SM_Cube6 SpatiallyLoaded:1 Bounds:IsValid=true, Min=(X=0.000 Y=4910.000 Z=0.000), Max=(X=100.000 Y=5810.000 Z=400.000) RuntimeGrid:None EditorOnly:0 RuntimeOnly:0 HLODRelevant:1 FolderPath:Playground FolderGuid:C73F09FC4215536B1DCE2A9E0A830C70
 |   |   |- [+] [ 26]
 |   |   |   |- Guid:FBE21C394FC694BBE285E6A2B4130CD3 BaseClass: NativeClass:/Script/Engine.StaticMeshActor Name:StaticMeshActor_6 Label:SM_Cube3 SpatiallyLoaded:1 Bounds:IsValid=true, Min=(X=0.000 Y=5480.000 Z=0.000), Max=(X=1125.000 Y=5580.000 Z=400.000) RuntimeGrid:None EditorOnly:0 RuntimeOnly:0 HLODRelevant:1 FolderPath:Playground FolderGuid:C73F09FC4215536B1DCE2A9E0A830C70
 |   |   |- [+] [ 27]
 |   |   |   |- Guid:675CEA1F4CCDC9AA9585858021D9592C BaseClass:/Game/WilliamStuff/Camera/Chase/TriggerCameraMovementChase.TriggerCameraMovementChase_C NativeClass:/Script/Engine.Actor Name:TriggerCameraMovementChase_C_UAID_04D4C404EE25086A01_1143614503 Label:TriggerCameraMovementChase SpatiallyLoaded:1 Bounds:IsValid=true, Min=(X=36.343 Y=-1669.347 Z=-27.931), Max=(X=1108.507 Y=1011.051 Z=1642.469) RuntimeGrid:None EditorOnly:0 RuntimeOnly:0 HLODRelevant:0
 |   |   |- [+] [ 28]
 |   |   |   |- Guid:345637194D5D60D4A75068BE3693DD4B BaseClass: NativeClass:/Script/Engine.StaticMeshActor Name:StaticMeshActor_UAID_04D4C404EDB05D6801_1243278353 Label:SM_Cube15 SpatiallyLoaded:1 Bounds:IsValid=true, Min=(X=775.160 Y=2911.587 Z=0.000), Max=(X=1003.285 Y=4074.087 Z=296.875) RuntimeGrid:None EditorOnly:0 RuntimeOnly:0 HLODRelevant:1 FolderPath:Playground FolderGuid:C73F09FC4215536B1DCE2A9E0A830C70
 |   |   |- [+] [ 29]
 |   |   |   |- Guid:FB7C6B684612A356BCDFAE9CBADBBC19 BaseClass: NativeClass:/Script/Engine.StaticMeshActor Name:StaticMeshActor_UAID_04D4C404EDB0656801_1758017767 Label:SM_Cube19 SpatiallyLoaded:1 Bounds:IsValid=true, Min=(X=23.193 Y=2911.587 Z=0.000), Max=(X=251.318 Y=4074.087 Z=296.875) RuntimeGrid:None EditorOnly:0 RuntimeOnly:0 HLODRelevant:1 FolderPath:Playground FolderGuid:C73F09FC4215536B1DCE2A9E0A830C70
 |   |   |- [+] [ 30]
 |   |   |   |- Guid:056D2B8B4980024980D555A26407ABD0 BaseClass: NativeClass:/Script/Engine.StaticMeshActor Name:StaticMeshActor_UAID_7486E236A1C7E76401_1641856416 Label:SM_Cube5 SpatiallyLoaded:1 Bounds:IsValid=true, Min=(X=1020.000 Y=100.000 Z=0.000), Max=(X=1120.000 Y=1000.000 Z=400.000) RuntimeGrid:None EditorOnly:0 RuntimeOnly:0 HLODRelevant:1 FolderPath:Playground FolderGuid:C73F09FC4215536B1DCE2A9E0A830C70
 |   |   |- [+] [ 31]
 |   |   |   |- Guid:3B11E7D94F8B05519F41BFB1D4CE4A53 BaseClass: NativeClass:/Script/Engine.DirectionalLight Name:DirectionalLight_0 Label:DirectionalLight SpatiallyLoaded:0 Bounds:IsValid=true, Min=(X=-1048576.000 Y=-1048576.000 Z=-1048576.000), Max=(X=1048576.000 Y=1048576.000 Z=1048576.000) RuntimeGrid:None EditorOnly:0 RuntimeOnly:0 HLODRelevant:0 FolderPath:Lighting FolderGuid:963EC3EB4002CCE9759E2EBA541A873A
 |   |   |- [+] [ 32]
 |   |   |   |- Guid:FA70B9C748C63A7267F378837292501B BaseClass: NativeClass:/Script/Engine.StaticMeshActor Name:StaticMeshActor_UAID_04D4C404EDB0656801_1777609768 Label:SM_Cube18 SpatiallyLoaded:1 Bounds:IsValid=true, Min=(X=-40.794 Y=4248.084 Z=383.420), Max=(X=259.206 Y=4476.209 Z=786.545) RuntimeGrid:None EditorOnly:0 RuntimeOnly:0 HLODRelevant:1 FolderPath:Playground FolderGuid:C73F09FC4215536B1DCE2A9E0A830C70
 |   |   |- [+] [ 33]
 |   |   |   |- Guid:372FA21641F1C928CC6A28B8DA873120 BaseClass: NativeClass:/Script/Engine.StaticMeshActor Name:StaticMeshActor_UAID_04D4C404EDB0656801_1895243770 Label:SM_Cube21 SpatiallyLoaded:1 Bounds:IsValid=true, Min=(X=-76.621 Y=2019.290 Z=-1.367), Max=(X=1085.879 Y=2460.346 Z=114.258) RuntimeGrid:None EditorOnly:0 RuntimeOnly:0 HLODRelevant:1 FolderPath:Playground FolderGuid:C73F09FC4215536B1DCE2A9E0A830C70
 |- ContainerInstances:
 |- [+] MainContainer:
 |   |-        ID: 0x0000000000000000
 |   |-    Bounds: IsValid=false, Min=(X=0.000 Y=0.000 Z=0.000), Max=(X=0.000 Y=0.000 Z=0.000)
 |   |- Transform: 0.000000,0.000000,0.000000|0.000000,0.000000,-0.000000|1.000000,1.000000,1.000000
 |   |- Container: /Game/WilliamStuff/Levels/ChaseSceneTest
----------------------------------------------------------------------------------------------------------------
ChaseSceneTest - Persistent Level
----------------------------------------------------------------------------------------------------------------
Always loaded Actor Count: 42 

----------------------------------------------------------------------------------------------------------------
ChaseSceneTest - Runtime Spatial Hash - Streaming Grid - MainGrid
----------------------------------------------------------------------------------------------------------------
            Origin: X=0.000 Y=0.000 Z=0.000
         Cell Size: 12800
      World Bounds: IsValid=false, Min=(X=0.000 Y=0.000 Z=0.000), Max=(X=0.000 Y=0.000 Z=0.000)
     Loading Range: 25600.00
Block Slow Loading: No
 ClientOnlyVisible: No

[+] Grid Levels: 1
 |- Level  0: Cell Count    0 | Cell Size   12800 | Actor Count    0 (0.0%)

[+] Content of Grid Level 0

