[+] Containers:
 |- [+] Container: /Game/WilliamStuff/Levels/2dSectionTest
 |   |- [+] ActorDescs:
 |   |   |- Guid:02D0064E49F7BBFDA65D8AA83B10B9E3 BaseClass: NativeClass:/Script/Engine.StaticMeshActor Name:StaticMeshActor_UAID_04D4C404ED0EC46701_2037004423 Label:SM_Cube14 SpatiallyLoaded:1 Bounds:IsValid=true, Min=(X=-80.274 Y=-0.000 Z=-201.958), Max=(X=670.875 Y=962.712 Z=198.042) RuntimeGrid:None EditorOnly:0 RuntimeOnly:0 HLODRelevant:1 FolderPath:Playground FolderGuid:C73F09FC4215536B1DCE2A9E0A830C70
 |   |   |- Guid:09ED63714CE2B05EF37BA8BB5C9F5EA3 BaseClass: NativeClass:/Script/Engine.TargetPoint Name:TargetPoint_UAID_7486E236A1C37D6601_1176427877 Label:TargetPoint5 SpatiallyLoaded:1 Bounds:IsValid=true, Min=(X=2261.912 Y=4590.882 Z=-2737.584), Max=(X=2261.912 Y=4590.882 Z=-2737.584) RuntimeGrid:None EditorOnly:0 RuntimeOnly:0 HLODRelevant:0
 |   |   |- Guid:0AAF90C8429C2548D9EA8A8F3502641E BaseClass: NativeClass:/Script/Engine.PostProcessVolume Name:PostProcessVolume_0 Label:PostProcessVolume SpatiallyLoaded:0 Bounds:IsValid=true, Min=(X=0.000 Y=0.000 Z=400.000), Max=(X=200.000 Y=200.000 Z=600.000) RuntimeGrid:None EditorOnly:0 RuntimeOnly:0 HLODRelevant:0 FolderPath:Lighting FolderGuid:963EC3EB4002CCE9759E2EBA541A873A
 |   |   |- Guid:0BB0C49D4161034995F1EDA7C6E6AA24 BaseClass: NativeClass:/Script/Engine.TargetPoint Name:TargetPoint_UAID_7486E236A1C38A6601_1158824165 Label:TargetPoint6 SpatiallyLoaded:1 Bounds:IsValid=true, Min=(X=2317.909 Y=3811.826 Z=-2753.081), Max=(X=2317.909 Y=3811.826 Z=-2753.081) RuntimeGrid:None EditorOnly:0 RuntimeOnly:0 HLODRelevant:0
 |   |   |- Guid:18778BB54092BC8FDCECDDA81B11C62C BaseClass: NativeClass:/Script/Engine.DirectionalLight Name:DirectionalLight_0 Label:DirectionalLight SpatiallyLoaded:0 Bounds:IsValid=true, Min=(X=-1048576.000 Y=-1048576.000 Z=-1048576.000), Max=(X=1048576.000 Y=1048576.000 Z=1048576.000) RuntimeGrid:None EditorOnly:0 RuntimeOnly:0 HLODRelevant:0 FolderPath:Lighting FolderGuid:963EC3EB4002CCE9759E2EBA541A873A
 |   |   |- Guid:1880F0E1472A8E04A44E46881D9CE960 BaseClass: NativeClass:/Script/Engine.TriggerBox Name:TriggerBox_UAID_7486E236A1C7F06401_1245434013 Label:End2DSection2 SpatiallyLoaded:1 Bounds:IsValid=true, Min=(X=67.500 Y=5044.124 Z=-361.367), Max=(X=1032.500 Y=5124.124 Z=542.956) RuntimeGrid:None EditorOnly:0 RuntimeOnly:0 HLODRelevant:0
 |   |   |- Guid:1D257E0C40A82FDBAE62BCA89BDA01DD BaseClass: NativeClass:/Script/Engine.TriggerBox Name:TriggerBox_UAID_7486E236A1C7E86401_1649325601 Label:Start2DSection SpatiallyLoaded:1 Bounds:IsValid=true, Min=(X=685.781 Y=847.725 Z=-391.250), Max=(X=1214.219 Y=927.725 Z=451.250) RuntimeGrid:None EditorOnly:0 RuntimeOnly:0 HLODRelevant:0
 |   |   |- Guid:27F50EBC477FD156FB7E37853197E472 BaseClass: NativeClass:/Script/Engine.SkyLight Name:SkyLight_1 Label:SkyLight SpatiallyLoaded:0 Bounds:IsValid=true, Min=(X=0.000 Y=0.000 Z=690.000), Max=(X=0.000 Y=0.000 Z=690.000) RuntimeGrid:None EditorOnly:0 RuntimeOnly:0 HLODRelevant:0 FolderPath:Lighting FolderGuid:963EC3EB4002CCE9759E2EBA541A873A
 |   |   |- Guid:29319DDF45CB086F899D1DA482400B10 BaseClass: NativeClass:/Script/Engine.TargetPoint Name:TargetPoint_UAID_7486E236A1C7EE6401_2106367660 Label:TargetPoint SpatiallyLoaded:1 Bounds:IsValid=true, Min=(X=-1610.000 Y=1180.000 Z=170.000), Max=(X=-1610.000 Y=1180.000 Z=170.000) RuntimeGrid:None EditorOnly:0 RuntimeOnly:0 HLODRelevant:0
 |   |   |- Guid:322330CC4CEF001B7ED38C9F1A5ABB05 BaseClass: NativeClass:/Script/Engine.Character Name:SeekingAI_C_UAID_04D4C404EE25F16501_1421879237 Label:SeekingAI SpatiallyLoaded:1 Bounds:IsValid=true, Min=(X=889.866 Y=1.147 Z=-2769.646), Max=(X=3214.848 Y=2174.444 Z=2890.124) RuntimeGrid:None EditorOnly:0 RuntimeOnly:0 HLODRelevant:0
 |   |   |- Guid:353D7A35415B540316CE29ACD417A165 BaseClass: NativeClass:/Script/Engine.StaticMeshActor Name:StaticMeshActor_UAID_A4AE111137DC5EFB00_1110535423 Label:SM_SkySphere SpatiallyLoaded:1 Bounds:IsValid=true, Min=(X=-1638400.000 Y=-1638400.000 Z=-1638400.000), Max=(X=1638400.000 Y=1638400.000 Z=1638400.000) RuntimeGrid:None EditorOnly:0 RuntimeOnly:0 HLODRelevant:1 FolderPath:Lighting FolderGuid:963EC3EB4002CCE9759E2EBA541A873A
 |   |   |- Guid:3D7CFEF54CBE6D685CC076B817B54033 BaseClass: NativeClass:/Script/LevelSequence.LevelSequenceActor Name:LevelSequenceActor_UAID_04D4C401432E186701_1891543152 Label:BlockFal SpatiallyLoaded:0 Bounds:IsValid=true, Min=(X=1103.899 Y=4540.522 Z=895.174), Max=(X=1103.899 Y=4540.522 Z=895.174) RuntimeGrid:None EditorOnly:0 RuntimeOnly:0 HLODRelevant:0
 |   |   |- Guid:430DD5E74E3665D8A02FA8996C52D5F1 BaseClass: NativeClass:/Script/Engine.StaticMeshActor Name:StaticMeshActor_UAID_7486E236A1C7E76401_1641856416 Label:SM_Cube5 SpatiallyLoaded:1 Bounds:IsValid=true, Min=(X=1020.000 Y=100.000 Z=0.000), Max=(X=1120.000 Y=1000.000 Z=400.000) RuntimeGrid:None EditorOnly:0 RuntimeOnly:0 HLODRelevant:1 FolderPath:Playground FolderGuid:C73F09FC4215536B1DCE2A9E0A830C70
 |   |   |- Guid:43A8DF8B489718D592B2D79AFA80AE09 BaseClass: NativeClass:/Script/Engine.ExponentialHeightFog Name:ExponentialHeightFog_0 Label:ExponentialHeightFog SpatiallyLoaded:0 Bounds:IsValid=true, Min=(X=-5600.000 Y=-50.000 Z=-6850.000), Max=(X=-5600.000 Y=-50.000 Z=-6850.000) RuntimeGrid:None EditorOnly:0 RuntimeOnly:0 HLODRelevant:0 FolderPath:Lighting FolderGuid:963EC3EB4002CCE9759E2EBA541A873A
 |   |   |- Guid:47CCAF614BC01317A234FCA2119B417E BaseClass: NativeClass:/Script/Engine.TriggerBox Name:TriggerBox_UAID_04D4C404EE25F06501_1294247057 Label:BeginAiSweep SpatiallyLoaded:1 Bounds:IsValid=true, Min=(X=67.500 Y=403.824 Z=-391.250), Max=(X=1032.500 Y=483.824 Z=451.250) RuntimeGrid:None EditorOnly:0 RuntimeOnly:0 HLODRelevant:0
 |   |   |- Guid:4A1162C34A526D6F105895A957440984 BaseClass: NativeClass:/Script/Engine.StaticMeshActor Name:StaticMeshActor_UAID_7486E236A1C7F16401_1224798193 Label:SM_Cube11 SpatiallyLoaded:1 Bounds:IsValid=true, Min=(X=1020.000 Y=1340.000 Z=0.000), Max=(X=1120.000 Y=1890.000 Z=575.000) RuntimeGrid:None EditorOnly:0 RuntimeOnly:0 HLODRelevant:1 FolderPath:Playground FolderGuid:C73F09FC4215536B1DCE2A9E0A830C70
 |   |   |- Guid:4DE1D22B4C6ADE44E9983D9CFF95297A BaseClass: NativeClass:/Script/Engine.StaticMeshActor Name:StaticMeshActor_5 Label:SM_Cube2 SpatiallyLoaded:1 Bounds:IsValid=true, Min=(X=0.000 Y=0.000 Z=0.000), Max=(X=1125.000 Y=100.000 Z=400.000) RuntimeGrid:None EditorOnly:0 RuntimeOnly:0 HLODRelevant:1 FolderPath:Playground FolderGuid:C73F09FC4215536B1DCE2A9E0A830C70
 |   |   |- Guid:53EFF122446F84E13A6630BCAAC6FCFD BaseClass: NativeClass:/Script/Engine.StaticMeshActor Name:StaticMeshActor_UAID_04D4C404EE25F26501_1561866415 Label:SM_Cube9 SpatiallyLoaded:1 Bounds:IsValid=true, Min=(X=1020.000 Y=3178.599 Z=-0.000), Max=(X=1120.000 Y=3809.229 Z=740.362) RuntimeGrid:None EditorOnly:0 RuntimeOnly:0 HLODRelevant:1 FolderPath:Playground FolderGuid:C73F09FC4215536B1DCE2A9E0A830C70
 |   |   |- Guid:56C142DB4D33FF7546736683ABFC3496 BaseClass: NativeClass:/Script/Engine.Actor Name:InvisBarrior_C_UAID_04D4C404EE25EE6501_1761849703 Label:InvisBarrior SpatiallyLoaded:1 Bounds:IsValid=true, Min=(X=1005.902 Y=581.468 Z=-143.083), Max=(X=1105.902 Y=5156.523 Z=625.212) RuntimeGrid:None EditorOnly:0 RuntimeOnly:0 HLODRelevant:0
 |   |   |- Guid:590F4D5943E8821CE7A4B5B2D64F0EB1 BaseClass: NativeClass:/Script/Engine.StaticMeshActor Name:StaticMeshActor_1 Label:SM_Cube SpatiallyLoaded:1 Bounds:IsValid=true, Min=(X=0.000 Y=0.000 Z=-50.000), Max=(X=1125.000 Y=5500.000 Z=0.000) RuntimeGrid:None EditorOnly:0 RuntimeOnly:0 HLODRelevant:1 FolderPath:Playground FolderGuid:C73F09FC4215536B1DCE2A9E0A830C70
 |   |   |- Guid:68F6E68944409604F8CE5993A148D604 BaseClass: NativeClass:/Script/Engine.TriggerBox Name:TriggerBox_UAID_7486E236A1C3896601_1528352986 Label:MoveBlockButtonTB SpatiallyLoaded:1 Bounds:IsValid=true, Min=(X=999.250 Y=3482.948 Z=63.411), Max=(X=1079.250 Y=3594.406 Z=193.083) RuntimeGrid:None EditorOnly:0 RuntimeOnly:0 HLODRelevant:0
 |   |   |- Guid:72D5F17B4B1951880CE95EB510EE760B BaseClass:/Game/WilliamStuff/Materials+Assets/InvisBarrior.InvisBarrior_C NativeClass:/Script/Engine.Actor Name:InvisBarrior_C_UAID_04D4C404EE25EE6501_1834829704 Label:InvisBarrior2 SpatiallyLoaded:1 Bounds:IsValid=true, Min=(X=499.146 Y=93.625 Z=-143.083), Max=(X=599.146 Y=4932.992 Z=625.212) RuntimeGrid:None EditorOnly:0 RuntimeOnly:0 HLODRelevant:0
 |   |   |- Guid:7AB72FF243033F12F7F98388D775D317 BaseClass: NativeClass:/Script/Engine.TargetPoint Name:TargetPoint_UAID_7486E236A1C37D6601_1133092876 Label:TargetPoint4 SpatiallyLoaded:1 Bounds:IsValid=true, Min=(X=2261.912 Y=4303.818 Z=-2737.584), Max=(X=2261.912 Y=4303.818 Z=-2737.584) RuntimeGrid:None EditorOnly:0 RuntimeOnly:0 HLODRelevant:0
 |   |   |- Guid:8A9A338243E1955DB4C04E9178EC1AB7 BaseClass: NativeClass:/Script/Engine.StaticMeshActor Name:StaticMeshActor_UAID_04D4C404ED0E2D6601_2002106791 Label:SM_Cube4 SpatiallyLoaded:1 Bounds:IsValid=true, Min=(X=-50.000 Y=-0.000 Z=-2362.865), Max=(X=0.000 Y=5500.000 Z=-35.680) RuntimeGrid:None EditorOnly:0 RuntimeOnly:0 HLODRelevant:1 FolderPath:Playground FolderGuid:C73F09FC4215536B1DCE2A9E0A830C70
 |   |   |- Guid:938FDFB5481AE95A30701EB604080DDB BaseClass: NativeClass:/Script/Engine.TargetPoint Name:TargetPoint_UAID_7486E236A1C38A6601_1157169164 Label:TargetPoint5 SpatiallyLoaded:1 Bounds:IsValid=true, Min=(X=2317.909 Y=4117.124 Z=-2753.081), Max=(X=2317.909 Y=4117.124 Z=-2753.081) RuntimeGrid:None EditorOnly:0 RuntimeOnly:0 HLODRelevant:0
 |   |   |- Guid:AEA0275A4528F9E48937C0BD25D3F566 BaseClass: NativeClass:/Script/Engine.PlayerStart Name:PlayerStart_0 Label:PlayerStart SpatiallyLoaded:0 Bounds:IsValid=true, Min=(X=630.000 Y=240.000 Z=0.013), Max=(X=710.000 Y=320.000 Z=184.013) RuntimeGrid:None EditorOnly:0 RuntimeOnly:0 HLODRelevant:0
 |   |   |- Guid:B11FE94C4F44D1BD99744BA0FC660FA2 BaseClass: NativeClass:/Script/Engine.TargetPoint Name:TargetPoint_UAID_7486E236A1C3896601_2072743987 Label:TargetPoint4 SpatiallyLoaded:1 Bounds:IsValid=true, Min=(X=2317.909 Y=4442.677 Z=-2753.081), Max=(X=2317.909 Y=4442.677 Z=-2753.081) RuntimeGrid:None EditorOnly:0 RuntimeOnly:0 HLODRelevant:0
 |   |   |- Guid:B5DEF5DA44E1E6166A753FB7022109E9 BaseClass: NativeClass:/Script/Engine.StaticMeshActor Name:StaticMeshActor_UAID_7486E236A1C7F16401_1192412190 Label:SM_Cube8 SpatiallyLoaded:1 Bounds:IsValid=true, Min=(X=1020.000 Y=2240.000 Z=0.000), Max=(X=1120.000 Y=2790.000 Z=102.033) RuntimeGrid:None EditorOnly:0 RuntimeOnly:0 HLODRelevant:1 FolderPath:Playground FolderGuid:C73F09FC4215536B1DCE2A9E0A830C70
 |   |   |- Guid:BBAAAD924ED3F10DE1067A9E8699458B BaseClass: NativeClass:/Script/Engine.StaticMeshActor Name:StaticMeshActor_UAID_04D4C404EE25F26501_1135904414 Label:Cube SpatiallyLoaded:1 Bounds:IsValid=true, Min=(X=-2020.164 Y=-1465.077 Z=-2859.200), Max=(X=5510.192 Y=7070.327 Z=-2759.200) RuntimeGrid:None EditorOnly:0 RuntimeOnly:0 HLODRelevant:1
 |   |   |- Guid:C26FE78941FCDF5943DC86ADA4A8AB03 BaseClass: NativeClass:/Script/Engine.WorldDataLayers Name:WorldDataLayers Label:WorldDataLayers-1 SpatiallyLoaded:0 Bounds:IsValid=true, Min=(X=0.000 Y=0.000 Z=0.000), Max=(X=0.000 Y=0.000 Z=0.000) RuntimeGrid:None EditorOnly:0 RuntimeOnly:0 HLODRelevant:0
 |   |   |- Guid:C8248A1C4D6767F31E212DA5FAF5E3A2 BaseClass: NativeClass:/Script/LevelSequence.LevelSequenceActor Name:LevelSequenceActor_UAID_04D4C401432E186701_1827768151 Label:BlockFal SpatiallyLoaded:0 Bounds:IsValid=true, Min=(X=993.857 Y=5146.367 Z=672.236), Max=(X=993.857 Y=5146.367 Z=672.236) RuntimeGrid:None EditorOnly:0 RuntimeOnly:0 HLODRelevant:0
 |   |   |- Guid:C91A27014ACC1CEB8CAED68FA136F99C BaseClass: NativeClass:/Script/Engine.StaticMeshActor Name:StaticMeshActor_UAID_7486E236A1C7E86401_1469360600 Label:SM_Cube7 SpatiallyLoaded:1 Bounds:IsValid=true, Min=(X=1020.000 Y=4910.000 Z=0.000), Max=(X=1120.000 Y=5810.000 Z=400.000) RuntimeGrid:None EditorOnly:0 RuntimeOnly:0 HLODRelevant:1 FolderPath:Playground FolderGuid:C73F09FC4215536B1DCE2A9E0A830C70
 |   |   |- Guid:D118615D4ABC6E40FC9951AF1AB98984 BaseClass: NativeClass:/Script/Engine.TargetPoint Name:TargetPoint_UAID_7486E236A1C37D6601_1181576878 Label:TargetPoint6 SpatiallyLoaded:1 Bounds:IsValid=true, Min=(X=2261.912 Y=4080.228 Z=-2737.584), Max=(X=2261.912 Y=4080.228 Z=-2737.584) RuntimeGrid:None EditorOnly:0 RuntimeOnly:0 HLODRelevant:0
 |   |   |- Guid:D62E5F12453D7B463D2FC3AC1C437AD6 BaseClass: NativeClass:/Script/Engine.StaticMeshActor Name:StaticMeshActor_UAID_7486E236A1C3896601_1333633983 Label:SM_Cube12 SpatiallyLoaded:1 Bounds:IsValid=true, Min=(X=-109.531 Y=4800.068 Z=820.754), Max=(X=1146.719 Y=4900.068 Z=952.702) RuntimeGrid:None EditorOnly:0 RuntimeOnly:0 HLODRelevant:1 FolderPath:Playground FolderGuid:C73F09FC4215536B1DCE2A9E0A830C70
 |   |   |- Guid:D9515FD548726688E22A4B829B1B303C BaseClass: NativeClass:/Script/Engine.TargetPoint Name:TargetPoint_UAID_04D4C404EE25F06501_1502754059 Label:TargetPoint3 SpatiallyLoaded:1 Bounds:IsValid=true, Min=(X=2317.909 Y=4732.988 Z=-2753.081), Max=(X=2317.909 Y=4732.988 Z=-2753.081) RuntimeGrid:None EditorOnly:0 RuntimeOnly:0 HLODRelevant:0
 |   |   |- Guid:E4BDFAF04976B249D3B098BCAC3DE918 BaseClass: NativeClass:/Script/Engine.TargetPoint Name:TargetPoint_UAID_04D4C404EE25F06501_1479131058 Label:TargetPoint2 SpatiallyLoaded:1 Bounds:IsValid=true, Min=(X=2317.909 Y=1134.769 Z=-2753.081), Max=(X=2317.909 Y=1134.769 Z=-2753.081) RuntimeGrid:None EditorOnly:0 RuntimeOnly:0 HLODRelevant:0
 |   |   |- Guid:E5235647476C3AB297085C8267E74222 BaseClass: NativeClass:/Script/Engine.StaticMeshActor Name:StaticMeshActor_UAID_7486E236A1C7F16401_1206729192 Label:SM_Cube10 SpatiallyLoaded:1 Bounds:IsValid=true, Min=(X=63.032 Y=4907.713 Z=0.000), Max=(X=1046.719 Y=5007.713 Z=273.814) RuntimeGrid:None EditorOnly:0 RuntimeOnly:0 HLODRelevant:1 FolderPath:Playground FolderGuid:C73F09FC4215536B1DCE2A9E0A830C70
 |   |   |- Guid:E88B4D334ED01622A1613089A0249DF1 BaseClass: NativeClass:/Script/Engine.StaticMeshActor Name:StaticMeshActor_6 Label:SM_Cube3 SpatiallyLoaded:1 Bounds:IsValid=true, Min=(X=0.000 Y=5480.000 Z=0.000), Max=(X=1125.000 Y=5580.000 Z=400.000) RuntimeGrid:None EditorOnly:0 RuntimeOnly:0 HLODRelevant:1 FolderPath:Playground FolderGuid:C73F09FC4215536B1DCE2A9E0A830C70
 |   |   |- Guid:EABD5E9F4834A72E0F6EF6BEC80EB477 BaseClass: NativeClass:/Script/Engine.VolumetricCloud Name:VolumetricCloud_0 Label:VolumetricCloud SpatiallyLoaded:0 Bounds:IsValid=true, Min=(X=0.000 Y=0.000 Z=820.000), Max=(X=0.000 Y=0.000 Z=820.000) RuntimeGrid:None EditorOnly:0 RuntimeOnly:0 HLODRelevant:0 FolderPath:Lighting FolderGuid:963EC3EB4002CCE9759E2EBA541A873A
 |   |   |- Guid:ECE37992422283FECABB8EAB45938649 BaseClass: NativeClass:/Script/Engine.StaticMeshActor Name:StaticMeshActor_UAID_7486E236A1C7E86401_1469359599 Label:SM_Cube6 SpatiallyLoaded:1 Bounds:IsValid=true, Min=(X=0.000 Y=5010.000 Z=0.000), Max=(X=100.000 Y=5910.000 Z=400.000) RuntimeGrid:None EditorOnly:0 RuntimeOnly:0 HLODRelevant:1 FolderPath:Playground FolderGuid:C73F09FC4215536B1DCE2A9E0A830C70
 |   |   |- Guid:F260579D45F0DB4DBE01E09D33918C91 BaseClass: NativeClass:/Script/NavigationSystem.NavMeshBoundsVolume Name:NavMeshBoundsVolume_UAID_04D4C404EE25DE6501_2035909887 Label:NavMeshBoundsVolume SpatiallyLoaded:0 Bounds:IsValid=true, Min=(X=-1772.331 Y=-1171.667 Z=-3002.562), Max=(X=5456.334 Y=7246.358 Z=-2802.562) RuntimeGrid:None EditorOnly:0 RuntimeOnly:0 HLODRelevant:0
 |   |   |- Guid:F89AE6CB43E9CCA689E6B68187425C59 BaseClass: NativeClass:/Script/Engine.SkyAtmosphere Name:SkyAtmosphere_0 Label:SkyAtmosphere SpatiallyLoaded:0 Bounds:IsValid=true, Min=(X=0.000 Y=0.000 Z=1020.000), Max=(X=0.000 Y=0.000 Z=1020.000) RuntimeGrid:None EditorOnly:0 RuntimeOnly:0 HLODRelevant:0 FolderPath:Lighting FolderGuid:963EC3EB4002CCE9759E2EBA541A873A
 |   |   |- Guid:FEBDA719465FCA0207B41DAC78476616 BaseClass: NativeClass:/Script/Engine.StaticMeshActor Name:StaticMeshActor_UAID_7486E236A1C3896601_1447729984 Label:SM_Cube13 SpatiallyLoaded:1 Bounds:IsValid=true, Min=(X=1014.461 Y=3488.331 Z=59.353), Max=(X=1046.719 Y=3588.331 Z=191.300) RuntimeGrid:None EditorOnly:0 RuntimeOnly:0 HLODRelevant:1 FolderPath:Playground FolderGuid:C73F09FC4215536B1DCE2A9E0A830C70
 |   |- [+] Clusters:
 |   |   |- [+] [  0]
 |   |   |   |- Guid:4A1162C34A526D6F105895A957440984 BaseClass: NativeClass:/Script/Engine.StaticMeshActor Name:StaticMeshActor_UAID_7486E236A1C7F16401_1224798193 Label:SM_Cube11 SpatiallyLoaded:1 Bounds:IsValid=true, Min=(X=1020.000 Y=1340.000 Z=0.000), Max=(X=1120.000 Y=1890.000 Z=575.000) RuntimeGrid:None EditorOnly:0 RuntimeOnly:0 HLODRelevant:1 FolderPath:Playground FolderGuid:C73F09FC4215536B1DCE2A9E0A830C70
 |   |   |- [+] [  1]
 |   |   |   |- Guid:D118615D4ABC6E40FC9951AF1AB98984 BaseClass: NativeClass:/Script/Engine.TargetPoint Name:TargetPoint_UAID_7486E236A1C37D6601_1181576878 Label:TargetPoint6 SpatiallyLoaded:1 Bounds:IsValid=true, Min=(X=2261.912 Y=4080.228 Z=-2737.584), Max=(X=2261.912 Y=4080.228 Z=-2737.584) RuntimeGrid:None EditorOnly:0 RuntimeOnly:0 HLODRelevant:0
 |   |   |- [+] [  2]
 |   |   |   |- Guid:F260579D45F0DB4DBE01E09D33918C91 BaseClass: NativeClass:/Script/NavigationSystem.NavMeshBoundsVolume Name:NavMeshBoundsVolume_UAID_04D4C404EE25DE6501_2035909887 Label:NavMeshBoundsVolume SpatiallyLoaded:0 Bounds:IsValid=true, Min=(X=-1772.331 Y=-1171.667 Z=-3002.562), Max=(X=5456.334 Y=7246.358 Z=-2802.562) RuntimeGrid:None EditorOnly:0 RuntimeOnly:0 HLODRelevant:0
 |   |   |- [+] [  3]
 |   |   |   |- Guid:E88B4D334ED01622A1613089A0249DF1 BaseClass: NativeClass:/Script/Engine.StaticMeshActor Name:StaticMeshActor_6 Label:SM_Cube3 SpatiallyLoaded:1 Bounds:IsValid=true, Min=(X=0.000 Y=5480.000 Z=0.000), Max=(X=1125.000 Y=5580.000 Z=400.000) RuntimeGrid:None EditorOnly:0 RuntimeOnly:0 HLODRelevant:1 FolderPath:Playground FolderGuid:C73F09FC4215536B1DCE2A9E0A830C70
 |   |   |- [+] [  4]
 |   |   |   |- Guid:322330CC4CEF001B7ED38C9F1A5ABB05 BaseClass: NativeClass:/Script/Engine.Character Name:SeekingAI_C_UAID_04D4C404EE25F16501_1421879237 Label:SeekingAI SpatiallyLoaded:1 Bounds:IsValid=true, Min=(X=889.866 Y=1.147 Z=-2769.646), Max=(X=3214.848 Y=2174.444 Z=2890.124) RuntimeGrid:None EditorOnly:0 RuntimeOnly:0 HLODRelevant:0
 |   |   |- [+] [  5]
 |   |   |   |- Guid:09ED63714CE2B05EF37BA8BB5C9F5EA3 BaseClass: NativeClass:/Script/Engine.TargetPoint Name:TargetPoint_UAID_7486E236A1C37D6601_1176427877 Label:TargetPoint5 SpatiallyLoaded:1 Bounds:IsValid=true, Min=(X=2261.912 Y=4590.882 Z=-2737.584), Max=(X=2261.912 Y=4590.882 Z=-2737.584) RuntimeGrid:None EditorOnly:0 RuntimeOnly:0 HLODRelevant:0
 |   |   |- [+] [  6]
 |   |   |   |- Guid:C8248A1C4D6767F31E212DA5FAF5E3A2 BaseClass: NativeClass:/Script/LevelSequence.LevelSequenceActor Name:LevelSequenceActor_UAID_04D4C401432E186701_1827768151 Label:BlockFal SpatiallyLoaded:0 Bounds:IsValid=true, Min=(X=993.857 Y=5146.367 Z=672.236), Max=(X=993.857 Y=5146.367 Z=672.236) RuntimeGrid:None EditorOnly:0 RuntimeOnly:0 HLODRelevant:0
 |   |   |- [+] [  7]
 |   |   |   |- Guid:1880F0E1472A8E04A44E46881D9CE960 BaseClass: NativeClass:/Script/Engine.TriggerBox Name:TriggerBox_UAID_7486E236A1C7F06401_1245434013 Label:End2DSection2 SpatiallyLoaded:1 Bounds:IsValid=true, Min=(X=67.500 Y=5044.124 Z=-361.367), Max=(X=1032.500 Y=5124.124 Z=542.956) RuntimeGrid:None EditorOnly:0 RuntimeOnly:0 HLODRelevant:0
 |   |   |- [+] [  8]
 |   |   |   |- Guid:B11FE94C4F44D1BD99744BA0FC660FA2 BaseClass: NativeClass:/Script/Engine.TargetPoint Name:TargetPoint_UAID_7486E236A1C3896601_2072743987 Label:TargetPoint4 SpatiallyLoaded:1 Bounds:IsValid=true, Min=(X=2317.909 Y=4442.677 Z=-2753.081), Max=(X=2317.909 Y=4442.677 Z=-2753.081) RuntimeGrid:None EditorOnly:0 RuntimeOnly:0 HLODRelevant:0
 |   |   |- [+] [  9]
 |   |   |   |- Guid:47CCAF614BC01317A234FCA2119B417E BaseClass: NativeClass:/Script/Engine.TriggerBox Name:TriggerBox_UAID_04D4C404EE25F06501_1294247057 Label:BeginAiSweep SpatiallyLoaded:1 Bounds:IsValid=true, Min=(X=67.500 Y=403.824 Z=-391.250), Max=(X=1032.500 Y=483.824 Z=451.250) RuntimeGrid:None EditorOnly:0 RuntimeOnly:0 HLODRelevant:0
 |   |   |- [+] [ 10]
 |   |   |   |- Guid:353D7A35415B540316CE29ACD417A165 BaseClass: NativeClass:/Script/Engine.StaticMeshActor Name:StaticMeshActor_UAID_A4AE111137DC5EFB00_1110535423 Label:SM_SkySphere SpatiallyLoaded:1 Bounds:IsValid=true, Min=(X=-1638400.000 Y=-1638400.000 Z=-1638400.000), Max=(X=1638400.000 Y=1638400.000 Z=1638400.000) RuntimeGrid:None EditorOnly:0 RuntimeOnly:0 HLODRelevant:1 FolderPath:Lighting FolderGuid:963EC3EB4002CCE9759E2EBA541A873A
 |   |   |- [+] [ 11]
 |   |   |   |- Guid:0BB0C49D4161034995F1EDA7C6E6AA24 BaseClass: NativeClass:/Script/Engine.TargetPoint Name:TargetPoint_UAID_7486E236A1C38A6601_1158824165 Label:TargetPoint6 SpatiallyLoaded:1 Bounds:IsValid=true, Min=(X=2317.909 Y=3811.826 Z=-2753.081), Max=(X=2317.909 Y=3811.826 Z=-2753.081) RuntimeGrid:None EditorOnly:0 RuntimeOnly:0 HLODRelevant:0
 |   |   |- [+] [ 12]
 |   |   |   |- Guid:18778BB54092BC8FDCECDDA81B11C62C BaseClass: NativeClass:/Script/Engine.DirectionalLight Name:DirectionalLight_0 Label:DirectionalLight SpatiallyLoaded:0 Bounds:IsValid=true, Min=(X=-1048576.000 Y=-1048576.000 Z=-1048576.000), Max=(X=1048576.000 Y=1048576.000 Z=1048576.000) RuntimeGrid:None EditorOnly:0 RuntimeOnly:0 HLODRelevant:0 FolderPath:Lighting FolderGuid:963EC3EB4002CCE9759E2EBA541A873A
 |   |   |- [+] [ 13]
 |   |   |   |- Guid:1D257E0C40A82FDBAE62BCA89BDA01DD BaseClass: NativeClass:/Script/Engine.TriggerBox Name:TriggerBox_UAID_7486E236A1C7E86401_1649325601 Label:Start2DSection SpatiallyLoaded:1 Bounds:IsValid=true, Min=(X=685.781 Y=847.725 Z=-391.250), Max=(X=1214.219 Y=927.725 Z=451.250) RuntimeGrid:None EditorOnly:0 RuntimeOnly:0 HLODRelevant:0
 |   |   |- [+] [ 14]
 |   |   |   |- Guid:56C142DB4D33FF7546736683ABFC3496 BaseClass: NativeClass:/Script/Engine.Actor Name:InvisBarrior_C_UAID_04D4C404EE25EE6501_1761849703 Label:InvisBarrior SpatiallyLoaded:1 Bounds:IsValid=true, Min=(X=1005.902 Y=581.468 Z=-143.083), Max=(X=1105.902 Y=5156.523 Z=625.212) RuntimeGrid:None EditorOnly:0 RuntimeOnly:0 HLODRelevant:0
 |   |   |- [+] [ 15]
 |   |   |   |- Guid:AEA0275A4528F9E48937C0BD25D3F566 BaseClass: NativeClass:/Script/Engine.PlayerStart Name:PlayerStart_0 Label:PlayerStart SpatiallyLoaded:0 Bounds:IsValid=true, Min=(X=630.000 Y=240.000 Z=0.013), Max=(X=710.000 Y=320.000 Z=184.013) RuntimeGrid:None EditorOnly:0 RuntimeOnly:0 HLODRelevant:0
 |   |   |- [+] [ 16]
 |   |   |   |- Guid:C26FE78941FCDF5943DC86ADA4A8AB03 BaseClass: NativeClass:/Script/Engine.WorldDataLayers Name:WorldDataLayers Label:WorldDataLayers-1 SpatiallyLoaded:0 Bounds:IsValid=true, Min=(X=0.000 Y=0.000 Z=0.000), Max=(X=0.000 Y=0.000 Z=0.000) RuntimeGrid:None EditorOnly:0 RuntimeOnly:0 HLODRelevant:0
 |   |   |- [+] [ 17]
 |   |   |   |- Guid:43A8DF8B489718D592B2D79AFA80AE09 BaseClass: NativeClass:/Script/Engine.ExponentialHeightFog Name:ExponentialHeightFog_0 Label:ExponentialHeightFog SpatiallyLoaded:0 Bounds:IsValid=true, Min=(X=-5600.000 Y=-50.000 Z=-6850.000), Max=(X=-5600.000 Y=-50.000 Z=-6850.000) RuntimeGrid:None EditorOnly:0 RuntimeOnly:0 HLODRelevant:0 FolderPath:Lighting FolderGuid:963EC3EB4002CCE9759E2EBA541A873A
 |   |   |- [+] [ 18]
 |   |   |   |- Guid:C91A27014ACC1CEB8CAED68FA136F99C BaseClass: NativeClass:/Script/Engine.StaticMeshActor Name:StaticMeshActor_UAID_7486E236A1C7E86401_1469360600 Label:SM_Cube7 SpatiallyLoaded:1 Bounds:IsValid=true, Min=(X=1020.000 Y=4910.000 Z=0.000), Max=(X=1120.000 Y=5810.000 Z=400.000) RuntimeGrid:None EditorOnly:0 RuntimeOnly:0 HLODRelevant:1 FolderPath:Playground FolderGuid:C73F09FC4215536B1DCE2A9E0A830C70
 |   |   |- [+] [ 19]
 |   |   |   |- Guid:7AB72FF243033F12F7F98388D775D317 BaseClass: NativeClass:/Script/Engine.TargetPoint Name:TargetPoint_UAID_7486E236A1C37D6601_1133092876 Label:TargetPoint4 SpatiallyLoaded:1 Bounds:IsValid=true, Min=(X=2261.912 Y=4303.818 Z=-2737.584), Max=(X=2261.912 Y=4303.818 Z=-2737.584) RuntimeGrid:None EditorOnly:0 RuntimeOnly:0 HLODRelevant:0
 |   |   |- [+] [ 20]
 |   |   |   |- Guid:B5DEF5DA44E1E6166A753FB7022109E9 BaseClass: NativeClass:/Script/Engine.StaticMeshActor Name:StaticMeshActor_UAID_7486E236A1C7F16401_1192412190 Label:SM_Cube8 SpatiallyLoaded:1 Bounds:IsValid=true, Min=(X=1020.000 Y=2240.000 Z=0.000), Max=(X=1120.000 Y=2790.000 Z=102.033) RuntimeGrid:None EditorOnly:0 RuntimeOnly:0 HLODRelevant:1 FolderPath:Playground FolderGuid:C73F09FC4215536B1DCE2A9E0A830C70
 |   |   |- [+] [ 21]
 |   |   |   |- Guid:E5235647476C3AB297085C8267E74222 BaseClass: NativeClass:/Script/Engine.StaticMeshActor Name:StaticMeshActor_UAID_7486E236A1C7F16401_1206729192 Label:SM_Cube10 SpatiallyLoaded:1 Bounds:IsValid=true, Min=(X=63.032 Y=4907.713 Z=0.000), Max=(X=1046.719 Y=5007.713 Z=273.814) RuntimeGrid:None EditorOnly:0 RuntimeOnly:0 HLODRelevant:1 FolderPath:Playground FolderGuid:C73F09FC4215536B1DCE2A9E0A830C70
 |   |   |- [+] [ 22]
 |   |   |   |- Guid:590F4D5943E8821CE7A4B5B2D64F0EB1 BaseClass: NativeClass:/Script/Engine.StaticMeshActor Name:StaticMeshActor_1 Label:SM_Cube SpatiallyLoaded:1 Bounds:IsValid=true, Min=(X=0.000 Y=0.000 Z=-50.000), Max=(X=1125.000 Y=5500.000 Z=0.000) RuntimeGrid:None EditorOnly:0 RuntimeOnly:0 HLODRelevant:1 FolderPath:Playground FolderGuid:C73F09FC4215536B1DCE2A9E0A830C70
 |   |   |- [+] [ 23]
 |   |   |   |- Guid:938FDFB5481AE95A30701EB604080DDB BaseClass: NativeClass:/Script/Engine.TargetPoint Name:TargetPoint_UAID_7486E236A1C38A6601_1157169164 Label:TargetPoint5 SpatiallyLoaded:1 Bounds:IsValid=true, Min=(X=2317.909 Y=4117.124 Z=-2753.081), Max=(X=2317.909 Y=4117.124 Z=-2753.081) RuntimeGrid:None EditorOnly:0 RuntimeOnly:0 HLODRelevant:0
 |   |   |- [+] [ 24]
 |   |   |   |- Guid:3D7CFEF54CBE6D685CC076B817B54033 BaseClass: NativeClass:/Script/LevelSequence.LevelSequenceActor Name:LevelSequenceActor_UAID_04D4C401432E186701_1891543152 Label:BlockFal SpatiallyLoaded:0 Bounds:IsValid=true, Min=(X=1103.899 Y=4540.522 Z=895.174), Max=(X=1103.899 Y=4540.522 Z=895.174) RuntimeGrid:None EditorOnly:0 RuntimeOnly:0 HLODRelevant:0
 |   |   |- [+] [ 25]
 |   |   |   |- Guid:FEBDA719465FCA0207B41DAC78476616 BaseClass: NativeClass:/Script/Engine.StaticMeshActor Name:StaticMeshActor_UAID_7486E236A1C3896601_1447729984 Label:SM_Cube13 SpatiallyLoaded:1 Bounds:IsValid=true, Min=(X=1014.461 Y=3488.331 Z=59.353), Max=(X=1046.719 Y=3588.331 Z=191.300) RuntimeGrid:None EditorOnly:0 RuntimeOnly:0 HLODRelevant:1 FolderPath:Playground FolderGuid:C73F09FC4215536B1DCE2A9E0A830C70
 |   |   |- [+] [ 26]
 |   |   |   |- Guid:72D5F17B4B1951880CE95EB510EE760B BaseClass:/Game/WilliamStuff/Materials+Assets/InvisBarrior.InvisBarrior_C NativeClass:/Script/Engine.Actor Name:InvisBarrior_C_UAID_04D4C404EE25EE6501_1834829704 Label:InvisBarrior2 SpatiallyLoaded:1 Bounds:IsValid=true, Min=(X=499.146 Y=93.625 Z=-143.083), Max=(X=599.146 Y=4932.992 Z=625.212) RuntimeGrid:None EditorOnly:0 RuntimeOnly:0 HLODRelevant:0
 |   |   |- [+] [ 27]
 |   |   |   |- Guid:02D0064E49F7BBFDA65D8AA83B10B9E3 BaseClass: NativeClass:/Script/Engine.StaticMeshActor Name:StaticMeshActor_UAID_04D4C404ED0EC46701_2037004423 Label:SM_Cube14 SpatiallyLoaded:1 Bounds:IsValid=true, Min=(X=-80.274 Y=-0.000 Z=-201.958), Max=(X=670.875 Y=962.712 Z=198.042) RuntimeGrid:None EditorOnly:0 RuntimeOnly:0 HLODRelevant:1 FolderPath:Playground FolderGuid:C73F09FC4215536B1DCE2A9E0A830C70
 |   |   |- [+] [ 28]
 |   |   |   |- Guid:ECE37992422283FECABB8EAB45938649 BaseClass: NativeClass:/Script/Engine.StaticMeshActor Name:StaticMeshActor_UAID_7486E236A1C7E86401_1469359599 Label:SM_Cube6 SpatiallyLoaded:1 Bounds:IsValid=true, Min=(X=0.000 Y=5010.000 Z=0.000), Max=(X=100.000 Y=5910.000 Z=400.000) RuntimeGrid:None EditorOnly:0 RuntimeOnly:0 HLODRelevant:1 FolderPath:Playground FolderGuid:C73F09FC4215536B1DCE2A9E0A830C70
 |   |   |- [+] [ 29]
 |   |   |   |- Guid:430DD5E74E3665D8A02FA8996C52D5F1 BaseClass: NativeClass:/Script/Engine.StaticMeshActor Name:StaticMeshActor_UAID_7486E236A1C7E76401_1641856416 Label:SM_Cube5 SpatiallyLoaded:1 Bounds:IsValid=true, Min=(X=1020.000 Y=100.000 Z=0.000), Max=(X=1120.000 Y=1000.000 Z=400.000) RuntimeGrid:None EditorOnly:0 RuntimeOnly:0 HLODRelevant:1 FolderPath:Playground FolderGuid:C73F09FC4215536B1DCE2A9E0A830C70
 |   |   |- [+] [ 30]
 |   |   |   |- Guid:0AAF90C8429C2548D9EA8A8F3502641E BaseClass: NativeClass:/Script/Engine.PostProcessVolume Name:PostProcessVolume_0 Label:PostProcessVolume SpatiallyLoaded:0 Bounds:IsValid=true, Min=(X=0.000 Y=0.000 Z=400.000), Max=(X=200.000 Y=200.000 Z=600.000) RuntimeGrid:None EditorOnly:0 RuntimeOnly:0 HLODRelevant:0 FolderPath:Lighting FolderGuid:963EC3EB4002CCE9759E2EBA541A873A
 |   |   |- [+] [ 31]
 |   |   |   |- Guid:29319DDF45CB086F899D1DA482400B10 BaseClass: NativeClass:/Script/Engine.TargetPoint Name:TargetPoint_UAID_7486E236A1C7EE6401_2106367660 Label:TargetPoint SpatiallyLoaded:1 Bounds:IsValid=true, Min=(X=-1610.000 Y=1180.000 Z=170.000), Max=(X=-1610.000 Y=1180.000 Z=170.000) RuntimeGrid:None EditorOnly:0 RuntimeOnly:0 HLODRelevant:0
 |   |   |- [+] [ 32]
 |   |   |   |- Guid:D9515FD548726688E22A4B829B1B303C BaseClass: NativeClass:/Script/Engine.TargetPoint Name:TargetPoint_UAID_04D4C404EE25F06501_1502754059 Label:TargetPoint3 SpatiallyLoaded:1 Bounds:IsValid=true, Min=(X=2317.909 Y=4732.988 Z=-2753.081), Max=(X=2317.909 Y=4732.988 Z=-2753.081) RuntimeGrid:None EditorOnly:0 RuntimeOnly:0 HLODRelevant:0
 |   |   |- [+] [ 33]
 |   |   |   |- Guid:D62E5F12453D7B463D2FC3AC1C437AD6 BaseClass: NativeClass:/Script/Engine.StaticMeshActor Name:StaticMeshActor_UAID_7486E236A1C3896601_1333633983 Label:SM_Cube12 SpatiallyLoaded:1 Bounds:IsValid=true, Min=(X=-109.531 Y=4800.068 Z=820.754), Max=(X=1146.719 Y=4900.068 Z=952.702) RuntimeGrid:None EditorOnly:0 RuntimeOnly:0 HLODRelevant:1 FolderPath:Playground FolderGuid:C73F09FC4215536B1DCE2A9E0A830C70
 |   |   |- [+] [ 34]
 |   |   |   |- Guid:53EFF122446F84E13A6630BCAAC6FCFD BaseClass: NativeClass:/Script/Engine.StaticMeshActor Name:StaticMeshActor_UAID_04D4C404EE25F26501_1561866415 Label:SM_Cube9 SpatiallyLoaded:1 Bounds:IsValid=true, Min=(X=1020.000 Y=3178.599 Z=-0.000), Max=(X=1120.000 Y=3809.229 Z=740.362) RuntimeGrid:None EditorOnly:0 RuntimeOnly:0 HLODRelevant:1 FolderPath:Playground FolderGuid:C73F09FC4215536B1DCE2A9E0A830C70
 |   |   |- [+] [ 35]
 |   |   |   |- Guid:E4BDFAF04976B249D3B098BCAC3DE918 BaseClass: NativeClass:/Script/Engine.TargetPoint Name:TargetPoint_UAID_04D4C404EE25F06501_1479131058 Label:TargetPoint2 SpatiallyLoaded:1 Bounds:IsValid=true, Min=(X=2317.909 Y=1134.769 Z=-2753.081), Max=(X=2317.909 Y=1134.769 Z=-2753.081) RuntimeGrid:None EditorOnly:0 RuntimeOnly:0 HLODRelevant:0
 |   |   |- [+] [ 36]
 |   |   |   |- Guid:27F50EBC477FD156FB7E37853197E472 BaseClass: NativeClass:/Script/Engine.SkyLight Name:SkyLight_1 Label:SkyLight SpatiallyLoaded:0 Bounds:IsValid=true, Min=(X=0.000 Y=0.000 Z=690.000), Max=(X=0.000 Y=0.000 Z=690.000) RuntimeGrid:None EditorOnly:0 RuntimeOnly:0 HLODRelevant:0 FolderPath:Lighting FolderGuid:963EC3EB4002CCE9759E2EBA541A873A
 |   |   |- [+] [ 37]
 |   |   |   |- Guid:4DE1D22B4C6ADE44E9983D9CFF95297A BaseClass: NativeClass:/Script/Engine.StaticMeshActor Name:StaticMeshActor_5 Label:SM_Cube2 SpatiallyLoaded:1 Bounds:IsValid=true, Min=(X=0.000 Y=0.000 Z=0.000), Max=(X=1125.000 Y=100.000 Z=400.000) RuntimeGrid:None EditorOnly:0 RuntimeOnly:0 HLODRelevant:1 FolderPath:Playground FolderGuid:C73F09FC4215536B1DCE2A9E0A830C70
 |   |   |- [+] [ 38]
 |   |   |   |- Guid:BBAAAD924ED3F10DE1067A9E8699458B BaseClass: NativeClass:/Script/Engine.StaticMeshActor Name:StaticMeshActor_UAID_04D4C404EE25F26501_1135904414 Label:Cube SpatiallyLoaded:1 Bounds:IsValid=true, Min=(X=-2020.164 Y=-1465.077 Z=-2859.200), Max=(X=5510.192 Y=7070.327 Z=-2759.200) RuntimeGrid:None EditorOnly:0 RuntimeOnly:0 HLODRelevant:1
 |   |   |- [+] [ 39]
 |   |   |   |- Guid:8A9A338243E1955DB4C04E9178EC1AB7 BaseClass: NativeClass:/Script/Engine.StaticMeshActor Name:StaticMeshActor_UAID_04D4C404ED0E2D6601_2002106791 Label:SM_Cube4 SpatiallyLoaded:1 Bounds:IsValid=true, Min=(X=-50.000 Y=-0.000 Z=-2362.865), Max=(X=0.000 Y=5500.000 Z=-35.680) RuntimeGrid:None EditorOnly:0 RuntimeOnly:0 HLODRelevant:1 FolderPath:Playground FolderGuid:C73F09FC4215536B1DCE2A9E0A830C70
 |   |   |- [+] [ 40]
 |   |   |   |- Guid:F89AE6CB43E9CCA689E6B68187425C59 BaseClass: NativeClass:/Script/Engine.SkyAtmosphere Name:SkyAtmosphere_0 Label:SkyAtmosphere SpatiallyLoaded:0 Bounds:IsValid=true, Min=(X=0.000 Y=0.000 Z=1020.000), Max=(X=0.000 Y=0.000 Z=1020.000) RuntimeGrid:None EditorOnly:0 RuntimeOnly:0 HLODRelevant:0 FolderPath:Lighting FolderGuid:963EC3EB4002CCE9759E2EBA541A873A
 |   |   |- [+] [ 41]
 |   |   |   |- Guid:68F6E68944409604F8CE5993A148D604 BaseClass: NativeClass:/Script/Engine.TriggerBox Name:TriggerBox_UAID_7486E236A1C3896601_1528352986 Label:MoveBlockButtonTB SpatiallyLoaded:1 Bounds:IsValid=true, Min=(X=999.250 Y=3482.948 Z=63.411), Max=(X=1079.250 Y=3594.406 Z=193.083) RuntimeGrid:None EditorOnly:0 RuntimeOnly:0 HLODRelevant:0
 |   |   |- [+] [ 42]
 |   |   |   |- Guid:EABD5E9F4834A72E0F6EF6BEC80EB477 BaseClass: NativeClass:/Script/Engine.VolumetricCloud Name:VolumetricCloud_0 Label:VolumetricCloud SpatiallyLoaded:0 Bounds:IsValid=true, Min=(X=0.000 Y=0.000 Z=820.000), Max=(X=0.000 Y=0.000 Z=820.000) RuntimeGrid:None EditorOnly:0 RuntimeOnly:0 HLODRelevant:0 FolderPath:Lighting FolderGuid:963EC3EB4002CCE9759E2EBA541A873A
 |- ContainerInstances:
 |- [+] MainContainer:
 |   |-        ID: 0x0000000000000000
 |   |-    Bounds: IsValid=false, Min=(X=0.000 Y=0.000 Z=0.000), Max=(X=0.000 Y=0.000 Z=0.000)
 |   |- Transform: 0.000000,0.000000,0.000000|0.000000,0.000000,-0.000000|1.000000,1.000000,1.000000
 |   |- Container: /Game/WilliamStuff/Levels/2dSectionTest
----------------------------------------------------------------------------------------------------------------
2dSectionTest - Persistent Level
----------------------------------------------------------------------------------------------------------------
Always loaded Actor Count: 52 

----------------------------------------------------------------------------------------------------------------
2dSectionTest - Runtime Spatial Hash - Streaming Grid - MainGrid
----------------------------------------------------------------------------------------------------------------
            Origin: X=0.000 Y=0.000 Z=0.000
         Cell Size: 12800
      World Bounds: IsValid=false, Min=(X=0.000 Y=0.000 Z=0.000), Max=(X=0.000 Y=0.000 Z=0.000)
     Loading Range: 25600.00
Block Slow Loading: No
 ClientOnlyVisible: No

[+] Grid Levels: 1
 |- Level  0: Cell Count    0 | Cell Size   12800 | Actor Count    0 (0.0%)

[+] Content of Grid Level 0

