[+] Containers:
 |- [+] Container: /Game/WilliamStuff/Levels/ChaseSceneTest
 |   |- [+] ActorDescs:
 |   |   |- Guid:04E72C8C41CE62756035A3A2E4AEB86A BaseClass: NativeClass:/Script/Engine.StaticMeshActor Name:StaticMeshActor_UAID_04D4C404EDB05D6801_1264035354 Label:SM_Cube16 SpatiallyLoaded:1 Bounds:IsValid=true, Min=(X=-40.794 Y=4248.084 Z=0.000), Max=(X=1121.706 Y=4476.209 Z=403.125) RuntimeGrid:None EditorOnly:0 RuntimeOnly:0 HLODRelevant:1 FolderPath:Playground FolderGuid:C73F09FC4215536B1DCE2A9E0A830C70
 |   |   |- Guid:056D2B8B4980024980D555A26407ABD0 BaseClass: NativeClass:/Script/Engine.StaticMeshActor Name:StaticMeshActor_UAID_7486E236A1C7E76401_1641856416 Label:SM_Cube5 SpatiallyLoaded:1 Bounds:IsValid=true, Min=(X=1020.000 Y=100.000 Z=0.000), Max=(X=1120.000 Y=1000.000 Z=400.000) RuntimeGrid:None EditorOnly:0 RuntimeOnly:0 HLODRelevant:1 FolderPath:Playground FolderGuid:C73F09FC4215536B1DCE2A9E0A830C70
 |   |   |- Guid:10D25C2E476F0AA6ABF53CA17EA6B5FB BaseClass: NativeClass:/Script/Engine.StaticMeshActor Name:StaticMeshActor_UAID_04D4C404EDB05C6801_2120382175 Label:SM_Cube8 SpatiallyLoaded:1 Bounds:IsValid=true, Min=(X=80.368 Y=103.732 Z=-0.000), Max=(X=1030.631 Y=206.267 Z=400.000) RuntimeGrid:None EditorOnly:0 RuntimeOnly:0 HLODRelevant:1 FolderPath:Playground FolderGuid:C73F09FC4215536B1DCE2A9E0A830C70
 |   |   |- Guid:255AD83B410C51F03000399BC7F2FE7E BaseClass: NativeClass:/Script/Engine.StaticMeshActor Name:StaticMeshActor_UAID_7486E236A1C7F16401_1224798193 Label:SM_Cube11 SpatiallyLoaded:1 Bounds:IsValid=true, Min=(X=-76.621 Y=1448.944 Z=0.000), Max=(X=1085.879 Y=1890.000 Z=103.009) RuntimeGrid:None EditorOnly:0 RuntimeOnly:0 HLODRelevant:1 FolderPath:Playground FolderGuid:C73F09FC4215536B1DCE2A9E0A830C70
 |   |   |- Guid:31D28C79429839800B51E584CA751DBE BaseClass: NativeClass:/Script/Engine.ExponentialHeightFog Name:ExponentialHeightFog_0 Label:ExponentialHeightFog SpatiallyLoaded:0 Bounds:IsValid=true, Min=(X=-5600.000 Y=-50.000 Z=-6850.000), Max=(X=-5600.000 Y=-50.000 Z=-6850.000) RuntimeGrid:None EditorOnly:0 RuntimeOnly:0 HLODRelevant:0 FolderPath:Lighting FolderGuid:963EC3EB4002CCE9759E2EBA541A873A
 |   |   |- Guid:345637194D5D60D4A75068BE3693DD4B BaseClass: NativeClass:/Script/Engine.StaticMeshActor Name:StaticMeshActor_UAID_04D4C404EDB05D6801_1243278353 Label:SM_Cube15 SpatiallyLoaded:1 Bounds:IsValid=true, Min=(X=457.114 Y=2911.587 Z=0.000), Max=(X=685.239 Y=4074.087 Z=296.875) RuntimeGrid:None EditorOnly:0 RuntimeOnly:0 HLODRelevant:1 FolderPath:Playground FolderGuid:C73F09FC4215536B1DCE2A9E0A830C70
 |   |   |- Guid:3B11E7D94F8B05519F41BFB1D4CE4A53 BaseClass: NativeClass:/Script/Engine.DirectionalLight Name:DirectionalLight_0 Label:DirectionalLight SpatiallyLoaded:0 Bounds:IsValid=true, Min=(X=-1048576.000 Y=-1048576.000 Z=-1048576.000), Max=(X=1048576.000 Y=1048576.000 Z=1048576.000) RuntimeGrid:None EditorOnly:0 RuntimeOnly:0 HLODRelevant:0 FolderPath:Lighting FolderGuid:963EC3EB4002CCE9759E2EBA541A873A
 |   |   |- Guid:3F9FE5524132E3865E94CEA56A887705 BaseClass:/Game/WilliamStuff/Ai/ChasingAI/Chasing.Chasing_C NativeClass:/Script/Engine.Character Name:Chasing_C_UAID_04D4C404EDB05E6801_1613919534 Label:Chasing SpatiallyLoaded:1 Bounds:IsValid=true, Min=(X=-725.536 Y=-3797.544 Z=-91.821), Max=(X=1555.018 Y=-1427.951 Z=5569.770) RuntimeGrid:None EditorOnly:0 RuntimeOnly:0 HLODRelevant:0
 |   |   |- Guid:5B312303410951D3C4EB3E811FF8AD34 BaseClass: NativeClass:/Script/Engine.StaticMeshActor Name:StaticMeshActor_UAID_7486E236A1C7E86401_1469360600 Label:SM_Cube7 SpatiallyLoaded:1 Bounds:IsValid=true, Min=(X=1020.000 Y=4910.000 Z=0.000), Max=(X=1120.000 Y=5810.000 Z=400.000) RuntimeGrid:None EditorOnly:0 RuntimeOnly:0 HLODRelevant:1 FolderPath:Playground FolderGuid:C73F09FC4215536B1DCE2A9E0A830C70
 |   |   |- Guid:5C09BF3047FFD18EC2C9618E2EA2DD6C BaseClass: NativeClass:/Script/Engine.SkyAtmosphere Name:SkyAtmosphere_0 Label:SkyAtmosphere SpatiallyLoaded:0 Bounds:IsValid=true, Min=(X=0.000 Y=0.000 Z=1020.000), Max=(X=0.000 Y=0.000 Z=1020.000) RuntimeGrid:None EditorOnly:0 RuntimeOnly:0 HLODRelevant:0 FolderPath:Lighting FolderGuid:963EC3EB4002CCE9759E2EBA541A873A
 |   |   |- Guid:601F5B1442C8326DFA29ABB68FF85A57 BaseClass: NativeClass:/Script/Engine.StaticMeshActor Name:StaticMeshActor_UAID_04D4C404EDB05D6801_1231129352 Label:SM_Cube14 SpatiallyLoaded:1 Bounds:IsValid=true, Min=(X=-76.621 Y=2175.528 Z=-0.000), Max=(X=1085.879 Y=2616.584 Z=215.625) RuntimeGrid:None EditorOnly:0 RuntimeOnly:0 HLODRelevant:1 FolderPath:Playground FolderGuid:C73F09FC4215536B1DCE2A9E0A830C70
 |   |   |- Guid:74A3F8E349BD8B09F845058FEF8EE390 BaseClass: NativeClass:/Script/Engine.TriggerBox Name:TriggerBox_UAID_7486E236A1C7F06401_1245434013 Label:End2DSection2 SpatiallyLoaded:1 Bounds:IsValid=true, Min=(X=67.500 Y=4860.000 Z=-391.250), Max=(X=1032.500 Y=4940.000 Z=451.250) RuntimeGrid:None EditorOnly:0 RuntimeOnly:0 HLODRelevant:0
 |   |   |- Guid:820D50724C886CF4A7F08CB52EC81466 BaseClass: NativeClass:/Script/Engine.PlayerStart Name:PlayerStart_0 Label:PlayerStart SpatiallyLoaded:0 Bounds:IsValid=true, Min=(X=430.000 Y=240.000 Z=0.013), Max=(X=510.000 Y=320.000 Z=184.013) RuntimeGrid:None EditorOnly:0 RuntimeOnly:0 HLODRelevant:0
 |   |   |- Guid:82B5FF974076457F4DAA0399E3A1447D BaseClass: NativeClass:/Script/Engine.TargetPoint Name:TargetPoint_UAID_7486E2362CE2006501_1082234816 Label:TargetPoint2 SpatiallyLoaded:1 Bounds:IsValid=true, Min=(X=450.000 Y=4800.000 Z=100.000), Max=(X=450.000 Y=4800.000 Z=100.000) RuntimeGrid:None EditorOnly:0 RuntimeOnly:0 HLODRelevant:0
 |   |   |- Guid:834DC01D446571106DC8FCA3746AB06A BaseClass: NativeClass:/Script/Engine.StaticMeshActor Name:StaticMeshActor_UAID_7486E236A1C7E76401_1620095415 Label:SM_Cube4 SpatiallyLoaded:1 Bounds:IsValid=true, Min=(X=0.000 Y=100.000 Z=0.000), Max=(X=100.000 Y=1000.000 Z=400.000) RuntimeGrid:None EditorOnly:0 RuntimeOnly:0 HLODRelevant:1 FolderPath:Playground FolderGuid:C73F09FC4215536B1DCE2A9E0A830C70
 |   |   |- Guid:899AC30245F11C27A9FBDB884E1BF923 BaseClass: NativeClass:/Script/Engine.WorldDataLayers Name:WorldDataLayers Label:WorldDataLayers-1 SpatiallyLoaded:0 Bounds:IsValid=true, Min=(X=0.000 Y=0.000 Z=0.000), Max=(X=0.000 Y=0.000 Z=0.000) RuntimeGrid:None EditorOnly:0 RuntimeOnly:0 HLODRelevant:0
 |   |   |- Guid:8AF4A4694BEFE8CFE42A26BEAB73FACF BaseClass: NativeClass:/Script/Engine.StaticMeshActor Name:StaticMeshActor_UAID_7486E236A1C7F16401_1697852194 Label:SM_Cube12 SpatiallyLoaded:1 Bounds:IsValid=true, Min=(X=-3280.000 Y=-4165.000 Z=-140.000), Max=(X=5270.000 Y=10.000 Z=-90.000) RuntimeGrid:None EditorOnly:0 RuntimeOnly:0 HLODRelevant:1 FolderPath:Playground FolderGuid:C73F09FC4215536B1DCE2A9E0A830C70
 |   |   |- Guid:A605D67647AC515C4ACF38B2523965DD BaseClass: NativeClass:/Script/Engine.StaticMeshActor Name:StaticMeshActor_UAID_7486E236A1C7F76401_1145469254 Label:SM_Cube13 SpatiallyLoaded:1 Bounds:IsValid=true, Min=(X=-100.000 Y=208.335 Z=-1900.000), Max=(X=0.000 Y=5870.000 Z=5.791) RuntimeGrid:None EditorOnly:0 RuntimeOnly:0 HLODRelevant:1 FolderPath:Playground FolderGuid:C73F09FC4215536B1DCE2A9E0A830C70
 |   |   |- Guid:A8209B1A408D45C711EB68BA5CD6CA03 BaseClass: NativeClass:/Script/Engine.TargetPoint Name:TargetPoint_UAID_7486E236A1C7EE6401_2106367660 Label:TargetPoint SpatiallyLoaded:1 Bounds:IsValid=true, Min=(X=590.000 Y=-220.000 Z=770.000), Max=(X=590.000 Y=-220.000 Z=770.000) RuntimeGrid:None EditorOnly:0 RuntimeOnly:0 HLODRelevant:0
 |   |   |- Guid:B2C93C8E4578DCFA11AB289F1F43BECD BaseClass: NativeClass:/Script/Engine.StaticMeshActor Name:StaticMeshActor_UAID_04D4C404EDB05D6801_1286418356 Label:SM_Cube18 SpatiallyLoaded:1 Bounds:IsValid=true, Min=(X=761.604 Y=2396.474 Z=0.000), Max=(X=1099.104 Y=2837.530 Z=96.875) RuntimeGrid:None EditorOnly:0 RuntimeOnly:0 HLODRelevant:1 FolderPath:Playground FolderGuid:C73F09FC4215536B1DCE2A9E0A830C70
 |   |   |- Guid:B7B22BB34BDDF71CD649F19B33A34988 BaseClass: NativeClass:/Script/Engine.StaticMeshActor Name:StaticMeshActor_1 Label:SM_Cube SpatiallyLoaded:1 Bounds:IsValid=true, Min=(X=0.000 Y=0.000 Z=-50.000), Max=(X=1125.000 Y=5500.000 Z=0.000) RuntimeGrid:None EditorOnly:0 RuntimeOnly:0 HLODRelevant:1 FolderPath:Playground FolderGuid:C73F09FC4215536B1DCE2A9E0A830C70
 |   |   |- Guid:BBDFF51A4E8BBC3AEEBDB0A2F3D40C4B BaseClass: NativeClass:/Script/Engine.StaticMeshActor Name:StaticMeshActor_UAID_04D4C404EDB05D6801_1275249355 Label:SM_Cube17 SpatiallyLoaded:1 Bounds:IsValid=true, Min=(X=-76.621 Y=2396.474 Z=0.000), Max=(X=260.879 Y=2837.530 Z=96.875) RuntimeGrid:None EditorOnly:0 RuntimeOnly:0 HLODRelevant:1 FolderPath:Playground FolderGuid:C73F09FC4215536B1DCE2A9E0A830C70
 |   |   |- Guid:BEBF694D462D086ADF54448E73003EB3 BaseClass: NativeClass:/Script/Engine.StaticMeshActor Name:StaticMeshActor_UAID_7486E236A1C7E76401_1663003417 Label:InvisWall SpatiallyLoaded:1 Bounds:IsValid=true, Min=(X=1070.000 Y=540.000 Z=0.000), Max=(X=1170.000 Y=4990.000 Z=400.000) RuntimeGrid:None EditorOnly:0 RuntimeOnly:0 HLODRelevant:1 FolderPath:Playground FolderGuid:C73F09FC4215536B1DCE2A9E0A830C70
 |   |   |- Guid:C547DFCB4DBF7A0021C93BA1BC9F838B BaseClass: NativeClass:/Script/Engine.TriggerBox Name:TriggerBox_UAID_7486E236A1C7E86401_1649325601 Label:Start2DSection SpatiallyLoaded:1 Bounds:IsValid=true, Min=(X=67.500 Y=910.000 Z=-391.250), Max=(X=1032.500 Y=990.000 Z=451.250) RuntimeGrid:None EditorOnly:0 RuntimeOnly:0 HLODRelevant:0
 |   |   |- Guid:D16AC6EB43B212AA8E09F18F46EA6A82 BaseClass: NativeClass:/Script/Engine.VolumetricCloud Name:VolumetricCloud_0 Label:VolumetricCloud SpatiallyLoaded:0 Bounds:IsValid=true, Min=(X=0.000 Y=0.000 Z=820.000), Max=(X=0.000 Y=0.000 Z=820.000) RuntimeGrid:None EditorOnly:0 RuntimeOnly:0 HLODRelevant:0 FolderPath:Lighting FolderGuid:963EC3EB4002CCE9759E2EBA541A873A
 |   |   |- Guid:E23578BC46D50C914A60F2ADFA9F9E6E BaseClass: NativeClass:/Script/Engine.StaticMeshActor Name:StaticMeshActor_UAID_7486E236A1C7E76401_1972251419 Label:InvisWall2 SpatiallyLoaded:1 Bounds:IsValid=true, Min=(X=0.000 Y=470.000 Z=0.000), Max=(X=100.000 Y=4920.000 Z=400.000) RuntimeGrid:None EditorOnly:0 RuntimeOnly:0 HLODRelevant:1 FolderPath:Playground FolderGuid:C73F09FC4215536B1DCE2A9E0A830C70
 |   |   |- Guid:E2BE597B4C51B14DE0C1D79817CBF12A BaseClass: NativeClass:/Script/Engine.SkyLight Name:SkyLight_1 Label:SkyLight SpatiallyLoaded:0 Bounds:IsValid=true, Min=(X=0.000 Y=0.000 Z=690.000), Max=(X=0.000 Y=0.000 Z=690.000) RuntimeGrid:None EditorOnly:0 RuntimeOnly:0 HLODRelevant:0 FolderPath:Lighting FolderGuid:963EC3EB4002CCE9759E2EBA541A873A
 |   |   |- Guid:E5AE864840C70EA5D3007389ABDC433C BaseClass: NativeClass:/Script/Engine.StaticMeshActor Name:StaticMeshActor_UAID_7486E236A1C7E86401_1469359599 Label:SM_Cube6 SpatiallyLoaded:1 Bounds:IsValid=true, Min=(X=0.000 Y=4910.000 Z=0.000), Max=(X=100.000 Y=5810.000 Z=400.000) RuntimeGrid:None EditorOnly:0 RuntimeOnly:0 HLODRelevant:1 FolderPath:Playground FolderGuid:C73F09FC4215536B1DCE2A9E0A830C70
 |   |   |- Guid:FB5CFC354B5D05C2A529DAAA6322E8E9 BaseClass: NativeClass:/Script/Engine.StaticMeshActor Name:StaticMeshActor_UAID_A4AE111137DC5EFB00_1110535423 Label:SM_SkySphere SpatiallyLoaded:1 Bounds:IsValid=true, Min=(X=-1638400.000 Y=-1638400.000 Z=-1638400.000), Max=(X=1638400.000 Y=1638400.000 Z=1638400.000) RuntimeGrid:None EditorOnly:0 RuntimeOnly:0 HLODRelevant:1 FolderPath:Lighting FolderGuid:963EC3EB4002CCE9759E2EBA541A873A
 |   |   |- Guid:FBE21C394FC694BBE285E6A2B4130CD3 BaseClass: NativeClass:/Script/Engine.StaticMeshActor Name:StaticMeshActor_6 Label:SM_Cube3 SpatiallyLoaded:1 Bounds:IsValid=true, Min=(X=0.000 Y=5480.000 Z=0.000), Max=(X=1125.000 Y=5580.000 Z=400.000) RuntimeGrid:None EditorOnly:0 RuntimeOnly:0 HLODRelevant:1 FolderPath:Playground FolderGuid:C73F09FC4215536B1DCE2A9E0A830C70
 |   |- [+] Clusters:
 |   |   |- [+] [  0]
 |   |   |   |- Guid:BEBF694D462D086ADF54448E73003EB3 BaseClass: NativeClass:/Script/Engine.StaticMeshActor Name:StaticMeshActor_UAID_7486E236A1C7E76401_1663003417 Label:InvisWall SpatiallyLoaded:1 Bounds:IsValid=true, Min=(X=1070.000 Y=540.000 Z=0.000), Max=(X=1170.000 Y=4990.000 Z=400.000) RuntimeGrid:None EditorOnly:0 RuntimeOnly:0 HLODRelevant:1 FolderPath:Playground FolderGuid:C73F09FC4215536B1DCE2A9E0A830C70
 |   |   |- [+] [  1]
 |   |   |   |- Guid:04E72C8C41CE62756035A3A2E4AEB86A BaseClass: NativeClass:/Script/Engine.StaticMeshActor Name:StaticMeshActor_UAID_04D4C404EDB05D6801_1264035354 Label:SM_Cube16 SpatiallyLoaded:1 Bounds:IsValid=true, Min=(X=-40.794 Y=4248.084 Z=0.000), Max=(X=1121.706 Y=4476.209 Z=403.125) RuntimeGrid:None EditorOnly:0 RuntimeOnly:0 HLODRelevant:1 FolderPath:Playground FolderGuid:C73F09FC4215536B1DCE2A9E0A830C70
 |   |   |- [+] [  2]
 |   |   |   |- Guid:B2C93C8E4578DCFA11AB289F1F43BECD BaseClass: NativeClass:/Script/Engine.StaticMeshActor Name:StaticMeshActor_UAID_04D4C404EDB05D6801_1286418356 Label:SM_Cube18 SpatiallyLoaded:1 Bounds:IsValid=true, Min=(X=761.604 Y=2396.474 Z=0.000), Max=(X=1099.104 Y=2837.530 Z=96.875) RuntimeGrid:None EditorOnly:0 RuntimeOnly:0 HLODRelevant:1 FolderPath:Playground FolderGuid:C73F09FC4215536B1DCE2A9E0A830C70
 |   |   |- [+] [  3]
 |   |   |   |- Guid:E23578BC46D50C914A60F2ADFA9F9E6E BaseClass: NativeClass:/Script/Engine.StaticMeshActor Name:StaticMeshActor_UAID_7486E236A1C7E76401_1972251419 Label:InvisWall2 SpatiallyLoaded:1 Bounds:IsValid=true, Min=(X=0.000 Y=470.000 Z=0.000), Max=(X=100.000 Y=4920.000 Z=400.000) RuntimeGrid:None EditorOnly:0 RuntimeOnly:0 HLODRelevant:1 FolderPath:Playground FolderGuid:C73F09FC4215536B1DCE2A9E0A830C70
 |   |   |- [+] [  4]
 |   |   |   |- Guid:B7B22BB34BDDF71CD649F19B33A34988 BaseClass: NativeClass:/Script/Engine.StaticMeshActor Name:StaticMeshActor_1 Label:SM_Cube SpatiallyLoaded:1 Bounds:IsValid=true, Min=(X=0.000 Y=0.000 Z=-50.000), Max=(X=1125.000 Y=5500.000 Z=0.000) RuntimeGrid:None EditorOnly:0 RuntimeOnly:0 HLODRelevant:1 FolderPath:Playground FolderGuid:C73F09FC4215536B1DCE2A9E0A830C70
 |   |   |- [+] [  5]
 |   |   |   |- Guid:A605D67647AC515C4ACF38B2523965DD BaseClass: NativeClass:/Script/Engine.StaticMeshActor Name:StaticMeshActor_UAID_7486E236A1C7F76401_1145469254 Label:SM_Cube13 SpatiallyLoaded:1 Bounds:IsValid=true, Min=(X=-100.000 Y=208.335 Z=-1900.000), Max=(X=0.000 Y=5870.000 Z=5.791) RuntimeGrid:None EditorOnly:0 RuntimeOnly:0 HLODRelevant:1 FolderPath:Playground FolderGuid:C73F09FC4215536B1DCE2A9E0A830C70
 |   |   |- [+] [  6]
 |   |   |   |- Guid:3F9FE5524132E3865E94CEA56A887705 BaseClass:/Game/WilliamStuff/Ai/ChasingAI/Chasing.Chasing_C NativeClass:/Script/Engine.Character Name:Chasing_C_UAID_04D4C404EDB05E6801_1613919534 Label:Chasing SpatiallyLoaded:1 Bounds:IsValid=true, Min=(X=-725.536 Y=-3797.544 Z=-91.821), Max=(X=1555.018 Y=-1427.951 Z=5569.770) RuntimeGrid:None EditorOnly:0 RuntimeOnly:0 HLODRelevant:0
 |   |   |- [+] [  7]
 |   |   |   |- Guid:834DC01D446571106DC8FCA3746AB06A BaseClass: NativeClass:/Script/Engine.StaticMeshActor Name:StaticMeshActor_UAID_7486E236A1C7E76401_1620095415 Label:SM_Cube4 SpatiallyLoaded:1 Bounds:IsValid=true, Min=(X=0.000 Y=100.000 Z=0.000), Max=(X=100.000 Y=1000.000 Z=400.000) RuntimeGrid:None EditorOnly:0 RuntimeOnly:0 HLODRelevant:1 FolderPath:Playground FolderGuid:C73F09FC4215536B1DCE2A9E0A830C70
 |   |   |- [+] [  8]
 |   |   |   |- Guid:820D50724C886CF4A7F08CB52EC81466 BaseClass: NativeClass:/Script/Engine.PlayerStart Name:PlayerStart_0 Label:PlayerStart SpatiallyLoaded:0 Bounds:IsValid=true, Min=(X=430.000 Y=240.000 Z=0.013), Max=(X=510.000 Y=320.000 Z=184.013) RuntimeGrid:None EditorOnly:0 RuntimeOnly:0 HLODRelevant:0
 |   |   |- [+] [  9]
 |   |   |   |- Guid:255AD83B410C51F03000399BC7F2FE7E BaseClass: NativeClass:/Script/Engine.StaticMeshActor Name:StaticMeshActor_UAID_7486E236A1C7F16401_1224798193 Label:SM_Cube11 SpatiallyLoaded:1 Bounds:IsValid=true, Min=(X=-76.621 Y=1448.944 Z=0.000), Max=(X=1085.879 Y=1890.000 Z=103.009) RuntimeGrid:None EditorOnly:0 RuntimeOnly:0 HLODRelevant:1 FolderPath:Playground FolderGuid:C73F09FC4215536B1DCE2A9E0A830C70
 |   |   |- [+] [ 10]
 |   |   |   |- Guid:D16AC6EB43B212AA8E09F18F46EA6A82 BaseClass: NativeClass:/Script/Engine.VolumetricCloud Name:VolumetricCloud_0 Label:VolumetricCloud SpatiallyLoaded:0 Bounds:IsValid=true, Min=(X=0.000 Y=0.000 Z=820.000), Max=(X=0.000 Y=0.000 Z=820.000) RuntimeGrid:None EditorOnly:0 RuntimeOnly:0 HLODRelevant:0 FolderPath:Lighting FolderGuid:963EC3EB4002CCE9759E2EBA541A873A
 |   |   |- [+] [ 11]
 |   |   |   |- Guid:E2BE597B4C51B14DE0C1D79817CBF12A BaseClass: NativeClass:/Script/Engine.SkyLight Name:SkyLight_1 Label:SkyLight SpatiallyLoaded:0 Bounds:IsValid=true, Min=(X=0.000 Y=0.000 Z=690.000), Max=(X=0.000 Y=0.000 Z=690.000) RuntimeGrid:None EditorOnly:0 RuntimeOnly:0 HLODRelevant:0 FolderPath:Lighting FolderGuid:963EC3EB4002CCE9759E2EBA541A873A
 |   |   |- [+] [ 12]
 |   |   |   |- Guid:82B5FF974076457F4DAA0399E3A1447D BaseClass: NativeClass:/Script/Engine.TargetPoint Name:TargetPoint_UAID_7486E2362CE2006501_1082234816 Label:TargetPoint2 SpatiallyLoaded:1 Bounds:IsValid=true, Min=(X=450.000 Y=4800.000 Z=100.000), Max=(X=450.000 Y=4800.000 Z=100.000) RuntimeGrid:None EditorOnly:0 RuntimeOnly:0 HLODRelevant:0
 |   |   |- [+] [ 13]
 |   |   |   |- Guid:10D25C2E476F0AA6ABF53CA17EA6B5FB BaseClass: NativeClass:/Script/Engine.StaticMeshActor Name:StaticMeshActor_UAID_04D4C404EDB05C6801_2120382175 Label:SM_Cube8 SpatiallyLoaded:1 Bounds:IsValid=true, Min=(X=80.368 Y=103.732 Z=-0.000), Max=(X=1030.631 Y=206.267 Z=400.000) RuntimeGrid:None EditorOnly:0 RuntimeOnly:0 HLODRelevant:1 FolderPath:Playground FolderGuid:C73F09FC4215536B1DCE2A9E0A830C70
 |   |   |- [+] [ 14]
 |   |   |   |- Guid:5B312303410951D3C4EB3E811FF8AD34 BaseClass: NativeClass:/Script/Engine.StaticMeshActor Name:StaticMeshActor_UAID_7486E236A1C7E86401_1469360600 Label:SM_Cube7 SpatiallyLoaded:1 Bounds:IsValid=true, Min=(X=1020.000 Y=4910.000 Z=0.000), Max=(X=1120.000 Y=5810.000 Z=400.000) RuntimeGrid:None EditorOnly:0 RuntimeOnly:0 HLODRelevant:1 FolderPath:Playground FolderGuid:C73F09FC4215536B1DCE2A9E0A830C70
 |   |   |- [+] [ 15]
 |   |   |   |- Guid:899AC30245F11C27A9FBDB884E1BF923 BaseClass: NativeClass:/Script/Engine.WorldDataLayers Name:WorldDataLayers Label:WorldDataLayers-1 SpatiallyLoaded:0 Bounds:IsValid=true, Min=(X=0.000 Y=0.000 Z=0.000), Max=(X=0.000 Y=0.000 Z=0.000) RuntimeGrid:None EditorOnly:0 RuntimeOnly:0 HLODRelevant:0
 |   |   |- [+] [ 16]
 |   |   |   |- Guid:5C09BF3047FFD18EC2C9618E2EA2DD6C BaseClass: NativeClass:/Script/Engine.SkyAtmosphere Name:SkyAtmosphere_0 Label:SkyAtmosphere SpatiallyLoaded:0 Bounds:IsValid=true, Min=(X=0.000 Y=0.000 Z=1020.000), Max=(X=0.000 Y=0.000 Z=1020.000) RuntimeGrid:None EditorOnly:0 RuntimeOnly:0 HLODRelevant:0 FolderPath:Lighting FolderGuid:963EC3EB4002CCE9759E2EBA541A873A
 |   |   |- [+] [ 17]
 |   |   |   |- Guid:74A3F8E349BD8B09F845058FEF8EE390 BaseClass: NativeClass:/Script/Engine.TriggerBox Name:TriggerBox_UAID_7486E236A1C7F06401_1245434013 Label:End2DSection2 SpatiallyLoaded:1 Bounds:IsValid=true, Min=(X=67.500 Y=4860.000 Z=-391.250), Max=(X=1032.500 Y=4940.000 Z=451.250) RuntimeGrid:None EditorOnly:0 RuntimeOnly:0 HLODRelevant:0
 |   |   |- [+] [ 18]
 |   |   |   |- Guid:601F5B1442C8326DFA29ABB68FF85A57 BaseClass: NativeClass:/Script/Engine.StaticMeshActor Name:StaticMeshActor_UAID_04D4C404EDB05D6801_1231129352 Label:SM_Cube14 SpatiallyLoaded:1 Bounds:IsValid=true, Min=(X=-76.621 Y=2175.528 Z=-0.000), Max=(X=1085.879 Y=2616.584 Z=215.625) RuntimeGrid:None EditorOnly:0 RuntimeOnly:0 HLODRelevant:1 FolderPath:Playground FolderGuid:C73F09FC4215536B1DCE2A9E0A830C70
 |   |   |- [+] [ 19]
 |   |   |   |- Guid:FB5CFC354B5D05C2A529DAAA6322E8E9 BaseClass: NativeClass:/Script/Engine.StaticMeshActor Name:StaticMeshActor_UAID_A4AE111137DC5EFB00_1110535423 Label:SM_SkySphere SpatiallyLoaded:1 Bounds:IsValid=true, Min=(X=-1638400.000 Y=-1638400.000 Z=-1638400.000), Max=(X=1638400.000 Y=1638400.000 Z=1638400.000) RuntimeGrid:None EditorOnly:0 RuntimeOnly:0 HLODRelevant:1 FolderPath:Lighting FolderGuid:963EC3EB4002CCE9759E2EBA541A873A
 |   |   |- [+] [ 20]
 |   |   |   |- Guid:31D28C79429839800B51E584CA751DBE BaseClass: NativeClass:/Script/Engine.ExponentialHeightFog Name:ExponentialHeightFog_0 Label:ExponentialHeightFog SpatiallyLoaded:0 Bounds:IsValid=true, Min=(X=-5600.000 Y=-50.000 Z=-6850.000), Max=(X=-5600.000 Y=-50.000 Z=-6850.000) RuntimeGrid:None EditorOnly:0 RuntimeOnly:0 HLODRelevant:0 FolderPath:Lighting FolderGuid:963EC3EB4002CCE9759E2EBA541A873A
 |   |   |- [+] [ 21]
 |   |   |   |- Guid:8AF4A4694BEFE8CFE42A26BEAB73FACF BaseClass: NativeClass:/Script/Engine.StaticMeshActor Name:StaticMeshActor_UAID_7486E236A1C7F16401_1697852194 Label:SM_Cube12 SpatiallyLoaded:1 Bounds:IsValid=true, Min=(X=-3280.000 Y=-4165.000 Z=-140.000), Max=(X=5270.000 Y=10.000 Z=-90.000) RuntimeGrid:None EditorOnly:0 RuntimeOnly:0 HLODRelevant:1 FolderPath:Playground FolderGuid:C73F09FC4215536B1DCE2A9E0A830C70
 |   |   |- [+] [ 22]
 |   |   |   |- Guid:E5AE864840C70EA5D3007389ABDC433C BaseClass: NativeClass:/Script/Engine.StaticMeshActor Name:StaticMeshActor_UAID_7486E236A1C7E86401_1469359599 Label:SM_Cube6 SpatiallyLoaded:1 Bounds:IsValid=true, Min=(X=0.000 Y=4910.000 Z=0.000), Max=(X=100.000 Y=5810.000 Z=400.000) RuntimeGrid:None EditorOnly:0 RuntimeOnly:0 HLODRelevant:1 FolderPath:Playground FolderGuid:C73F09FC4215536B1DCE2A9E0A830C70
 |   |   |- [+] [ 23]
 |   |   |   |- Guid:A8209B1A408D45C711EB68BA5CD6CA03 BaseClass: NativeClass:/Script/Engine.TargetPoint Name:TargetPoint_UAID_7486E236A1C7EE6401_2106367660 Label:TargetPoint SpatiallyLoaded:1 Bounds:IsValid=true, Min=(X=590.000 Y=-220.000 Z=770.000), Max=(X=590.000 Y=-220.000 Z=770.000) RuntimeGrid:None EditorOnly:0 RuntimeOnly:0 HLODRelevant:0
 |   |   |- [+] [ 24]
 |   |   |   |- Guid:FBE21C394FC694BBE285E6A2B4130CD3 BaseClass: NativeClass:/Script/Engine.StaticMeshActor Name:StaticMeshActor_6 Label:SM_Cube3 SpatiallyLoaded:1 Bounds:IsValid=true, Min=(X=0.000 Y=5480.000 Z=0.000), Max=(X=1125.000 Y=5580.000 Z=400.000) RuntimeGrid:None EditorOnly:0 RuntimeOnly:0 HLODRelevant:1 FolderPath:Playground FolderGuid:C73F09FC4215536B1DCE2A9E0A830C70
 |   |   |- [+] [ 25]
 |   |   |   |- Guid:056D2B8B4980024980D555A26407ABD0 BaseClass: NativeClass:/Script/Engine.StaticMeshActor Name:StaticMeshActor_UAID_7486E236A1C7E76401_1641856416 Label:SM_Cube5 SpatiallyLoaded:1 Bounds:IsValid=true, Min=(X=1020.000 Y=100.000 Z=0.000), Max=(X=1120.000 Y=1000.000 Z=400.000) RuntimeGrid:None EditorOnly:0 RuntimeOnly:0 HLODRelevant:1 FolderPath:Playground FolderGuid:C73F09FC4215536B1DCE2A9E0A830C70
 |   |   |- [+] [ 26]
 |   |   |   |- Guid:345637194D5D60D4A75068BE3693DD4B BaseClass: NativeClass:/Script/Engine.StaticMeshActor Name:StaticMeshActor_UAID_04D4C404EDB05D6801_1243278353 Label:SM_Cube15 SpatiallyLoaded:1 Bounds:IsValid=true, Min=(X=457.114 Y=2911.587 Z=0.000), Max=(X=685.239 Y=4074.087 Z=296.875) RuntimeGrid:None EditorOnly:0 RuntimeOnly:0 HLODRelevant:1 FolderPath:Playground FolderGuid:C73F09FC4215536B1DCE2A9E0A830C70
 |   |   |- [+] [ 27]
 |   |   |   |- Guid:C547DFCB4DBF7A0021C93BA1BC9F838B BaseClass: NativeClass:/Script/Engine.TriggerBox Name:TriggerBox_UAID_7486E236A1C7E86401_1649325601 Label:Start2DSection SpatiallyLoaded:1 Bounds:IsValid=true, Min=(X=67.500 Y=910.000 Z=-391.250), Max=(X=1032.500 Y=990.000 Z=451.250) RuntimeGrid:None EditorOnly:0 RuntimeOnly:0 HLODRelevant:0
 |   |   |- [+] [ 28]
 |   |   |   |- Guid:3B11E7D94F8B05519F41BFB1D4CE4A53 BaseClass: NativeClass:/Script/Engine.DirectionalLight Name:DirectionalLight_0 Label:DirectionalLight SpatiallyLoaded:0 Bounds:IsValid=true, Min=(X=-1048576.000 Y=-1048576.000 Z=-1048576.000), Max=(X=1048576.000 Y=1048576.000 Z=1048576.000) RuntimeGrid:None EditorOnly:0 RuntimeOnly:0 HLODRelevant:0 FolderPath:Lighting FolderGuid:963EC3EB4002CCE9759E2EBA541A873A
 |   |   |- [+] [ 29]
 |   |   |   |- Guid:BBDFF51A4E8BBC3AEEBDB0A2F3D40C4B BaseClass: NativeClass:/Script/Engine.StaticMeshActor Name:StaticMeshActor_UAID_04D4C404EDB05D6801_1275249355 Label:SM_Cube17 SpatiallyLoaded:1 Bounds:IsValid=true, Min=(X=-76.621 Y=2396.474 Z=0.000), Max=(X=260.879 Y=2837.530 Z=96.875) RuntimeGrid:None EditorOnly:0 RuntimeOnly:0 HLODRelevant:1 FolderPath:Playground FolderGuid:C73F09FC4215536B1DCE2A9E0A830C70
 |- ContainerInstances:
 |- [+] MainContainer:
 |   |-        ID: 0x0000000000000000
 |   |-    Bounds: IsValid=false, Min=(X=0.000 Y=0.000 Z=0.000), Max=(X=0.000 Y=0.000 Z=0.000)
 |   |- Transform: 0.000000,0.000000,0.000000|0.000000,0.000000,-0.000000|1.000000,1.000000,1.000000
 |   |- Container: /Game/WilliamStuff/Levels/ChaseSceneTest
----------------------------------------------------------------------------------------------------------------
ChaseSceneTest - Persistent Level
----------------------------------------------------------------------------------------------------------------
Always loaded Actor Count: 40 

----------------------------------------------------------------------------------------------------------------
ChaseSceneTest - Runtime Spatial Hash - Streaming Grid - MainGrid
----------------------------------------------------------------------------------------------------------------
            Origin: X=0.000 Y=0.000 Z=0.000
         Cell Size: 12800
      World Bounds: IsValid=false, Min=(X=0.000 Y=0.000 Z=0.000), Max=(X=0.000 Y=0.000 Z=0.000)
     Loading Range: 25600.00
Block Slow Loading: No
 ClientOnlyVisible: No

[+] Grid Levels: 1
 |- Level  0: Cell Count    0 | Cell Size   12800 | Actor Count    0 (0.0%)

[+] Content of Grid Level 0

